20:19:53 **** Incremental Build of configuration Debug for project The Const Keyword ****
make all 
Building file: ../src/The Const Keyword.cpp
Invoking: Cross G++ Compiler
g++ -O0 -g3 -Wall -c -fmessage-length=0 -MMD -MP -MF"src/The Const Keyword.d" -MT"src/The\ Const\ Keyword.d" -o "src/The Const Keyword.o" "../src/The Const Keyword.cpp"
Finished building: ../src/The Const Keyword.cpp
 
Building target: The Const Keyword
Invoking: Cross G++ Linker
g++  -o "The Const Keyword"  ./src/The\ Const\ Keyword.o   
Finished building target: The Const Keyword
 
20:19:56 **** Incremental Build of configuration Debug for project The Const Keyword ****
make all 
make: Nothing to be done for 'all'.
20:20:14 **** Incremental Build of configuration Debug for project The Const Keyword ****
make all 
Building file: ../src/The Const Keyword.cpp
Invoking: Cross G++ Compiler
g++ -O0 -g3 -Wall -c -fmessage-length=0 -MMD -MP -MF"src/The Const Keyword.d" -MT"src/The\ Const\ Keyword.d" -o "src/The Const Keyword.o" "../src/The Const Keyword.cpp"
../src/The Const Keyword.cpp: In function ‘int main()’:
../src/The Const Keyword.cpp:26:8: error: assignment of read-only variable ‘value’
  value = 10;
        ^
src/subdir.mk:18: recipe for target 'src/The Const Keyword.o' failed
make: *** [src/The Const Keyword.o] Error 1
20:23:19 **** Incremental Build of configuration Debug for project The Const Keyword ****
make all 
Building file: ../src/The Const Keyword.cpp
Invoking: Cross G++ Compiler
g++ -O0 -g3 -Wall -c -fmessage-length=0 -MMD -MP -MF"src/The Const Keyword.d" -MT"src/The\ Const\ Keyword.d" -o "src/The Const Keyword.o" "../src/The Const Keyword.cpp"
Finished building: ../src/The Const Keyword.cpp
 
Building target: The Const Keyword
Invoking: Cross G++ Linker
g++  -o "The Const Keyword"  ./src/The\ Const\ Keyword.o   
Finished building target: The Const Keyword
 
20:24:16 **** Incremental Build of configuration Debug for project The Const Keyword ****
make all 
Building file: ../src/The Const Keyword.cpp
Invoking: Cross G++ Compiler
g++ -O0 -g3 -Wall -c -fmessage-length=0 -MMD -MP -MF"src/The Const Keyword.d" -MT"src/The\ Const\ Keyword.d" -o "src/The Const Keyword.o" "../src/The Const Keyword.cpp"
Finished building: ../src/The Const Keyword.cpp
 
Building target: The Const Keyword
Invoking: Cross G++ Linker
g++  -o "The Const Keyword"  ./src/The\ Const\ Keyword.o   
Finished building target: The Const Keyword
 
20:25:57 **** Incremental Build of configuration Debug for project The Const Keyword ****
make all 
Building file: ../src/The Const Keyword.cpp
Invoking: Cross G++ Compiler
g++ -O0 -g3 -Wall -c -fmessage-length=0 -MMD -MP -MF"src/The Const Keyword.d" -MT"src/The\ Const\ Keyword.d" -o "src/The Const Keyword.o" "../src/The Const Keyword.cpp"
Finished building: ../src/The Const Keyword.cpp
 
Building target: The Const Keyword
Invoking: Cross G++ Linker
g++  -o "The Const Keyword"  ./src/The\ Const\ Keyword.o   
Finished building target: The Const Keyword
 
20:27:12 **** Incremental Build of configuration Debug for project The Const Keyword ****
make all 
Building file: ../src/The Const Keyword.cpp
Invoking: Cross G++ Compiler
g++ -O0 -g3 -Wall -c -fmessage-length=0 -MMD -MP -MF"src/The Const Keyword.d" -MT"src/The\ Const\ Keyword.d" -o "src/The Const Keyword.o" "../src/The Const Keyword.cpp"
Finished building: ../src/The Const Keyword.cpp
 
Building target: The Const Keyword
Invoking: Cross G++ Linker
g++  -o "The Const Keyword"  ./src/The\ Const\ Keyword.o   
Finished building target: The Const Keyword
 
20:27:32 **** Incremental Build of configuration Debug for project The Const Keyword ****
make all 
Building file: ../src/The Const Keyword.cpp
Invoking: Cross G++ Compiler
g++ -O0 -g3 -Wall -c -fmessage-length=0 -MMD -MP -MF"src/The Const Keyword.d" -MT"src/The\ Const\ Keyword.d" -o "src/The Const Keyword.o" "../src/The Const Keyword.cpp"
Finished building: ../src/The Const Keyword.cpp
 
Building target: The Const Keyword
Invoking: Cross G++ Linker
g++  -o "The Const Keyword"  ./src/The\ Const\ Keyword.o   
Finished building target: The Const Keyword
 
20:29:52 **** Incremental Build of configuration Debug for project The Const Keyword ****
make all 
Building file: ../src/The Const Keyword.cpp
Invoking: Cross G++ Compiler
g++ -O0 -g3 -Wall -c -fmessage-length=0 -MMD -MP -MF"src/The Const Keyword.d" -MT"src/The\ Const\ Keyword.d" -o "src/The Const Keyword.o" "../src/The Const Keyword.cpp"
../src/The Const Keyword.cpp: In function ‘int main()’:
../src/The Const Keyword.cpp:40:10: error: assignment of read-only location ‘* pValue’
  *pValue = 12;
          ^
src/subdir.mk:18: recipe for target 'src/The Const Keyword.o' failed
make: *** [src/The Const Keyword.o] Error 1
20:30:01 **** Incremental Build of configuration Debug for project The Const Keyword ****
make all 
Building file: ../src/The Const Keyword.cpp
Invoking: Cross G++ Compiler
g++ -O0 -g3 -Wall -c -fmessage-length=0 -MMD -MP -MF"src/The Const Keyword.d" -MT"src/The\ Const\ Keyword.d" -o "src/The Const Keyword.o" "../src/The Const Keyword.cpp"
Finished building: ../src/The Const Keyword.cpp
 
Building target: The Const Keyword
Invoking: Cross G++ Linker
g++  -o "The Const Keyword"  ./src/The\ Const\ Keyword.o   
Finished building target: The Const Keyword
 
15:40:30 **** Build of configuration Debug for project Copy Constructors ****
make all 
Building file: ../src/Copy Constructors.cpp
Invoking: Cross G++ Compiler
g++ -O0 -g3 -Wall -c -fmessage-length=0 -MMD -MP -MF"src/Copy Constructors.d" -MT"src/Copy\ Constructors.d" -o "src/Copy Constructors.o" "../src/Copy Constructors.cpp"
Finished building: ../src/Copy Constructors.cpp
 
Building target: Copy Constructors
Invoking: Cross G++ Linker
g++  -o "Copy Constructors"  ./src/Copy\ Constructors.o   
Finished building target: Copy Constructors
 
15:40:37 **** Incremental Build of configuration Debug for project Copy Constructors ****
make all 
Building file: ../src/Copy Constructors.cpp
Invoking: Cross G++ Compiler
g++ -O0 -g3 -Wall -c -fmessage-length=0 -MMD -MP -MF"src/Copy Constructors.d" -MT"src/Copy\ Constructors.d" -o "src/Copy Constructors.o" "../src/Copy Constructors.cpp"
Finished building: ../src/Copy Constructors.cpp
 
Building target: Copy Constructors
Invoking: Cross G++ Linker
g++  -o "Copy Constructors"  ./src/Copy\ Constructors.o   
Finished building target: Copy Constructors
 
15:41:53 **** Incremental Build of configuration Debug for project Copy Constructors ****
make all 
Building file: ../src/Copy Constructors.cpp
Invoking: Cross G++ Compiler
g++ -O0 -g3 -Wall -c -fmessage-length=0 -MMD -MP -MF"src/Copy Constructors.d" -MT"src/Copy\ Constructors.d" -o "src/Copy Constructors.o" "../src/Copy Constructors.cpp"
Finished building: ../src/Copy Constructors.cpp
 
Building target: Copy Constructors
Invoking: Cross G++ Linker
g++  -o "Copy Constructors"  ./src/Copy\ Constructors.o   
Finished building target: Copy Constructors
 
15:42:14 **** Incremental Build of configuration Debug for project Copy Constructors ****
make all 
Building file: ../src/Copy Constructors.cpp
Invoking: Cross G++ Compiler
g++ -O0 -g3 -Wall -c -fmessage-length=0 -MMD -MP -MF"src/Copy Constructors.d" -MT"src/Copy\ Constructors.d" -o "src/Copy Constructors.o" "../src/Copy Constructors.cpp"
Finished building: ../src/Copy Constructors.cpp
 
Building target: Copy Constructors
Invoking: Cross G++ Linker
g++  -o "Copy Constructors"  ./src/Copy\ Constructors.o   
Finished building target: Copy Constructors
 
15:42:53 **** Incremental Build of configuration Debug for project Copy Constructors ****
make all 
Building file: ../src/Copy Constructors.cpp
Invoking: Cross G++ Compiler
g++ -O0 -g3 -Wall -c -fmessage-length=0 -MMD -MP -MF"src/Copy Constructors.d" -MT"src/Copy\ Constructors.d" -o "src/Copy Constructors.o" "../src/Copy Constructors.cpp"
Finished building: ../src/Copy Constructors.cpp
 
Building target: Copy Constructors
Invoking: Cross G++ Linker
g++  -o "Copy Constructors"  ./src/Copy\ Constructors.o   
Finished building target: Copy Constructors
 
15:44:23 **** Incremental Build of configuration Debug for project Copy Constructors ****
make all 
Building file: ../src/Copy Constructors.cpp
Invoking: Cross G++ Compiler
g++ -O0 -g3 -Wall -c -fmessage-length=0 -MMD -MP -MF"src/Copy Constructors.d" -MT"src/Copy\ Constructors.d" -o "src/Copy Constructors.o" "../src/Copy Constructors.cpp"
../src/Copy Constructors.cpp:19:15: error: ‘animal’ does not name a type
  Animal(const animal& other) {
               ^
src/subdir.mk:18: recipe for target 'src/Copy Constructors.o' failed
make: *** [src/Copy Constructors.o] Error 1
15:44:35 **** Incremental Build of configuration Debug for project Copy Constructors ****
make all 
Building file: ../src/Copy Constructors.cpp
Invoking: Cross G++ Compiler
g++ -O0 -g3 -Wall -c -fmessage-length=0 -MMD -MP -MF"src/Copy Constructors.d" -MT"src/Copy\ Constructors.d" -o "src/Copy Constructors.o" "../src/Copy Constructors.cpp"
Finished building: ../src/Copy Constructors.cpp
 
Building target: Copy Constructors
Invoking: Cross G++ Linker
g++  -o "Copy Constructors"  ./src/Copy\ Constructors.o   
Finished building target: Copy Constructors
 
15:45:20 **** Incremental Build of configuration Debug for project Copy Constructors ****
make all 
Building file: ../src/Copy Constructors.cpp
Invoking: Cross G++ Compiler
g++ -O0 -g3 -Wall -c -fmessage-length=0 -MMD -MP -MF"src/Copy Constructors.d" -MT"src/Copy\ Constructors.d" -o "src/Copy Constructors.o" "../src/Copy Constructors.cpp"
Finished building: ../src/Copy Constructors.cpp
 
Building target: Copy Constructors
Invoking: Cross G++ Linker
g++  -o "Copy Constructors"  ./src/Copy\ Constructors.o   
Finished building target: Copy Constructors
 
15:45:39 **** Incremental Build of configuration Debug for project Copy Constructors ****
make all 
Building file: ../src/Copy Constructors.cpp
Invoking: Cross G++ Compiler
g++ -O0 -g3 -Wall -c -fmessage-length=0 -MMD -MP -MF"src/Copy Constructors.d" -MT"src/Copy\ Constructors.d" -o "src/Copy Constructors.o" "../src/Copy Constructors.cpp"
Finished building: ../src/Copy Constructors.cpp
 
Building target: Copy Constructors
Invoking: Cross G++ Linker
g++  -o "Copy Constructors"  ./src/Copy\ Constructors.o   
Finished building target: Copy Constructors
 
15:46:16 **** Incremental Build of configuration Debug for project Copy Constructors ****
make all 
Building file: ../src/Copy Constructors.cpp
Invoking: Cross G++ Compiler
g++ -O0 -g3 -Wall -c -fmessage-length=0 -MMD -MP -MF"src/Copy Constructors.d" -MT"src/Copy\ Constructors.d" -o "src/Copy Constructors.o" "../src/Copy Constructors.cpp"
Finished building: ../src/Copy Constructors.cpp
 
Building target: Copy Constructors
Invoking: Cross G++ Linker
g++  -o "Copy Constructors"  ./src/Copy\ Constructors.o   
Finished building target: Copy Constructors
 
15:48:34 **** Incremental Build of configuration Debug for project Copy Constructors ****
make all 
Building file: ../src/Copy Constructors.cpp
Invoking: Cross G++ Compiler
g++ -O0 -g3 -Wall -c -fmessage-length=0 -MMD -MP -MF"src/Copy Constructors.d" -MT"src/Copy\ Constructors.d" -o "src/Copy Constructors.o" "../src/Copy Constructors.cpp"
Finished building: ../src/Copy Constructors.cpp
 
Building target: Copy Constructors
Invoking: Cross G++ Linker
g++  -o "Copy Constructors"  ./src/Copy\ Constructors.o   
Finished building target: Copy Constructors
 
15:48:50 **** Incremental Build of configuration Debug for project Copy Constructors ****
make all 
Building file: ../src/Copy Constructors.cpp
Invoking: Cross G++ Compiler
g++ -O0 -g3 -Wall -c -fmessage-length=0 -MMD -MP -MF"src/Copy Constructors.d" -MT"src/Copy\ Constructors.d" -o "src/Copy Constructors.o" "../src/Copy Constructors.cpp"
Finished building: ../src/Copy Constructors.cpp
 
Building target: Copy Constructors
Invoking: Cross G++ Linker
g++  -o "Copy Constructors"  ./src/Copy\ Constructors.o   
Finished building target: Copy Constructors
 
15:59:05 **** Build of configuration Debug for project The New Operator ****
make all 
Building file: ../src/The New Operator.cpp
Invoking: Cross G++ Compiler
g++ -O0 -g3 -Wall -c -fmessage-length=0 -MMD -MP -MF"src/The New Operator.d" -MT"src/The\ New\ Operator.d" -o "src/The New Operator.o" "../src/The New Operator.cpp"
../src/The New Operator.cpp: In function ‘Animal* createAnimal()’:
../src/The New Operator.cpp:26:1: warning: no return statement in function returning non-void [-Wreturn-type]
 }
 ^
Finished building: ../src/The New Operator.cpp
 
Building target: The New Operator
Invoking: Cross G++ Linker
g++  -o "The New Operator"  ./src/The\ New\ Operator.o   
Finished building target: The New Operator
 
15:59:09 **** Incremental Build of configuration Debug for project The New Operator ****
make all 
make: Nothing to be done for 'all'.
17:08:25 **** Incremental Build of configuration Debug for project The New Operator ****
make all 
Building file: ../src/The New Operator.cpp
Invoking: Cross G++ Compiler
g++ -O0 -g3 -Wall -c -fmessage-length=0 -MMD -MP -MF"src/The New Operator.d" -MT"src/The\ New\ Operator.d" -o "src/The New Operator.o" "../src/The New Operator.cpp"
Finished building: ../src/The New Operator.cpp
 
Building target: The New Operator
Invoking: Cross G++ Linker
g++  -o "The New Operator"  ./src/The\ New\ Operator.o   
Finished building target: The New Operator
 
17:08:27 **** Incremental Build of configuration Debug for project The New Operator ****
make all 
make: Nothing to be done for 'all'.
17:11:36 **** Incremental Build of configuration Debug for project The New Operator ****
make all 
Building file: ../src/The New Operator.cpp
Invoking: Cross G++ Compiler
g++ -O0 -g3 -Wall -c -fmessage-length=0 -MMD -MP -MF"src/The New Operator.d" -MT"src/The\ New\ Operator.d" -o "src/The New Operator.o" "../src/The New Operator.cpp"
Finished building: ../src/The New Operator.cpp
 
Building target: The New Operator
Invoking: Cross G++ Linker
g++  -o "The New Operator"  ./src/The\ New\ Operator.o   
Finished building target: The New Operator
 
17:13:13 **** Incremental Build of configuration Debug for project The New Operator ****
make all 
Building file: ../src/The New Operator.cpp
Invoking: Cross G++ Compiler
g++ -O0 -g3 -Wall -c -fmessage-length=0 -MMD -MP -MF"src/The New Operator.d" -MT"src/The\ New\ Operator.d" -o "src/The New Operator.o" "../src/The New Operator.cpp"
Finished building: ../src/The New Operator.cpp
 
Building target: The New Operator
Invoking: Cross G++ Linker
g++  -o "The New Operator"  ./src/The\ New\ Operator.o   
Finished building target: The New Operator
 
17:18:09 **** Build of configuration Debug for project Return Object from Functions ****
make all 
Building file: ../src/Return Object from Functions.cpp
Invoking: Cross G++ Compiler
g++ -O0 -g3 -Wall -c -fmessage-length=0 -MMD -MP -MF"src/Return Object from Functions.d" -MT"src/Return\ Object\ from\ Functions.d" -o "src/Return Object from Functions.o" "../src/Return Object from Functions.cpp"
../src/Return Object from Functions.cpp: In member function ‘void Animal::setName(std::__cxx11::string)’:
../src/Return Object from Functions.cpp:19:46: error: expected ‘;’ before ‘}’ token
  void setName(string name) {this->name = name};
                                              ^
make: *** [src/Return Object from Functions.o] Error 1
src/subdir.mk:18: recipe for target 'src/Return Object from Functions.o' failed
17:18:31 **** Incremental Build of configuration Debug for project Return Object from Functions ****
make all 
Building file: ../src/Return Object from Functions.cpp
Invoking: Cross G++ Compiler
g++ -O0 -g3 -Wall -c -fmessage-length=0 -MMD -MP -MF"src/Return Object from Functions.d" -MT"src/Return\ Object\ from\ Functions.d" -o "src/Return Object from Functions.o" "../src/Return Object from Functions.cpp"
../src/Return Object from Functions.cpp: In member function ‘void Animal::setName(std::__cxx11::string)’:
../src/Return Object from Functions.cpp:19:46: error: expected ‘;’ before ‘}’ token
  void setName(string name) {this->name = name}
                                              ^
src/subdir.mk:18: recipe for target 'src/Return Object from Functions.o' failed
make: *** [src/Return Object from Functions.o] Error 1
17:18:45 **** Incremental Build of configuration Debug for project Return Object from Functions ****
make all 
Building file: ../src/Return Object from Functions.cpp
Invoking: Cross G++ Compiler
g++ -O0 -g3 -Wall -c -fmessage-length=0 -MMD -MP -MF"src/Return Object from Functions.d" -MT"src/Return\ Object\ from\ Functions.d" -o "src/Return Object from Functions.o" "../src/Return Object from Functions.cpp"
Finished building: ../src/Return Object from Functions.cpp
 
Building target: Return Object from Functions
Invoking: Cross G++ Linker
g++  -o "Return Object from Functions"  ./src/Return\ Object\ from\ Functions.o   
Finished building target: Return Object from Functions
 
17:18:48 **** Incremental Build of configuration Debug for project Return Object from Functions ****
make all 
make: Nothing to be done for 'all'.
17:20:26 **** Incremental Build of configuration Debug for project Return Object from Functions ****
make all 
Building file: ../src/Return Object from Functions.cpp
Invoking: Cross G++ Compiler
g++ -O0 -g3 -Wall -c -fmessage-length=0 -MMD -MP -MF"src/Return Object from Functions.d" -MT"src/Return\ Object\ from\ Functions.d" -o "src/Return Object from Functions.o" "../src/Return Object from Functions.cpp"
Finished building: ../src/Return Object from Functions.cpp
 
Building target: Return Object from Functions
Invoking: Cross G++ Linker
g++  -o "Return Object from Functions"  ./src/Return\ Object\ from\ Functions.o   
Finished building target: Return Object from Functions
 
17:25:15 **** Incremental Build of configuration Debug for project Return Object from Functions ****
make all 
Building file: ../src/Return Object from Functions.cpp
Invoking: Cross G++ Compiler
g++ -O0 -g3 -Wall -c -fmessage-length=0 -MMD -MP -MF"src/Return Object from Functions.d" -MT"src/Return\ Object\ from\ Functions.d" -o "src/Return Object from Functions.o" "../src/Return Object from Functions.cpp"
Finished building: ../src/Return Object from Functions.cpp
 
Building target: Return Object from Functions
Invoking: Cross G++ Linker
g++  -o "Return Object from Functions"  ./src/Return\ Object\ from\ Functions.o   
Finished building target: Return Object from Functions
 
17:25:45 **** Incremental Build of configuration Debug for project Return Object from Functions ****
make all 
Building file: ../src/Return Object from Functions.cpp
Invoking: Cross G++ Compiler
g++ -O0 -g3 -Wall -c -fmessage-length=0 -MMD -MP -MF"src/Return Object from Functions.d" -MT"src/Return\ Object\ from\ Functions.d" -o "src/Return Object from Functions.o" "../src/Return Object from Functions.cpp"
Finished building: ../src/Return Object from Functions.cpp
 
Building target: Return Object from Functions
Invoking: Cross G++ Linker
g++  -o "Return Object from Functions"  ./src/Return\ Object\ from\ Functions.o   
Finished building target: Return Object from Functions
 
17:26:01 **** Incremental Build of configuration Debug for project Return Object from Functions ****
make all 
Building file: ../src/Return Object from Functions.cpp
Invoking: Cross G++ Compiler
g++ -O0 -g3 -Wall -c -fmessage-length=0 -MMD -MP -MF"src/Return Object from Functions.d" -MT"src/Return\ Object\ from\ Functions.d" -o "src/Return Object from Functions.o" "../src/Return Object from Functions.cpp"
Finished building: ../src/Return Object from Functions.cpp
 
Building target: Return Object from Functions
Invoking: Cross G++ Linker
g++  -o "Return Object from Functions"  ./src/Return\ Object\ from\ Functions.o   
Finished building target: Return Object from Functions
 
17:43:29 **** Build of configuration Debug for project Allocating Memory ****
make all 
Building file: ../src/Allocating Memory.cpp
Invoking: Cross G++ Compiler
g++ -O0 -g3 -Wall -c -fmessage-length=0 -MMD -MP -MF"src/Allocating Memory.d" -MT"src/Allocating\ Memory.d" -o "src/Allocating Memory.o" "../src/Allocating Memory.cpp"
Finished building: ../src/Allocating Memory.cpp
 
Building target: Allocating Memory
Invoking: Cross G++ Linker
g++  -o "Allocating Memory"  ./src/Allocating\ Memory.o   
Finished building target: Allocating Memory
 
17:43:40 **** Incremental Build of configuration Debug for project Allocating Memory ****
make all 
Building file: ../src/Allocating Memory.cpp
Invoking: Cross G++ Compiler
g++ -O0 -g3 -Wall -c -fmessage-length=0 -MMD -MP -MF"src/Allocating Memory.d" -MT"src/Allocating\ Memory.d" -o "src/Allocating Memory.o" "../src/Allocating Memory.cpp"
Finished building: ../src/Allocating Memory.cpp
 
Building target: Allocating Memory
Invoking: Cross G++ Linker
g++  -o "Allocating Memory"  ./src/Allocating\ Memory.o   
Finished building target: Allocating Memory
 
17:44:33 **** Incremental Build of configuration Debug for project Allocating Memory ****
make all 
Building file: ../src/Allocating Memory.cpp
Invoking: Cross G++ Compiler
g++ -O0 -g3 -Wall -c -fmessage-length=0 -MMD -MP -MF"src/Allocating Memory.d" -MT"src/Allocating\ Memory.d" -o "src/Allocating Memory.o" "../src/Allocating Memory.cpp"
Finished building: ../src/Allocating Memory.cpp
 
Building target: Allocating Memory
Invoking: Cross G++ Linker
g++  -o "Allocating Memory"  ./src/Allocating\ Memory.o   
Finished building target: Allocating Memory
 
17:45:53 **** Incremental Build of configuration Debug for project Allocating Memory ****
make all 
Building file: ../src/Allocating Memory.cpp
Invoking: Cross G++ Compiler
g++ -O0 -g3 -Wall -c -fmessage-length=0 -MMD -MP -MF"src/Allocating Memory.d" -MT"src/Allocating\ Memory.d" -o "src/Allocating Memory.o" "../src/Allocating Memory.cpp"
Finished building: ../src/Allocating Memory.cpp
 
Building target: Allocating Memory
Invoking: Cross G++ Linker
g++  -o "Allocating Memory"  ./src/Allocating\ Memory.o   
Finished building target: Allocating Memory
 
17:46:14 **** Incremental Build of configuration Debug for project Allocating Memory ****
make all 
Building file: ../src/Allocating Memory.cpp
Invoking: Cross G++ Compiler
g++ -O0 -g3 -Wall -c -fmessage-length=0 -MMD -MP -MF"src/Allocating Memory.d" -MT"src/Allocating\ Memory.d" -o "src/Allocating Memory.o" "../src/Allocating Memory.cpp"
Finished building: ../src/Allocating Memory.cpp
 
Building target: Allocating Memory
Invoking: Cross G++ Linker
g++  -o "Allocating Memory"  ./src/Allocating\ Memory.o   
Finished building target: Allocating Memory
 
17:55:15 **** Build of configuration Debug for project Arrays and Functions ****
make all 
Building file: ../src/Arrays and Functions.cpp
Invoking: Cross G++ Compiler
g++ -O0 -g3 -Wall -c -fmessage-length=0 -MMD -MP -MF"src/Arrays and Functions.d" -MT"src/Arrays\ and\ Functions.d" -o "src/Arrays and Functions.o" "../src/Arrays and Functions.cpp"
Finished building: ../src/Arrays and Functions.cpp
 
Building target: Arrays and Functions
Invoking: Cross G++ Linker
g++  -o "Arrays and Functions"  ./src/Arrays\ and\ Functions.o   
Finished building target: Arrays and Functions
 
17:55:22 **** Incremental Build of configuration Debug for project Arrays and Functions ****
make all 
Building file: ../src/Arrays and Functions.cpp
Invoking: Cross G++ Compiler
g++ -O0 -g3 -Wall -c -fmessage-length=0 -MMD -MP -MF"src/Arrays and Functions.d" -MT"src/Arrays\ and\ Functions.d" -o "src/Arrays and Functions.o" "../src/Arrays and Functions.cpp"
../src/Arrays and Functions.cpp: In function ‘void showOne(std::__cxx11::string*)’:
../src/Arrays and Functions.cpp:13:22: warning: ‘sizeof’ on array function parameter ‘texts’ will return size of ‘std::__cxx11::string* {aka std::__cxx11::basic_string<char>*}’ [-Wsizeof-array-argument]
  cout << sizeof(texts) << endl;
                      ^
../src/Arrays and Functions.cpp:12:27: note: declared here
 void showOne(string texts[]) {
                           ^
Finished building: ../src/Arrays and Functions.cpp
 
Building target: Arrays and Functions
Invoking: Cross G++ Linker
g++  -o "Arrays and Functions"  ./src/Arrays\ and\ Functions.o   
Finished building target: Arrays and Functions
 
17:57:10 **** Incremental Build of configuration Debug for project Arrays and Functions ****
make all 
Building file: ../src/Arrays and Functions.cpp
Invoking: Cross G++ Compiler
g++ -O0 -g3 -Wall -c -fmessage-length=0 -MMD -MP -MF"src/Arrays and Functions.d" -MT"src/Arrays\ and\ Functions.d" -o "src/Arrays and Functions.o" "../src/Arrays and Functions.cpp"
../src/Arrays and Functions.cpp: In function ‘void showOne(std::__cxx11::string*)’:
../src/Arrays and Functions.cpp:13:22: warning: ‘sizeof’ on array function parameter ‘texts’ will return size of ‘std::__cxx11::string* {aka std::__cxx11::basic_string<char>*}’ [-Wsizeof-array-argument]
  cout << sizeof(texts) << endl;
                      ^
../src/Arrays and Functions.cpp:12:27: note: declared here
 void showOne(string texts[]) {
                           ^
Finished building: ../src/Arrays and Functions.cpp
 
Building target: Arrays and Functions
Invoking: Cross G++ Linker
g++  -o "Arrays and Functions"  ./src/Arrays\ and\ Functions.o   
Finished building target: Arrays and Functions
 
18:03:18 **** Incremental Build of configuration Debug for project Arrays and Functions ****
make all 
Building file: ../src/Arrays and Functions.cpp
Invoking: Cross G++ Compiler
g++ -O0 -g3 -Wall -c -fmessage-length=0 -MMD -MP -MF"src/Arrays and Functions.d" -MT"src/Arrays\ and\ Functions.d" -o "src/Arrays and Functions.o" "../src/Arrays and Functions.cpp"
../src/Arrays and Functions.cpp: In function ‘void showThree(std::__cxx11::string (&)[3])’:
../src/Arrays and Functions.cpp:31:19: warning: comparison between signed and unsigned integer expressions [-Wsign-compare]
  for(int i = 0; i < sizeof(texts)/sizeof(string); i++) {
                   ^
Finished building: ../src/Arrays and Functions.cpp
 
Building target: Arrays and Functions
Invoking: Cross G++ Linker
g++  -o "Arrays and Functions"  ./src/Arrays\ and\ Functions.o   
Finished building target: Arrays and Functions
 
18:08:37 **** Incremental Build of configuration Debug for project Arrays and Functions ****
make all 
Building file: ../src/Arrays and Functions.cpp
Invoking: Cross G++ Compiler
g++ -O0 -g3 -Wall -c -fmessage-length=0 -MMD -MP -MF"src/Arrays and Functions.d" -MT"src/Arrays\ and\ Functions.d" -o "src/Arrays and Functions.o" "../src/Arrays and Functions.cpp"
../src/Arrays and Functions.cpp: In function ‘void showThree(std::__cxx11::string (&)[3])’:
../src/Arrays and Functions.cpp:31:19: warning: comparison between signed and unsigned integer expressions [-Wsign-compare]
  for(int i = 0; i < sizeof(texts)/sizeof(string); i++) {
                   ^
Finished building: ../src/Arrays and Functions.cpp
 
Building target: Arrays and Functions
Invoking: Cross G++ Linker
g++  -o "Arrays and Functions"  ./src/Arrays\ and\ Functions.o   
Finished building target: Arrays and Functions
 
18:09:13 **** Incremental Build of configuration Debug for project Arrays and Functions ****
make all 
Building file: ../src/Arrays and Functions.cpp
Invoking: Cross G++ Compiler
g++ -O0 -g3 -Wall -c -fmessage-length=0 -MMD -MP -MF"src/Arrays and Functions.d" -MT"src/Arrays\ and\ Functions.d" -o "src/Arrays and Functions.o" "../src/Arrays and Functions.cpp"
../src/Arrays and Functions.cpp: In function ‘void showThree(std::__cxx11::string (&)[3])’:
../src/Arrays and Functions.cpp:31:19: warning: comparison between signed and unsigned integer expressions [-Wsign-compare]
  for(int i = 0; i < sizeof(texts)/sizeof(string); i++) {
                   ^
Finished building: ../src/Arrays and Functions.cpp
 
Building target: Arrays and Functions
Invoking: Cross G++ Linker
g++  -o "Arrays and Functions"  ./src/Arrays\ and\ Functions.o   
Finished building target: Arrays and Functions
 
21:30:37 **** Build of configuration Debug for project Namespace ****
make all 
Building file: ../src/Cat.cpp
Invoking: Cross G++ Compiler
g++ -O0 -g3 -Wall -c -fmessage-length=0 -MMD -MP -MF"src/Cat.d" -MT"src/Cat.d" -o "src/Cat.o" "../src/Cat.cpp"
Finished building: ../src/Cat.cpp
 
Building file: ../src/Namespace.cpp
Invoking: Cross G++ Compiler
g++ -O0 -g3 -Wall -c -fmessage-length=0 -MMD -MP -MF"src/Namespace.d" -MT"src/Namespace.d" -o "src/Namespace.o" "../src/Namespace.cpp"
Finished building: ../src/Namespace.cpp
 
Building target: Namespace
Invoking: Cross G++ Linker
g++  -o "Namespace"  ./src/Cat.o ./src/Namespace.o   
Finished building target: Namespace
 
21:30:56 **** Incremental Build of configuration Debug for project Namespace ****
make all 
Building file: ../src/Namespace.cpp
Invoking: Cross G++ Compiler
g++ -O0 -g3 -Wall -c -fmessage-length=0 -MMD -MP -MF"src/Namespace.d" -MT"src/Namespace.d" -o "src/Namespace.o" "../src/Namespace.cpp"
../src/Namespace.cpp: In function ‘int main()’:
../src/Namespace.cpp:13:2: error: ‘Cat’ was not declared in this scope
  Cat cat;
  ^
src/subdir.mk:21: recipe for target 'src/Namespace.o' failed
../src/Namespace.cpp:14:2: error: ‘cat’ was not declared in this scope
  cat.speak();
  ^
make: *** [src/Namespace.o] Error 1
21:31:31 **** Incremental Build of configuration Debug for project Namespace ****
make all 
Building file: ../src/Namespace.cpp
Invoking: Cross G++ Compiler
g++ -O0 -g3 -Wall -c -fmessage-length=0 -MMD -MP -MF"src/Namespace.d" -MT"src/Namespace.d" -o "src/Namespace.o" "../src/Namespace.cpp"
Finished building: ../src/Namespace.cpp
 
Building target: Namespace
Invoking: Cross G++ Linker
g++  -o "Namespace"  ./src/Cat.o ./src/Namespace.o   
Finished building target: Namespace
 
21:35:49 **** Incremental Build of configuration Debug for project Namespace ****
make all 
Building file: ../src/Aniamls.cpp
Invoking: Cross G++ Compiler
g++ -O0 -g3 -Wall -c -fmessage-length=0 -MMD -MP -MF"src/Aniamls.d" -MT"src/Aniamls.d" -o "src/Aniamls.o" "../src/Aniamls.cpp"
Finished building: ../src/Aniamls.cpp
 
Building target: Namespace
Invoking: Cross G++ Linker
g++  -o "Namespace"  ./src/Aniamls.o ./src/Cat.o ./src/Namespace.o   
Finished building target: Namespace
 
21:37:35 **** Incremental Build of configuration Debug for project Namespace ****
make all 
Building file: ../src/Cat.cpp
Invoking: Cross G++ Compiler
g++ -O0 -g3 -Wall -c -fmessage-length=0 -MMD -MP -MF"src/Cat.d" -MT"src/Cat.d" -o "src/Cat.o" "../src/Cat.cpp"
Finished building: ../src/Cat.cpp
 
Building file: ../src/Namespace.cpp
Invoking: Cross G++ Compiler
g++ -O0 -g3 -Wall -c -fmessage-length=0 -MMD -MP -MF"src/Namespace.d" -MT"src/Namespace.d" -o "src/Namespace.o" "../src/Namespace.cpp"
Finished building: ../src/Namespace.cpp
 
Building target: Namespace
Invoking: Cross G++ Linker
g++  -o "Namespace"  ./src/Aniamls.o ./src/Cat.o ./src/Namespace.o   
Finished building target: Namespace
 
21:37:43 **** Incremental Build of configuration Debug for project Namespace ****
make all 
Building file: ../src/Namespace.cpp
Invoking: Cross G++ Compiler
g++ -O0 -g3 -Wall -c -fmessage-length=0 -MMD -MP -MF"src/Namespace.d" -MT"src/Namespace.d" -o "src/Namespace.o" "../src/Namespace.cpp"
../src/Namespace.cpp:14:17: error: ‘ht’ is not a namespace-name
 using namespace ht;
                 ^
../src/Namespace.cpp:14:19: error: expected namespace-name before ‘;’ token
 using namespace ht;
                   ^
../src/Namespace.cpp: In function ‘int main()’:
../src/Namespace.cpp:17:2: error: ‘Cat’ was not declared in this scope
  Cat cat;
  ^
../src/Namespace.cpp:17:2: note: suggested alternative:
In file included from ../src/Namespace.cpp:10:0:
../src/Cat.h:13:7: note:   ‘cats::Cat’
src/subdir.mk:24: recipe for target 'src/Namespace.o' failed
 class Cat {
       ^
../src/Namespace.cpp:18:2: error: ‘cat’ was not declared in this scope
  cat.speak();
  ^
make: *** [src/Namespace.o] Error 1
21:38:03 **** Incremental Build of configuration Debug for project Namespace ****
make all 
Building file: ../src/Namespace.cpp
Invoking: Cross G++ Compiler
g++ -O0 -g3 -Wall -c -fmessage-length=0 -MMD -MP -MF"src/Namespace.d" -MT"src/Namespace.d" -o "src/Namespace.o" "../src/Namespace.cpp"
Finished building: ../src/Namespace.cpp
 
Building target: Namespace
Invoking: Cross G++ Linker
g++  -o "Namespace"  ./src/Aniamls.o ./src/Cat.o ./src/Namespace.o   
Finished building target: Namespace
 
21:39:17 **** Incremental Build of configuration Debug for project Namespace ****
make all 
Building file: ../src/Namespace.cpp
Invoking: Cross G++ Compiler
g++ -O0 -g3 -Wall -c -fmessage-length=0 -MMD -MP -MF"src/Namespace.d" -MT"src/Namespace.d" -o "src/Namespace.o" "../src/Namespace.cpp"
Finished building: ../src/Namespace.cpp
 
Building target: Namespace
Invoking: Cross G++ Linker
g++  -o "Namespace"  ./src/Aniamls.o ./src/Cat.o ./src/Namespace.o   
Finished building target: Namespace
 
21:39:55 **** Incremental Build of configuration Debug for project Namespace ****
make all 
Building file: ../src/Namespace.cpp
Invoking: Cross G++ Compiler
g++ -O0 -g3 -Wall -c -fmessage-length=0 -MMD -MP -MF"src/Namespace.d" -MT"src/Namespace.d" -o "src/Namespace.o" "../src/Namespace.cpp"
Finished building: ../src/Namespace.cpp
 
Building target: Namespace
Invoking: Cross G++ Linker
g++  -o "Namespace"  ./src/Aniamls.o ./src/Cat.o ./src/Namespace.o   
Finished building target: Namespace
 
21:40:56 **** Incremental Build of configuration Debug for project Namespace ****
make all 
Building file: ../src/Cat.cpp
Invoking: Cross G++ Compiler
g++ -O0 -g3 -Wall -c -fmessage-length=0 -MMD -MP -MF"src/Cat.d" -MT"src/Cat.d" -o "src/Cat.o" "../src/Cat.cpp"
In file included from ../src/Cat.cpp:8:0:
../src/Cat.h:15:7: error: ‘catName’ does not name a type
 const catName = "Freddy";
       ^
src/subdir.mk:24: recipe for target 'src/Cat.o' failed
make: *** [src/Cat.o] Error 1
21:41:38 **** Incremental Build of configuration Debug for project Namespace ****
make all 
Building file: ../src/Cat.cpp
Invoking: Cross G++ Compiler
g++ -O0 -g3 -Wall -c -fmessage-length=0 -MMD -MP -MF"src/Cat.d" -MT"src/Cat.d" -o "src/Cat.o" "../src/Cat.cpp"
Finished building: ../src/Cat.cpp
 
Building file: ../src/Namespace.cpp
Invoking: Cross G++ Compiler
g++ -O0 -g3 -Wall -c -fmessage-length=0 -MMD -MP -MF"src/Namespace.d" -MT"src/Namespace.d" -o "src/Namespace.o" "../src/Namespace.cpp"
Finished building: ../src/Namespace.cpp
 
Building target: Namespace
Invoking: Cross G++ Linker
g++  -o "Namespace"  ./src/Aniamls.o ./src/Cat.o ./src/Namespace.o   
Finished building target: Namespace
 
21:43:26 **** Incremental Build of configuration Debug for project Namespace ****
make all 
Building file: ../src/Aniamls.cpp
Invoking: Cross G++ Compiler
g++ -O0 -g3 -Wall -c -fmessage-length=0 -MMD -MP -MF"src/Aniamls.d" -MT"src/Aniamls.d" -o "src/Aniamls.o" "../src/Aniamls.cpp"
In file included from ../src/Aniamls.cpp:8:0:
../src/Animals.h:18:1: error: expected ‘,’ or ‘;’ before ‘class’
 class Cat {
 ^
../src/Aniamls.cpp:12:1: error: ‘Cat’ does not name a type
 Cat::Cat() {
 ^
../src/Aniamls.cpp:17:1: error: ‘Cat’ does not name a type
 Cat::~Cat() {
 ^
../src/Aniamls.cpp:21:6: error: ‘Cat’ has not been declared
 void Cat::speak() {
      ^
make: *** [src/Aniamls.o] Error 1
src/subdir.mk:24: recipe for target 'src/Aniamls.o' failed
21:44:08 **** Incremental Build of configuration Debug for project Namespace ****
make all 
Building file: ../src/Aniamls.cpp
Invoking: Cross G++ Compiler
g++ -O0 -g3 -Wall -c -fmessage-length=0 -MMD -MP -MF"src/Aniamls.d" -MT"src/Aniamls.d" -o "src/Aniamls.o" "../src/Aniamls.cpp"
Finished building: ../src/Aniamls.cpp
 
Building file: ../src/Cat.cpp
Invoking: Cross G++ Compiler
g++ -O0 -g3 -Wall -c -fmessage-length=0 -MMD -MP -MF"src/Cat.d" -MT"src/Cat.d" -o "src/Cat.o" "../src/Cat.cpp"
Finished building: ../src/Cat.cpp
 
Building file: ../src/Namespace.cpp
Invoking: Cross G++ Compiler
g++ -O0 -g3 -Wall -c -fmessage-length=0 -MMD -MP -MF"src/Namespace.d" -MT"src/Namespace.d" -o "src/Namespace.o" "../src/Namespace.cpp"
Finished building: ../src/Namespace.cpp
 
Building target: Namespace
Invoking: Cross G++ Linker
g++  -o "Namespace"  ./src/Aniamls.o ./src/Cat.o ./src/Namespace.o   
Finished building target: Namespace
 
21:44:48 **** Incremental Build of configuration Debug for project Namespace ****
make all 
Building file: ../src/Namespace.cpp
Invoking: Cross G++ Compiler
g++ -O0 -g3 -Wall -c -fmessage-length=0 -MMD -MP -MF"src/Namespace.d" -MT"src/Namespace.d" -o "src/Namespace.o" "../src/Namespace.cpp"
../src/Namespace.cpp: In function ‘int main()’:
../src/Namespace.cpp:28:10: error: ‘catName’ was not declared in this scope
  cout << catName << endl;
          ^
../src/Namespace.cpp:28:10: note: suggested alternatives:
In file included from ../src/Namespace.cpp:10:0:
../src/Cat.h:16:14: note:   ‘cats::catName’
 const string catName = "Freddy";
              ^
In file included from ../src/Namespace.cpp:11:0:
../src/Animals.h:16:14: note:   ‘ht::catName’
 const string catName = "Fiddles";
              ^
make: *** [src/Namespace.o] Error 1
src/subdir.mk:24: recipe for target 'src/Namespace.o' failed
21:45:07 **** Incremental Build of configuration Debug for project Namespace ****
make all 
Building file: ../src/Namespace.cpp
Invoking: Cross G++ Compiler
g++ -O0 -g3 -Wall -c -fmessage-length=0 -MMD -MP -MF"src/Namespace.d" -MT"src/Namespace.d" -o "src/Namespace.o" "../src/Namespace.cpp"
Finished building: ../src/Namespace.cpp
 
Building target: Namespace
Invoking: Cross G++ Linker
g++  -o "Namespace"  ./src/Aniamls.o ./src/Cat.o ./src/Namespace.o   
Finished building target: Namespace
 
21:48:49 **** Build of configuration Debug for project Inheritance ****
make all 
Building file: ../src/Inheritance.cpp
Invoking: Cross G++ Compiler
g++ -O0 -g3 -Wall -c -fmessage-length=0 -MMD -MP -MF"src/Inheritance.d" -MT"src/Inheritance.d" -o "src/Inheritance.o" "../src/Inheritance.cpp"
../src/Inheritance.cpp:15:1: error: expected ‘;’ after class definition
 }
 ^
src/subdir.mk:18: recipe for target 'src/Inheritance.o' failed
make: *** [src/Inheritance.o] Error 1
21:48:58 **** Incremental Build of configuration Debug for project Inheritance ****
make all 
Building file: ../src/Inheritance.cpp
Invoking: Cross G++ Compiler
g++ -O0 -g3 -Wall -c -fmessage-length=0 -MMD -MP -MF"src/Inheritance.d" -MT"src/Inheritance.d" -o "src/Inheritance.o" "../src/Inheritance.cpp"
../src/Inheritance.cpp:15:1: error: expected ‘;’ after class definition
 }
 ^
make: *** [src/Inheritance.o] Error 1
src/subdir.mk:18: recipe for target 'src/Inheritance.o' failed
21:49:30 **** Incremental Build of configuration Debug for project Inheritance ****
make all 
Building file: ../src/Inheritance.cpp
Invoking: Cross G++ Compiler
g++ -O0 -g3 -Wall -c -fmessage-length=0 -MMD -MP -MF"src/Inheritance.d" -MT"src/Inheritance.d" -o "src/Inheritance.o" "../src/Inheritance.cpp"
Finished building: ../src/Inheritance.cpp
 
Building target: Inheritance
Invoking: Cross G++ Linker
g++  -o "Inheritance"  ./src/Inheritance.o   
Finished building target: Inheritance
 
21:49:33 **** Incremental Build of configuration Debug for project Inheritance ****
make all 
make: Nothing to be done for 'all'.
21:50:33 **** Incremental Build of configuration Debug for project Inheritance ****
make all 
Building file: ../src/Inheritance.cpp
Invoking: Cross G++ Compiler
g++ -O0 -g3 -Wall -c -fmessage-length=0 -MMD -MP -MF"src/Inheritance.d" -MT"src/Inheritance.d" -o "src/Inheritance.o" "../src/Inheritance.cpp"
Finished building: ../src/Inheritance.cpp
 
Building target: Inheritance
Invoking: Cross G++ Linker
g++  -o "Inheritance"  ./src/Inheritance.o   
Finished building target: Inheritance
 
21:51:14 **** Incremental Build of configuration Debug for project Inheritance ****
make all 
Building file: ../src/Inheritance.cpp
Invoking: Cross G++ Compiler
g++ -O0 -g3 -Wall -c -fmessage-length=0 -MMD -MP -MF"src/Inheritance.d" -MT"src/Inheritance.d" -o "src/Inheritance.o" "../src/Inheritance.cpp"
Finished building: ../src/Inheritance.cpp
 
Building target: Inheritance
Invoking: Cross G++ Linker
g++  -o "Inheritance"  ./src/Inheritance.o   
Finished building target: Inheritance
 
21:53:11 **** Incremental Build of configuration Debug for project Inheritance ****
make all 
Building file: ../src/Inheritance.cpp
Invoking: Cross G++ Compiler
g++ -O0 -g3 -Wall -c -fmessage-length=0 -MMD -MP -MF"src/Inheritance.d" -MT"src/Inheritance.d" -o "src/Inheritance.o" "../src/Inheritance.cpp"
../src/Inheritance.cpp: In function ‘int main()’:
../src/Inheritance.cpp:36:17: error: invalid use of non-static member function
  tiger.attacking;
                 ^
make: *** [src/Inheritance.o] Error 1
src/subdir.mk:18: recipe for target 'src/Inheritance.o' failed
21:53:18 **** Incremental Build of configuration Debug for project Inheritance ****
make all 
Building file: ../src/Inheritance.cpp
Invoking: Cross G++ Compiler
g++ -O0 -g3 -Wall -c -fmessage-length=0 -MMD -MP -MF"src/Inheritance.d" -MT"src/Inheritance.d" -o "src/Inheritance.o" "../src/Inheritance.cpp"
Finished building: ../src/Inheritance.cpp
 
Building target: Inheritance
Invoking: Cross G++ Linker
g++  -o "Inheritance"  ./src/Inheritance.o   
Finished building target: Inheritance
 
21:57:01 **** Build of configuration Debug for project Encapsulation ****
make all 
Building file: ../src/Encapsulation.cpp
Invoking: Cross G++ Compiler
g++ -O0 -g3 -Wall -c -fmessage-length=0 -MMD -MP -MF"src/Encapsulation.d" -MT"src/Encapsulation.d" -o "src/Encapsulation.o" "../src/Encapsulation.cpp"
Finished building: ../src/Encapsulation.cpp
 
Building target: Encapsulation
Invoking: Cross G++ Linker
g++  -o "Encapsulation"  ./src/Encapsulation.o   
Finished building target: Encapsulation
 
21:57:05 **** Incremental Build of configuration Debug for project Encapsulation ****
make all 
make: Nothing to be done for 'all'.
21:58:22 **** Incremental Build of configuration Debug for project Encapsulation ****
make all 
Building file: ../src/Encapsulation.cpp
Invoking: Cross G++ Compiler
g++ -O0 -g3 -Wall -c -fmessage-length=0 -MMD -MP -MF"src/Encapsulation.d" -MT"src/Encapsulation.d" -o "src/Encapsulation.o" "../src/Encapsulation.cpp"
Finished building: ../src/Encapsulation.cpp
 
Building target: Encapsulation
Invoking: Cross G++ Linker
g++  -o "Encapsulation"  ./src/Encapsulation.o   
Finished building target: Encapsulation
 
22:00:04 **** Incremental Build of configuration Debug for project Encapsulation ****
make all 
Building file: ../src/Encapsulation.cpp
Invoking: Cross G++ Compiler
g++ -O0 -g3 -Wall -c -fmessage-length=0 -MMD -MP -MF"src/Encapsulation.d" -MT"src/Encapsulation.d" -o "src/Encapsulation.o" "../src/Encapsulation.cpp"
../src/Encapsulation.cpp: In function ‘int main()’:
../src/Encapsulation.cpp:24:11: error: invalid use of non-static member function
  frog.info;
           ^
make: *** [src/Encapsulation.o] Error 1
src/subdir.mk:18: recipe for target 'src/Encapsulation.o' failed
22:00:11 **** Incremental Build of configuration Debug for project Encapsulation ****
make all 
Building file: ../src/Encapsulation.cpp
Invoking: Cross G++ Compiler
g++ -O0 -g3 -Wall -c -fmessage-length=0 -MMD -MP -MF"src/Encapsulation.d" -MT"src/Encapsulation.d" -o "src/Encapsulation.o" "../src/Encapsulation.cpp"
Finished building: ../src/Encapsulation.cpp
 
Building target: Encapsulation
Invoking: Cross G++ Linker
g++  -o "Encapsulation"  ./src/Encapsulation.o   
Finished building target: Encapsulation
 
22:00:45 **** Incremental Build of configuration Debug for project Encapsulation ****
make all 
Building file: ../src/Encapsulation.cpp
Invoking: Cross G++ Compiler
g++ -O0 -g3 -Wall -c -fmessage-length=0 -MMD -MP -MF"src/Encapsulation.d" -MT"src/Encapsulation.d" -o "src/Encapsulation.o" "../src/Encapsulation.cpp"
Finished building: ../src/Encapsulation.cpp
 
Building target: Encapsulation
Invoking: Cross G++ Linker
g++  -o "Encapsulation"  ./src/Encapsulation.o   
Finished building target: Encapsulation
 
22:06:22 **** Build of configuration Debug for project Constructor Inheritance ****
make all 
Building file: ../src/Constructor Inheritance.cpp
Invoking: Cross G++ Compiler
g++ -O0 -g3 -Wall -c -fmessage-length=0 -MMD -MP -MF"src/Constructor Inheritance.d" -MT"src/Constructor\ Inheritance.d" -o "src/Constructor Inheritance.o" "../src/Constructor Inheritance.cpp"
../src/Constructor Inheritance.cpp:15:1: error: expected ‘;’ after class definition
 }
 ^
make: *** [src/Constructor Inheritance.o] Error 1
src/subdir.mk:18: recipe for target 'src/Constructor Inheritance.o' failed
22:06:29 **** Incremental Build of configuration Debug for project Constructor Inheritance ****
make all 
Building file: ../src/Constructor Inheritance.cpp
Invoking: Cross G++ Compiler
g++ -O0 -g3 -Wall -c -fmessage-length=0 -MMD -MP -MF"src/Constructor Inheritance.d" -MT"src/Constructor\ Inheritance.d" -o "src/Constructor Inheritance.o" "../src/Constructor Inheritance.cpp"
Finished building: ../src/Constructor Inheritance.cpp
 
Building target: Constructor Inheritance
Invoking: Cross G++ Linker
g++  -o "Constructor Inheritance"  ./src/Constructor\ Inheritance.o   
Finished building target: Constructor Inheritance
 
22:06:32 **** Incremental Build of configuration Debug for project Constructor Inheritance ****
make all 
make: Nothing to be done for 'all'.
22:08:33 **** Incremental Build of configuration Debug for project Constructor Inheritance ****
make all 
Building file: ../src/Constructor Inheritance.cpp
Invoking: Cross G++ Compiler
g++ -O0 -g3 -Wall -c -fmessage-length=0 -MMD -MP -MF"src/Constructor Inheritance.d" -MT"src/Constructor\ Inheritance.d" -o "src/Constructor Inheritance.o" "../src/Constructor Inheritance.cpp"
Finished building: ../src/Constructor Inheritance.cpp
 
Building target: Constructor Inheritance
Invoking: Cross G++ Linker
g++  -o "Constructor Inheritance"  ./src/Constructor\ Inheritance.o   
Finished building target: Constructor Inheritance
 
22:10:13 **** Incremental Build of configuration Debug for project Constructor Inheritance ****
make all 
Building file: ../src/Constructor Inheritance.cpp
Invoking: Cross G++ Compiler
g++ -O0 -g3 -Wall -c -fmessage-length=0 -MMD -MP -MF"src/Constructor Inheritance.d" -MT"src/Constructor\ Inheritance.d" -o "src/Constructor Inheritance.o" "../src/Constructor Inheritance.cpp"
Finished building: ../src/Constructor Inheritance.cpp
 
Building target: Constructor Inheritance
Invoking: Cross G++ Linker
g++  -o "Constructor Inheritance"  ./src/Constructor\ Inheritance.o   
Finished building target: Constructor Inheritance
 
22:10:29 **** Incremental Build of configuration Debug for project Constructor Inheritance ****
make all 
Building file: ../src/Constructor Inheritance.cpp
Invoking: Cross G++ Compiler
g++ -O0 -g3 -Wall -c -fmessage-length=0 -MMD -MP -MF"src/Constructor Inheritance.d" -MT"src/Constructor\ Inheritance.d" -o "src/Constructor Inheritance.o" "../src/Constructor Inheritance.cpp"
Finished building: ../src/Constructor Inheritance.cpp
 
Building target: Constructor Inheritance
Invoking: Cross G++ Linker
g++  -o "Constructor Inheritance"  ./src/Constructor\ Inheritance.o   
Finished building target: Constructor Inheritance
 
22:10:36 **** Incremental Build of configuration Debug for project Constructor Inheritance ****
make all 
Building file: ../src/Constructor Inheritance.cpp
Invoking: Cross G++ Compiler
g++ -O0 -g3 -Wall -c -fmessage-length=0 -MMD -MP -MF"src/Constructor Inheritance.d" -MT"src/Constructor\ Inheritance.d" -o "src/Constructor Inheritance.o" "../src/Constructor Inheritance.cpp"
Finished building: ../src/Constructor Inheritance.cpp
 
Building target: Constructor Inheritance
Invoking: Cross G++ Linker
g++  -o "Constructor Inheritance"  ./src/Constructor\ Inheritance.o   
Finished building target: Constructor Inheritance
 
22:12:39 **** Incremental Build of configuration Debug for project Constructor Inheritance ****
make all 
Building file: ../src/Constructor Inheritance.cpp
Invoking: Cross G++ Compiler
g++ -O0 -g3 -Wall -c -fmessage-length=0 -MMD -MP -MF"src/Constructor Inheritance.d" -MT"src/Constructor\ Inheritance.d" -o "src/Constructor Inheritance.o" "../src/Constructor Inheritance.cpp"
Finished building: ../src/Constructor Inheritance.cpp
 
Building target: Constructor Inheritance
Invoking: Cross G++ Linker
g++  -o "Constructor Inheritance"  ./src/Constructor\ Inheritance.o   
Finished building target: Constructor Inheritance
 
22:17:19 **** Incremental Build of configuration Debug for project Constructor Inheritance ****
make all 
Building file: ../src/Constructor Inheritance.cpp
Invoking: Cross G++ Compiler
g++ -O0 -g3 -Wall -c -fmessage-length=0 -MMD -MP -MF"src/Constructor Inheritance.d" -MT"src/Constructor\ Inheritance.d" -o "src/Constructor Inheritance.o" "../src/Constructor Inheritance.cpp"
../src/Constructor Inheritance.cpp: In constructor ‘Car::Car(int)’:
../src/Constructor Inheritance.cpp:30:15: error: type ‘Machine’ is not a direct base of ‘Car’
  Car(int id): Machine(id) {cout << "Car parameterized constructor called" << endl;}
               ^
make: *** [src/Constructor Inheritance.o] Error 1
src/subdir.mk:18: recipe for target 'src/Constructor Inheritance.o' failed
22:17:53 **** Incremental Build of configuration Debug for project Constructor Inheritance ****
make all 
Building file: ../src/Constructor Inheritance.cpp
Invoking: Cross G++ Compiler
g++ -O0 -g3 -Wall -c -fmessage-length=0 -MMD -MP -MF"src/Constructor Inheritance.d" -MT"src/Constructor\ Inheritance.d" -o "src/Constructor Inheritance.o" "../src/Constructor Inheritance.cpp"
Finished building: ../src/Constructor Inheritance.cpp
 
Building target: Constructor Inheritance
Invoking: Cross G++ Linker
g++  -o "Constructor Inheritance"  ./src/Constructor\ Inheritance.o   
Finished building target: Constructor Inheritance
 
22:18:10 **** Incremental Build of configuration Debug for project Constructor Inheritance ****
make all 
Building file: ../src/Constructor Inheritance.cpp
Invoking: Cross G++ Compiler
g++ -O0 -g3 -Wall -c -fmessage-length=0 -MMD -MP -MF"src/Constructor Inheritance.d" -MT"src/Constructor\ Inheritance.d" -o "src/Constructor Inheritance.o" "../src/Constructor Inheritance.cpp"
Finished building: ../src/Constructor Inheritance.cpp
 
Building target: Constructor Inheritance
Invoking: Cross G++ Linker
g++  -o "Constructor Inheritance"  ./src/Constructor\ Inheritance.o   
Finished building target: Constructor Inheritance
 
22:19:14 **** Incremental Build of configuration Debug for project Constructor Inheritance ****
make all 
Building file: ../src/Constructor Inheritance.cpp
Invoking: Cross G++ Compiler
g++ -O0 -g3 -Wall -c -fmessage-length=0 -MMD -MP -MF"src/Constructor Inheritance.d" -MT"src/Constructor\ Inheritance.d" -o "src/Constructor Inheritance.o" "../src/Constructor Inheritance.cpp"
../src/Constructor Inheritance.cpp: In function ‘int main()’:
../src/Constructor Inheritance.cpp:38:13: error: no matching function for call to ‘Car::Car(int)’
  Car car(123);
             ^
../src/Constructor Inheritance.cpp:29:2: note: candidate: Car::Car()
  Car(): Vehicle(99) {cout << "Car no-argument constructor called" << endl;}
  ^
../src/Constructor Inheritance.cpp:29:2: note:   candidate expects 0 arguments, 1 provided
../src/Constructor Inheritance.cpp:27:7: note: candidate: Car::Car(const Car&)
 class Car: public Vehicle {
       ^
../src/Constructor Inheritance.cpp:27:7: note:   no known conversion for argument 1 from ‘int’ to ‘const Car&’
src/subdir.mk:18: recipe for target 'src/Constructor Inheritance.o' failed
make: *** [src/Constructor Inheritance.o] Error 1
22:19:31 **** Incremental Build of configuration Debug for project Constructor Inheritance ****
make all 
Building file: ../src/Constructor Inheritance.cpp
Invoking: Cross G++ Compiler
g++ -O0 -g3 -Wall -c -fmessage-length=0 -MMD -MP -MF"src/Constructor Inheritance.d" -MT"src/Constructor\ Inheritance.d" -o "src/Constructor Inheritance.o" "../src/Constructor Inheritance.cpp"
../src/Constructor Inheritance.cpp: In function ‘int main()’:
../src/Constructor Inheritance.cpp:39:6: error: request for member ‘info’ in ‘car’, which is of non-class type ‘Car()’
  car.info();
      ^
src/subdir.mk:18: recipe for target 'src/Constructor Inheritance.o' failed
make: *** [src/Constructor Inheritance.o] Error 1
22:19:57 **** Incremental Build of configuration Debug for project Constructor Inheritance ****
make all 
Building file: ../src/Constructor Inheritance.cpp
Invoking: Cross G++ Compiler
g++ -O0 -g3 -Wall -c -fmessage-length=0 -MMD -MP -MF"src/Constructor Inheritance.d" -MT"src/Constructor\ Inheritance.d" -o "src/Constructor Inheritance.o" "../src/Constructor Inheritance.cpp"
Finished building: ../src/Constructor Inheritance.cpp
 
Building target: Constructor Inheritance
Invoking: Cross G++ Linker
g++  -o "Constructor Inheritance"  ./src/Constructor\ Inheritance.o   
Finished building target: Constructor Inheritance
 
22:34:21 **** Build of configuration Debug for project Two Complement ****
make all 
Building file: ../src/Two Complement.cpp
Invoking: Cross G++ Compiler
g++ -O0 -g3 -Wall -c -fmessage-length=0 -MMD -MP -MF"src/Two Complement.d" -MT"src/Two\ Complement.d" -o "src/Two Complement.o" "../src/Two Complement.cpp"
Finished building: ../src/Two Complement.cpp
 
Building target: Two Complement
Invoking: Cross G++ Linker
g++  -o "Two Complement"  ./src/Two\ Complement.o   
Finished building target: Two Complement
 
22:34:24 **** Incremental Build of configuration Debug for project Two Complement ****
make all 
make: Nothing to be done for 'all'.
22:47:48 **** Build of configuration Debug for project The Static Keyword ****
make all 
Building file: ../src/The Static Keyword.cpp
Invoking: Cross G++ Compiler
g++ -O0 -g3 -Wall -c -fmessage-length=0 -MMD -MP -MF"src/The Static Keyword.d" -MT"src/The\ Static\ Keyword.d" -o "src/The Static Keyword.o" "../src/The Static Keyword.cpp"
Finished building: ../src/The Static Keyword.cpp
 
Building target: The Static Keyword
Invoking: Cross G++ Linker
g++  -o "The Static Keyword"  ./src/The\ Static\ Keyword.o   
Finished building target: The Static Keyword
 
22:49:19 **** Incremental Build of configuration Debug for project The Static Keyword ****
make all 
Building file: ../src/The Static Keyword.cpp
Invoking: Cross G++ Compiler
g++ -O0 -g3 -Wall -c -fmessage-length=0 -MMD -MP -MF"src/The Static Keyword.d" -MT"src/The\ Static\ Keyword.d" -o "src/The Static Keyword.o" "../src/The Static Keyword.cpp"
Finished building: ../src/The Static Keyword.cpp
 
Building target: The Static Keyword
Invoking: Cross G++ Linker
g++  -o "The Static Keyword"  ./src/The\ Static\ Keyword.o   
Finished building target: The Static Keyword
 
22:50:47 **** Incremental Build of configuration Debug for project The Static Keyword ****
make all 
Building file: ../src/The Static Keyword.cpp
Invoking: Cross G++ Compiler
g++ -O0 -g3 -Wall -c -fmessage-length=0 -MMD -MP -MF"src/The Static Keyword.d" -MT"src/The\ Static\ Keyword.d" -o "src/The Static Keyword.o" "../src/The Static Keyword.cpp"
Finished building: ../src/The Static Keyword.cpp
 
Building target: The Static Keyword
Invoking: Cross G++ Linker
g++  -o "The Static Keyword"  ./src/The\ Static\ Keyword.o   
Finished building target: The Static Keyword
 
22:52:12 **** Incremental Build of configuration Debug for project The Static Keyword ****
make all 
Building file: ../src/The Static Keyword.cpp
Invoking: Cross G++ Compiler
g++ -O0 -g3 -Wall -c -fmessage-length=0 -MMD -MP -MF"src/The Static Keyword.d" -MT"src/The\ Static\ Keyword.d" -o "src/The Static Keyword.o" "../src/The Static Keyword.cpp"
Finished building: ../src/The Static Keyword.cpp
 
Building target: The Static Keyword
Invoking: Cross G++ Linker
g++  -o "The Static Keyword"  ./src/The\ Static\ Keyword.o   
Finished building target: The Static Keyword
 
22:53:32 **** Incremental Build of configuration Debug for project The Static Keyword ****
make all 
Building file: ../src/The Static Keyword.cpp
Invoking: Cross G++ Compiler
g++ -O0 -g3 -Wall -c -fmessage-length=0 -MMD -MP -MF"src/The Static Keyword.d" -MT"src/The\ Static\ Keyword.d" -o "src/The Static Keyword.o" "../src/The Static Keyword.cpp"
Finished building: ../src/The Static Keyword.cpp
 
Building target: The Static Keyword
Invoking: Cross G++ Linker
g++  -o "The Static Keyword"  ./src/The\ Static\ Keyword.o   
Finished building target: The Static Keyword
 
22:53:43 **** Incremental Build of configuration Debug for project The Static Keyword ****
make all 
Building file: ../src/The Static Keyword.cpp
Invoking: Cross G++ Compiler
g++ -O0 -g3 -Wall -c -fmessage-length=0 -MMD -MP -MF"src/The Static Keyword.d" -MT"src/The\ Static\ Keyword.d" -o "src/The Static Keyword.o" "../src/The Static Keyword.cpp"
Finished building: ../src/The Static Keyword.cpp
 
Building target: The Static Keyword
Invoking: Cross G++ Linker
g++  -o "The Static Keyword"  ./src/The\ Static\ Keyword.o   
Finished building target: The Static Keyword
 
22:53:57 **** Incremental Build of configuration Debug for project The Static Keyword ****
make all 
Building file: ../src/The Static Keyword.cpp
Invoking: Cross G++ Compiler
g++ -O0 -g3 -Wall -c -fmessage-length=0 -MMD -MP -MF"src/The Static Keyword.d" -MT"src/The\ Static\ Keyword.d" -o "src/The Static Keyword.o" "../src/The Static Keyword.cpp"
Finished building: ../src/The Static Keyword.cpp
 
Building target: The Static Keyword
Invoking: Cross G++ Linker
g++  -o "The Static Keyword"  ./src/The\ Static\ Keyword.o   
Finished building target: The Static Keyword
 
22:54:21 **** Incremental Build of configuration Debug for project The Static Keyword ****
make all 
Building file: ../src/The Static Keyword.cpp
Invoking: Cross G++ Compiler
g++ -O0 -g3 -Wall -c -fmessage-length=0 -MMD -MP -MF"src/The Static Keyword.d" -MT"src/The\ Static\ Keyword.d" -o "src/The Static Keyword.o" "../src/The Static Keyword.cpp"
Finished building: ../src/The Static Keyword.cpp
 
Building target: The Static Keyword
Invoking: Cross G++ Linker
g++  -o "The Static Keyword"  ./src/The\ Static\ Keyword.o   
Finished building target: The Static Keyword
 
22:56:44 **** Incremental Build of configuration Debug for project The Static Keyword ****
make all 
Building file: ../src/The Static Keyword.cpp
Invoking: Cross G++ Compiler
g++ -O0 -g3 -Wall -c -fmessage-length=0 -MMD -MP -MF"src/The Static Keyword.d" -MT"src/The\ Static\ Keyword.d" -o "src/The Static Keyword.o" "../src/The Static Keyword.cpp"
Finished building: ../src/The Static Keyword.cpp
 
Building target: The Static Keyword
Invoking: Cross G++ Linker
g++  -o "The Static Keyword"  ./src/The\ Static\ Keyword.o   
Finished building target: The Static Keyword
 
22:56:57 **** Incremental Build of configuration Debug for project The Static Keyword ****
make all 
Building file: ../src/The Static Keyword.cpp
Invoking: Cross G++ Compiler
g++ -O0 -g3 -Wall -c -fmessage-length=0 -MMD -MP -MF"src/The Static Keyword.d" -MT"src/The\ Static\ Keyword.d" -o "src/The Static Keyword.o" "../src/The Static Keyword.cpp"
Finished building: ../src/The Static Keyword.cpp
 
Building target: The Static Keyword
Invoking: Cross G++ Linker
g++  -o "The Static Keyword"  ./src/The\ Static\ Keyword.o   
Finished building target: The Static Keyword
 
22:57:04 **** Incremental Build of configuration Debug for project The Static Keyword ****
make all 
Building file: ../src/The Static Keyword.cpp
Invoking: Cross G++ Compiler
g++ -O0 -g3 -Wall -c -fmessage-length=0 -MMD -MP -MF"src/The Static Keyword.d" -MT"src/The\ Static\ Keyword.d" -o "src/The Static Keyword.o" "../src/The Static Keyword.cpp"
Finished building: ../src/The Static Keyword.cpp
 
Building target: The Static Keyword
Invoking: Cross G++ Linker
g++  -o "The Static Keyword"  ./src/The\ Static\ Keyword.o   
Finished building target: The Static Keyword
 
22:57:39 **** Incremental Build of configuration Debug for project The Static Keyword ****
make all 
Building file: ../src/The Static Keyword.cpp
Invoking: Cross G++ Compiler
g++ -O0 -g3 -Wall -c -fmessage-length=0 -MMD -MP -MF"src/The Static Keyword.d" -MT"src/The\ Static\ Keyword.d" -o "src/The Static Keyword.o" "../src/The Static Keyword.cpp"
Finished building: ../src/The Static Keyword.cpp
 
Building target: The Static Keyword
Invoking: Cross G++ Linker
g++  -o "The Static Keyword"  ./src/The\ Static\ Keyword.o   
Finished building target: The Static Keyword
 
22:57:55 **** Incremental Build of configuration Debug for project The Static Keyword ****
make all 
Building file: ../src/The Static Keyword.cpp
Invoking: Cross G++ Compiler
g++ -O0 -g3 -Wall -c -fmessage-length=0 -MMD -MP -MF"src/The Static Keyword.d" -MT"src/The\ Static\ Keyword.d" -o "src/The Static Keyword.o" "../src/The Static Keyword.cpp"
Finished building: ../src/The Static Keyword.cpp
 
Building target: The Static Keyword
Invoking: Cross G++ Linker
g++  -o "The Static Keyword"  ./src/The\ Static\ Keyword.o   
Finished building target: The Static Keyword
 
22:30:14 **** Build of configuration Debug for project SDL Test ****
make all 
Building file: ../src/SDL Test.cpp
Invoking: Cross G++ Compiler
g++ -O0 -g3 -Wall -c -fmessage-length=0 -MMD -MP -MF"src/SDL Test.d" -MT"src/SDL\ Test.d" -o "src/SDL Test.o" "../src/SDL Test.cpp"
Finished building: ../src/SDL Test.cpp
 
Building target: SDL Test
Invoking: Cross G++ Linker
g++  -o "SDL Test"  ./src/SDL\ Test.o   
Finished building target: SDL Test
 
22:30:20 **** Incremental Build of configuration Debug for project SDL Test ****
make all 
make: Nothing to be done for 'all'.
22:51:21 **** Incremental Build of configuration Debug for project SDL Test ****
make all 
Building file: ../src/SDL Test.cpp
Invoking: Cross G++ Compiler
g++ -I/usr/lib/x86_64-linux-gnu/ -O0 -g3 -Wall -c -fmessage-length=0 -MMD -MP -MF"src/SDL Test.d" -MT"src/SDL\ Test.d" -o "src/SDL Test.o" "../src/SDL Test.cpp"
../src/SDL Test.cpp:10:17: fatal error: SDL.h: No such file or directory
src/subdir.mk:18: recipe for target 'src/SDL Test.o' failed
compilation terminated.
make: *** [src/SDL Test.o] Error 1
23:13:05 **** Incremental Build of configuration Debug for project SDL Test ****
make all 
Building file: ../src/SDL Test.cpp
Invoking: Cross G++ Compiler
g++ -I/usr/lib/x86_64-linux-gnu/ -O0 -g3 -Wall -c -fmessage-length=0 -MMD -MP -MF"src/SDL Test.d" -MT"src/SDL\ Test.d" -o "src/SDL Test.o" "../src/SDL Test.cpp"
../src/SDL Test.cpp: In function ‘int main()’:
../src/SDL Test.cpp:15:5: error: ‘SDL’ was not declared in this scope
  if(SDL.init(SLD_INIT_VIDEO) < 0) {
     ^
../src/SDL Test.cpp:15:14: error: ‘SLD_INIT_VIDEO’ was not declared in this scope
  if(SDL.init(SLD_INIT_VIDEO) < 0) {
              ^
../src/SDL Test.cpp:22:11: error: ‘SDL_QUIT’ cannot be used as a function
  SDL_QUIT();
           ^
src/subdir.mk:18: recipe for target 'src/SDL Test.o' failed
make: *** [src/SDL Test.o] Error 1
23:13:52 **** Incremental Build of configuration Debug for project SDL Test ****
make all 
Building file: ../src/SDL Test.cpp
Invoking: Cross G++ Compiler
g++ -I/usr/lib/x86_64-linux-gnu/ -O0 -g3 -Wall -c -fmessage-length=0 -MMD -MP -MF"src/SDL Test.d" -MT"src/SDL\ Test.d" -o "src/SDL Test.o" "../src/SDL Test.cpp"
../src/SDL Test.cpp: In function ‘int main()’:
../src/SDL Test.cpp:15:5: error: ‘SDL’ was not declared in this scope
  if(SDL.Init(SLD_INIT_VIDEO) < 0) {
     ^
../src/SDL Test.cpp:15:14: error: ‘SLD_INIT_VIDEO’ was not declared in this scope
  if(SDL.Init(SLD_INIT_VIDEO) < 0) {
              ^
../src/SDL Test.cpp:22:11: error: ‘SDL_QUIT’ cannot be used as a function
  SDL_QUIT();
           ^
src/subdir.mk:18: recipe for target 'src/SDL Test.o' failed
make: *** [src/SDL Test.o] Error 1
23:18:09 **** Incremental Build of configuration Debug for project SDL Test ****
make all 
Building file: ../src/SDL Test.cpp
Invoking: Cross G++ Compiler
g++ -I/usr/lib/x86_64-linux-gnu/ -O0 -g3 -Wall -c -fmessage-length=0 -MMD -MP -MF"src/SDL Test.d" -MT"src/SDL\ Test.d" -o "src/SDL Test.o" "../src/SDL Test.cpp"
../src/SDL Test.cpp: In function ‘int main()’:
../src/SDL Test.cpp:15:5: error: ‘SDL’ was not declared in this scope
  if(SDL.Init(SLD_INIT_VIDEO) < 0) {
     ^
../src/SDL Test.cpp:15:14: error: ‘SLD_INIT_VIDEO’ was not declared in this scope
  if(SDL.Init(SLD_INIT_VIDEO) < 0) {
              ^
../src/SDL Test.cpp:22:11: error: ‘SDL_QUIT’ cannot be used as a function
  SDL_QUIT();
           ^
src/subdir.mk:18: recipe for target 'src/SDL Test.o' failed
make: *** [src/SDL Test.o] Error 1
23:19:15 **** Incremental Build of configuration Debug for project SDL Test ****
make all 
Building file: ../src/SDL Test.cpp
Invoking: Cross G++ Compiler
g++ -I/usr/lib/x86_64-linux-gnu/ -O0 -g3 -Wall -c -fmessage-length=0 -MMD -MP -MF"src/SDL Test.d" -MT"src/SDL\ Test.d" -o "src/SDL Test.o" "../src/SDL Test.cpp"
../src/SDL Test.cpp: In function ‘int main()’:
../src/SDL Test.cpp:22:11: error: ‘SDL_QUIT’ cannot be used as a function
  SDL_QUIT();
           ^
src/subdir.mk:18: recipe for target 'src/SDL Test.o' failed
make: *** [src/SDL Test.o] Error 1
23:20:17 **** Incremental Build of configuration Debug for project SDL Test ****
make all 
Building file: ../src/SDL Test.cpp
Invoking: Cross G++ Compiler
g++ -I/usr/lib/x86_64-linux-gnu/ -O0 -g3 -Wall -c -fmessage-length=0 -MMD -MP -MF"src/SDL Test.d" -MT"src/SDL\ Test.d" -o "src/SDL Test.o" "../src/SDL Test.cpp"
Finished building: ../src/SDL Test.cpp
 
Building target: SDL Test
Invoking: Cross G++ Linker
g++ -L/usr/lib/x86_64-linux-gnu/ -o "SDL Test"  ./src/SDL\ Test.o   -lSDL2
Finished building target: SDL Test
 
23:20:34 **** Incremental Build of configuration Debug for project SDL Test ****
make all 
Building file: ../src/SDL Test.cpp
Invoking: Cross G++ Compiler
g++ -I/usr/lib/x86_64-linux-gnu/ -O0 -g3 -Wall -c -fmessage-length=0 -MMD -MP -MF"src/SDL Test.d" -MT"src/SDL\ Test.d" -o "src/SDL Test.o" "../src/SDL Test.cpp"
Finished building: ../src/SDL Test.cpp
 
Building target: SDL Test
Invoking: Cross G++ Linker
g++ -L/usr/lib/x86_64-linux-gnu/ -o "SDL Test"  ./src/SDL\ Test.o   -lSDL2
Finished building target: SDL Test
 
23:20:57 **** Incremental Build of configuration Debug for project SDL Test ****
make all 
Building file: ../src/SDL Test.cpp
Invoking: Cross G++ Compiler
g++ -O0 -g3 -Wall -c -fmessage-length=0 -MMD -MP -MF"src/SDL Test.d" -MT"src/SDL\ Test.d" -o "src/SDL Test.o" "../src/SDL Test.cpp"
Finished building: ../src/SDL Test.cpp
 
Building target: SDL Test
Invoking: Cross G++ Linker
g++  -o "SDL Test"  ./src/SDL\ Test.o   
./src/SDL Test.o: In function `main':
/home/hienja/learningCPP/SDL Test/Debug/../src/SDL Test.cpp:15: undefined reference to `SDL_Init'
collect2: error: ld returned 1 exit status
makefile:45: recipe for target 'SDL Test' failed
make: *** [SDL Test] Error 1
23:21:24 **** Incremental Build of configuration Debug for project SDL Test ****
make all 
Building target: SDL Test
Invoking: Cross G++ Linker
g++  -o "SDL Test"  ./src/SDL\ Test.o   -lSDL2
Finished building target: SDL Test
 
23:22:54 **** Incremental Build of configuration Debug for project SDL Test ****
make all 
Building file: ../src/SDL Test.cpp
Invoking: Cross G++ Compiler
g++ -O0 -g3 -Wall -c -fmessage-length=0 -MMD -MP -MF"src/SDL Test.d" -MT"src/SDL\ Test.d" -o "src/SDL Test.o" "../src/SDL Test.cpp"
Finished building: ../src/SDL Test.cpp
 
Building target: SDL Test
Invoking: Cross G++ Linker
g++  -o "SDL Test"  ./src/SDL\ Test.o   -lSDL2
Finished building target: SDL Test
 
19:56:05 **** Build of configuration Debug for project SDL Test ****
make all 
make: Nothing to be done for 'all'.
20:11:51 **** Incremental Build of configuration Debug for project SDL Test ****
make all 
Building file: ../src/SDL Test.cpp
Invoking: Cross G++ Compiler
g++ -O0 -g3 -Wall -c -fmessage-length=0 -MMD -MP -MF"src/SDL Test.d" -MT"src/SDL\ Test.d" -o "src/SDL Test.o" "../src/SDL Test.cpp"
Finished building: ../src/SDL Test.cpp
 
Building target: SDL Test
Invoking: Cross G++ Linker
g++  -o "SDL Test"  ./src/SDL\ Test.o   -lSDL2
Finished building target: SDL Test
 
20:12:20 **** Clean-only build of configuration Debug for project Allocating Memory ****
make clean 
rm -rf  ./src/Allocating\ Memory.o  ./src/Allocating\ Memory.d  "Allocating Memory"
 
20:12:20 **** Clean-only build of configuration Debug for project Arithmetic ****
make clean 
rm -rf  ./src/Arithmetic.o  ./src/Arithmetic.d  Arithmetic
 
20:12:20 **** Clean-only build of configuration Debug for project Arrays and Functions ****
make clean 
rm -rf  ./src/Arrays\ and\ Functions.o  ./src/Arrays\ and\ Functions.d  "Arrays and Functions"
 
20:12:20 **** Clean-only build of configuration Debug for project Char Arrays ****
make clean 
rm -rf  ./src/Char\ Arrays.o  ./src/Char\ Arrays.d  "Char Arrays"
 
20:12:20 **** Clean-only build of configuration Debug for project Classes ****
make clean 
rm -rf  ./src/Cat.o ./src/Classes.o  ./src/Cat.d ./src/Classes.d  Classes
 
20:12:20 **** Clean-only build of configuration Debug for project Constructor Inheritance ****
make clean 
rm -rf  ./src/Constructor\ Inheritance.o  ./src/Constructor\ Inheritance.d  "Constructor Inheritance"
 
20:12:20 **** Clean-only build of configuration Debug for project Constructor Initialization Lists ****
make clean 
rm -rf  ./src/Constructor\ Initialization\ Lists.o ./src/Person.o  ./src/Constructor\ Initialization\ Lists.d ./src/Person.d  "Constructor Initialization Lists"
 
20:12:21 **** Clean-only build of configuration Debug for project Constructor and Destructors ****
make clean 
rm -rf  ./src/Cat.o ./src/Constructor\ and\ Destructors.o  ./src/Cat.d ./src/Constructor\ and\ Destructors.d  "Constructor and Destructors"
 
20:12:21 **** Clean-only build of configuration Debug for project Copy Constructors ****
make clean 
rm -rf  ./src/Copy\ Constructors.o  ./src/Copy\ Constructors.d  "Copy Constructors"
 
20:12:21 **** Clean-only build of configuration Debug for project Data Members ****
make clean 
rm -rf  ./src/Cat.o ./src/Data\ Members.o  ./src/Cat.d ./src/Data\ Members.d  "Data Members"
 
20:12:21 **** Clean-only build of configuration Debug for project Encapsulation ****
make clean 
rm -rf  ./src/Encapsulation.o  ./src/Encapsulation.d  Encapsulation
 
20:12:21 **** Clean-only build of configuration Debug for project Getters and Setters ****
make clean 
rm -rf  ./src/Getters\ and\ Setters.o ./src/Person.o  ./src/Getters\ and\ Setters.d ./src/Person.d  "Getters and Setters"
 
20:12:21 **** Clean-only build of configuration Debug for project Headers and Prototypes ****
make clean 
rm -rf  ./src/Headers\ and\ Prototypes.o  ./src/Headers\ and\ Prototypes.d  "Headers and Prototypes"
 
20:12:21 **** Clean-only build of configuration Debug for project Inheritance ****
make clean 
rm -rf  ./src/Inheritance.o  ./src/Inheritance.d  Inheritance
 
20:12:21 **** Clean-only build of configuration Debug for project Namespace ****
make clean 
rm -rf  ./src/Aniamls.o ./src/Cat.o ./src/Namespace.o  ./src/Aniamls.d ./src/Cat.d ./src/Namespace.d  Namespace
 
20:12:21 **** Clean-only build of configuration Debug for project Overloading Constructors ****
make clean 
rm -rf  ./src/Overloading\ Constructors.o ./src/Person.o  ./src/Overloading\ Constructors.d ./src/Person.d  "Overloading Constructors"
 
20:12:21 **** Clean-only build of configuration Debug for project Pointer Arithmetic ****
make clean 
rm -rf  ./src/Pointer\ Arithmetic.o  ./src/Pointer\ Arithmetic.d  "Pointer Arithmetic"
 
20:12:22 **** Clean-only build of configuration Debug for project Pointers ****
make clean 
rm -rf  ./src/Pointers.o  ./src/Pointers.d  Pointers
 
20:12:22 **** Clean-only build of configuration Debug for project Pointers and Arrays ****
make clean 
rm -rf  ./src/Pointers\ and\ Arrays.o  ./src/Pointers\ and\ Arrays.d  "Pointers and Arrays"
 
20:12:22 **** Clean-only build of configuration Debug for project References ****
make clean 
rm -rf  ./src/References.o  ./src/References.d  References
 
20:12:22 **** Clean-only build of configuration Debug for project Return Object from Functions ****
make clean 
rm -rf  ./src/Return\ Object\ from\ Functions.o  ./src/Return\ Object\ from\ Functions.d  "Return Object from Functions"
 
20:12:22 **** Clean-only build of configuration Debug for project Reversing a String ****
make clean 
rm -rf  ./src/Reversing\ a\ String.o  ./src/Reversing\ a\ String.d  "Reversing a String"
 
20:12:22 **** Clean-only build of configuration Debug for project SDL Test ****
make clean 
rm -rf  ./src/SDL\ Test.o  ./src/SDL\ Test.d  "SDL Test"
 
20:12:22 **** Clean-only build of configuration Debug for project String Streams ****
make clean 
rm -rf  ./src/String\ Streams.o  ./src/String\ Streams.d  "String Streams"
 
20:12:22 **** Clean-only build of configuration Debug for project The Const Keyword ****
make clean 
rm -rf  ./src/The\ Const\ Keyword.o  ./src/The\ Const\ Keyword.d  "The Const Keyword"
 
20:12:22 **** Clean-only build of configuration Debug for project The New Operator ****
make clean 
rm -rf  ./src/The\ New\ Operator.o  ./src/The\ New\ Operator.d  "The New Operator"
 
20:12:22 **** Clean-only build of configuration Debug for project The Static Keyword ****
make clean 
rm -rf  ./src/The\ Static\ Keyword.o  ./src/The\ Static\ Keyword.d  "The Static Keyword"
 
20:12:22 **** Clean-only build of configuration Debug for project This ****
make clean 
rm -rf  ./src/Person.o ./src/This.o  ./src/Person.d ./src/This.d  This
 
20:12:31 **** Build of configuration Debug for project SDL Test ****
make all 
Building file: ../src/SDL Test.cpp
Invoking: Cross G++ Compiler
g++ -O0 -g3 -Wall -c -fmessage-length=0 -MMD -MP -MF"src/SDL Test.d" -MT"src/SDL\ Test.d" -o "src/SDL Test.o" "../src/SDL Test.cpp"
Finished building: ../src/SDL Test.cpp
 
Building target: SDL Test
Invoking: Cross G++ Linker
g++  -o "SDL Test"  ./src/SDL\ Test.o   -lSDL2
Finished building target: SDL Test
 
20:12:34 **** Incremental Build of configuration Debug for project SDL Test ****
make all 
make: Nothing to be done for 'all'.
20:13:20 **** Incremental Build of configuration Debug for project SDL Test ****
make all 
Building file: ../src/SDL Test.cpp
Invoking: Cross G++ Compiler
g++ -O0 -g3 -Wall -c -fmessage-length=0 -MMD -MP -MF"src/SDL Test.d" -MT"src/SDL\ Test.d" -o "src/SDL Test.o" "../src/SDL Test.cpp"
Finished building: ../src/SDL Test.cpp
 
Building target: SDL Test
Invoking: Cross G++ Linker
g++  -o "SDL Test"  ./src/SDL\ Test.o   -lSDL2
Finished building target: SDL Test
 
20:38:43 **** Incremental Build of configuration Debug for project SDL Test ****
make all 
Building file: ../src/SDL Test.cpp
Invoking: Cross G++ Compiler
g++ -O0 -g3 -Wall -c -fmessage-length=0 -MMD -MP -MF"src/SDL Test.d" -MT"src/SDL\ Test.d" -o "src/SDL Test.o" "../src/SDL Test.cpp"
../src/SDL Test.cpp: In function ‘int main()’:
../src/SDL Test.cpp:55:38: warning: right operand of comma operator has no effect [-Wunused-value]
  SDL_UpdateTexture = (texture, NULL, buffer, SCREEN_WIDTH*sizeof(Uint32));
                                      ^
../src/SDL Test.cpp:55:72: warning: right operand of comma operator has no effect [-Wunused-value]
  SDL_UpdateTexture = (texture, NULL, buffer, SCREEN_WIDTH*sizeof(Uint32));
                                                                        ^
../src/SDL Test.cpp:55:20: error: assignment of function ‘int SDL_UpdateTexture(SDL_Texture*, const SDL_Rect*, const void*, int)’
  SDL_UpdateTexture = (texture, NULL, buffer, SCREEN_WIDTH*sizeof(Uint32));
                    ^
../src/SDL Test.cpp:55:20: error: cannot convert ‘long unsigned int’ to ‘int(SDL_Texture*, const SDL_Rect*, const void*, int)’ in assignment
../src/SDL Test.cpp:56:18: error: assignment of function ‘int SDL_RenderClear(SDL_Renderer*)’
  SDL_RenderClear = (renderer);
                  ^
../src/SDL Test.cpp:56:18: error: cannot convert ‘SDL_Renderer*’ to ‘int(SDL_Renderer*)’ in assignment
src/subdir.mk:18: recipe for target 'src/SDL Test.o' failed
../src/SDL Test.cpp:57:30: warning: left operand of comma operator has no effect [-Wunused-value]
  SDL_RenderCopy = (renderer, texture, NULL, NULL);
                              ^
../src/SDL Test.cpp:57:17: error: assignment of function ‘int SDL_RenderCopy(SDL_Renderer*, SDL_Texture*, const SDL_Rect*, const SDL_Rect*)’
  SDL_RenderCopy = (renderer, texture, NULL, NULL);
                 ^
../src/SDL Test.cpp:57:17: error: cannot convert ‘long int’ to ‘int(SDL_Renderer*, SDL_Texture*, const SDL_Rect*, const SDL_Rect*)’ in assignment
../src/SDL Test.cpp:58:20: error: assignment of function ‘void SDL_RenderPresent(SDL_Renderer*)’
  SDL_RenderPresent = (renderer);
                    ^
../src/SDL Test.cpp:58:20: error: cannot convert ‘SDL_Renderer*’ to ‘void(SDL_Renderer*)’ in assignment
make: *** [src/SDL Test.o] Error 1
20:41:40 **** Incremental Build of configuration Debug for project SDL Test ****
make all 
Building file: ../src/SDL Test.cpp
Invoking: Cross G++ Compiler
g++ -O0 -g3 -Wall -c -fmessage-length=0 -MMD -MP -MF"src/SDL Test.d" -MT"src/SDL\ Test.d" -o "src/SDL Test.o" "../src/SDL Test.cpp"
../src/SDL Test.cpp: In function ‘int main()’:
../src/SDL Test.cpp:55:38: warning: right operand of comma operator has no effect [-Wunused-value]
  SDL_UpdateTexture = (texture, NULL, buffer, SCREEN_WIDTH * sizeof(Uint32));
                                      ^
../src/SDL Test.cpp:55:74: warning: right operand of comma operator has no effect [-Wunused-value]
  SDL_UpdateTexture = (texture, NULL, buffer, SCREEN_WIDTH * sizeof(Uint32));
                                                                          ^
../src/SDL Test.cpp:55:20: error: assignment of function ‘int SDL_UpdateTexture(SDL_Texture*, const SDL_Rect*, const void*, int)’
  SDL_UpdateTexture = (texture, NULL, buffer, SCREEN_WIDTH * sizeof(Uint32));
                    ^
../src/SDL Test.cpp:55:20: error: cannot convert ‘long unsigned int’ to ‘int(SDL_Texture*, const SDL_Rect*, const void*, int)’ in assignment
../src/SDL Test.cpp:56:18: error: assignment of function ‘int SDL_RenderClear(SDL_Renderer*)’
  SDL_RenderClear = (renderer);
                  ^
../src/SDL Test.cpp:56:18: error: cannot convert ‘SDL_Renderer*’ to ‘int(SDL_Renderer*)’ in assignment
../src/SDL Test.cpp:57:30: warning: left operand of comma operator has no effect [-Wunused-value]
  SDL_RenderCopy = (renderer, texture, NULL, NULL);
                              ^
../src/SDL Test.cpp:57:17: error: assignment of function ‘int SDL_RenderCopy(SDL_Renderer*, SDL_Texture*, const SDL_Rect*, const SDL_Rect*)’
  SDL_RenderCopy = (renderer, texture, NULL, NULL);
                 ^
../src/SDL Test.cpp:57:17: error: cannot convert ‘long int’ to ‘int(SDL_Renderer*, SDL_Texture*, const SDL_Rect*, const SDL_Rect*)’ in assignment
../src/SDL Test.cpp:58:20: error: assignment of function ‘void SDL_RenderPresent(SDL_Renderer*)’
  SDL_RenderPresent = (renderer);
                    ^
../src/SDL Test.cpp:58:20: error: cannot convert ‘SDL_Renderer*’ to ‘void(SDL_Renderer*)’ in assignment
make: *** [src/SDL Test.o] Error 1
src/subdir.mk:18: recipe for target 'src/SDL Test.o' failed
20:42:52 **** Incremental Build of configuration Debug for project SDL Test ****
make all 
Building file: ../src/SDL Test.cpp
Invoking: Cross G++ Compiler
g++ -O0 -g3 -Wall -c -fmessage-length=0 -MMD -MP -MF"src/SDL Test.d" -MT"src/SDL\ Test.d" -o "src/SDL Test.o" "../src/SDL Test.cpp"
Finished building: ../src/SDL Test.cpp
 
Building target: SDL Test
Invoking: Cross G++ Linker
g++  -o "SDL Test"  ./src/SDL\ Test.o   -lSDL2
Finished building target: SDL Test
 
20:51:18 **** Incremental Build of configuration Debug for project SDL Test ****
make all 
Building file: ../src/SDL Test.cpp
Invoking: Cross G++ Compiler
g++ -O0 -g3 -Wall -c -fmessage-length=0 -MMD -MP -MF"src/SDL Test.d" -MT"src/SDL\ Test.d" -o "src/SDL Test.o" "../src/SDL Test.cpp"
Finished building: ../src/SDL Test.cpp
 
Building target: SDL Test
Invoking: Cross G++ Linker
g++  -o "SDL Test"  ./src/SDL\ Test.o   -lSDL2
Finished building target: SDL Test
 
20:55:22 **** Incremental Build of configuration Debug for project SDL Test ****
make all 
Building file: ../src/SDL Test.cpp
Invoking: Cross G++ Compiler
g++ -O0 -g3 -Wall -c -fmessage-length=0 -MMD -MP -MF"src/SDL Test.d" -MT"src/SDL\ Test.d" -o "src/SDL Test.o" "../src/SDL Test.cpp"
Finished building: ../src/SDL Test.cpp
 
Building target: SDL Test
Invoking: Cross G++ Linker
g++  -o "SDL Test"  ./src/SDL\ Test.o   -lSDL2
Finished building target: SDL Test
 
20:55:40 **** Incremental Build of configuration Debug for project SDL Test ****
make all 
Building file: ../src/SDL Test.cpp
Invoking: Cross G++ Compiler
g++ -O0 -g3 -Wall -c -fmessage-length=0 -MMD -MP -MF"src/SDL Test.d" -MT"src/SDL\ Test.d" -o "src/SDL Test.o" "../src/SDL Test.cpp"
Finished building: ../src/SDL Test.cpp
 
Building target: SDL Test
Invoking: Cross G++ Linker
g++  -o "SDL Test"  ./src/SDL\ Test.o   -lSDL2
Finished building target: SDL Test
 
20:56:00 **** Incremental Build of configuration Debug for project SDL Test ****
make all 
Building file: ../src/SDL Test.cpp
Invoking: Cross G++ Compiler
g++ -O0 -g3 -Wall -c -fmessage-length=0 -MMD -MP -MF"src/SDL Test.d" -MT"src/SDL\ Test.d" -o "src/SDL Test.o" "../src/SDL Test.cpp"
Finished building: ../src/SDL Test.cpp
 
Building target: SDL Test
Invoking: Cross G++ Linker
g++  -o "SDL Test"  ./src/SDL\ Test.o   -lSDL2
Finished building target: SDL Test
 
20:56:10 **** Incremental Build of configuration Debug for project SDL Test ****
make all 
Building file: ../src/SDL Test.cpp
Invoking: Cross G++ Compiler
g++ -O0 -g3 -Wall -c -fmessage-length=0 -MMD -MP -MF"src/SDL Test.d" -MT"src/SDL\ Test.d" -o "src/SDL Test.o" "../src/SDL Test.cpp"
Finished building: ../src/SDL Test.cpp
 
Building target: SDL Test
Invoking: Cross G++ Linker
g++  -o "SDL Test"  ./src/SDL\ Test.o   -lSDL2
Finished building target: SDL Test
 
20:56:20 **** Incremental Build of configuration Debug for project SDL Test ****
make all 
Building file: ../src/SDL Test.cpp
Invoking: Cross G++ Compiler
g++ -O0 -g3 -Wall -c -fmessage-length=0 -MMD -MP -MF"src/SDL Test.d" -MT"src/SDL\ Test.d" -o "src/SDL Test.o" "../src/SDL Test.cpp"
Finished building: ../src/SDL Test.cpp
 
Building target: SDL Test
Invoking: Cross G++ Linker
g++  -o "SDL Test"  ./src/SDL\ Test.o   -lSDL2
Finished building target: SDL Test
 
20:56:31 **** Incremental Build of configuration Debug for project SDL Test ****
make all 
Building file: ../src/SDL Test.cpp
Invoking: Cross G++ Compiler
g++ -O0 -g3 -Wall -c -fmessage-length=0 -MMD -MP -MF"src/SDL Test.d" -MT"src/SDL\ Test.d" -o "src/SDL Test.o" "../src/SDL Test.cpp"
Finished building: ../src/SDL Test.cpp
 
Building target: SDL Test
Invoking: Cross G++ Linker
g++  -o "SDL Test"  ./src/SDL\ Test.o   -lSDL2
Finished building target: SDL Test
 
20:56:42 **** Incremental Build of configuration Debug for project SDL Test ****
make all 
Building file: ../src/SDL Test.cpp
Invoking: Cross G++ Compiler
g++ -O0 -g3 -Wall -c -fmessage-length=0 -MMD -MP -MF"src/SDL Test.d" -MT"src/SDL\ Test.d" -o "src/SDL Test.o" "../src/SDL Test.cpp"
Finished building: ../src/SDL Test.cpp
 
Building target: SDL Test
Invoking: Cross G++ Linker
g++  -o "SDL Test"  ./src/SDL\ Test.o   -lSDL2
Finished building target: SDL Test
 
20:56:54 **** Incremental Build of configuration Debug for project SDL Test ****
make all 
Building file: ../src/SDL Test.cpp
Invoking: Cross G++ Compiler
g++ -O0 -g3 -Wall -c -fmessage-length=0 -MMD -MP -MF"src/SDL Test.d" -MT"src/SDL\ Test.d" -o "src/SDL Test.o" "../src/SDL Test.cpp"
Finished building: ../src/SDL Test.cpp
 
Building target: SDL Test
Invoking: Cross G++ Linker
g++  -o "SDL Test"  ./src/SDL\ Test.o   -lSDL2
Finished building target: SDL Test
 
20:57:05 **** Incremental Build of configuration Debug for project SDL Test ****
make all 
Building file: ../src/SDL Test.cpp
Invoking: Cross G++ Compiler
g++ -O0 -g3 -Wall -c -fmessage-length=0 -MMD -MP -MF"src/SDL Test.d" -MT"src/SDL\ Test.d" -o "src/SDL Test.o" "../src/SDL Test.cpp"
Finished building: ../src/SDL Test.cpp
 
Building target: SDL Test
Invoking: Cross G++ Linker
g++  -o "SDL Test"  ./src/SDL\ Test.o   -lSDL2
Finished building target: SDL Test
 
20:57:18 **** Incremental Build of configuration Debug for project SDL Test ****
make all 
Building file: ../src/SDL Test.cpp
Invoking: Cross G++ Compiler
g++ -O0 -g3 -Wall -c -fmessage-length=0 -MMD -MP -MF"src/SDL Test.d" -MT"src/SDL\ Test.d" -o "src/SDL Test.o" "../src/SDL Test.cpp"
Finished building: ../src/SDL Test.cpp
 
Building target: SDL Test
Invoking: Cross G++ Linker
g++  -o "SDL Test"  ./src/SDL\ Test.o   -lSDL2
Finished building target: SDL Test
 
20:57:29 **** Incremental Build of configuration Debug for project SDL Test ****
make all 
Building file: ../src/SDL Test.cpp
Invoking: Cross G++ Compiler
g++ -O0 -g3 -Wall -c -fmessage-length=0 -MMD -MP -MF"src/SDL Test.d" -MT"src/SDL\ Test.d" -o "src/SDL Test.o" "../src/SDL Test.cpp"
Finished building: ../src/SDL Test.cpp
 
Building target: SDL Test
Invoking: Cross G++ Linker
g++  -o "SDL Test"  ./src/SDL\ Test.o   -lSDL2
Finished building target: SDL Test
 
21:01:28 **** Incremental Build of configuration Debug for project SDL Test ****
make all 
Building file: ../src/SDL Test.cpp
Invoking: Cross G++ Compiler
g++ -O0 -g3 -Wall -c -fmessage-length=0 -MMD -MP -MF"src/SDL Test.d" -MT"src/SDL\ Test.d" -o "src/SDL Test.o" "../src/SDL Test.cpp"
Finished building: ../src/SDL Test.cpp
 
Building target: SDL Test
Invoking: Cross G++ Linker
g++  -o "SDL Test"  ./src/SDL\ Test.o   -lSDL2
Finished building target: SDL Test
 
21:24:14 **** Incremental Build of configuration Debug for project SDL Test ****
make all 
Building file: ../src/SDL Test.cpp
Invoking: Cross G++ Compiler
g++ -O0 -g3 -Wall -c -fmessage-length=0 -MMD -MP -MF"src/SDL Test.d" -MT"src/SDL\ Test.d" -o "src/SDL Test.o" "../src/SDL Test.cpp"
../src/SDL Test.cpp: In function ‘int main()’:
../src/SDL Test.cpp:15:12: warning: unused variable ‘SCREEN_WIDTH’ [-Wunused-variable]
  const int SCREEN_WIDTH = 800;
            ^
../src/SDL Test.cpp:16:12: warning: unused variable ‘SCREEN_HEIGHT’ [-Wunused-variable]
  const int SCREEN_HEIGHT = 600;
            ^
Finished building: ../src/SDL Test.cpp
 
Building file: ../src/Screen.cpp
Invoking: Cross G++ Compiler
g++ -O0 -g3 -Wall -c -fmessage-length=0 -MMD -MP -MF"src/Screen.d" -MT"src/Screen.d" -o "src/Screen.o" "../src/Screen.cpp"
Finished building: ../src/Screen.cpp
 
Building target: SDL Test
Invoking: Cross G++ Linker
g++  -o "SDL Test"  ./src/SDL\ Test.o ./src/Screen.o   -lSDL2
./src/Screen.o: In function `ht::Screen::init()':
/home/hienja/learningCPP/SDL Test/Debug/../src/Screen.cpp:21: undefined reference to `ht::Screen::SCREEN_HEIGHT'
/home/hienja/learningCPP/SDL Test/Debug/../src/Screen.cpp:21: undefined reference to `ht::Screen::SCREEN_WIDTH'
/home/hienja/learningCPP/SDL Test/Debug/../src/Screen.cpp:32: undefined reference to `ht::Screen::SCREEN_HEIGHT'
/home/hienja/learningCPP/SDL Test/Debug/../src/Screen.cpp:32: undefined reference to `ht::Screen::SCREEN_WIDTH'
makefile:45: recipe for target 'SDL Test' failed
/home/hienja/learningCPP/SDL Test/Debug/../src/Screen.cpp:47: undefined reference to `ht::Screen::SCREEN_WIDTH'
/home/hienja/learningCPP/SDL Test/Debug/../src/Screen.cpp:47: undefined reference to `ht::Screen::SCREEN_HEIGHT'
/home/hienja/learningCPP/SDL Test/Debug/../src/Screen.cpp:47: undefined reference to `ht::Screen::SCREEN_WIDTH'
/home/hienja/learningCPP/SDL Test/Debug/../src/Screen.cpp:47: undefined reference to `ht::Screen::SCREEN_HEIGHT'
/home/hienja/learningCPP/SDL Test/Debug/../src/Screen.cpp:48: undefined reference to `ht::Screen::SCREEN_WIDTH'
/home/hienja/learningCPP/SDL Test/Debug/../src/Screen.cpp:48: undefined reference to `ht::Screen::SCREEN_HEIGHT'
/home/hienja/learningCPP/SDL Test/Debug/../src/Screen.cpp:51: undefined reference to `ht::Screen::SCREEN_WIDTH'
/home/hienja/learningCPP/SDL Test/Debug/../src/Screen.cpp:51: undefined reference to `ht::Screen::SCREEN_HEIGHT'
/home/hienja/learningCPP/SDL Test/Debug/../src/Screen.cpp:55: undefined reference to `ht::Screen::SCREEN_WIDTH'
collect2: error: ld returned 1 exit status
make: *** [SDL Test] Error 1
21:27:00 **** Incremental Build of configuration Debug for project SDL Test ****
make all 
Building file: ../src/SDL Test.cpp
Invoking: Cross G++ Compiler
g++ -O0 -g3 -Wall -c -fmessage-length=0 -MMD -MP -MF"src/SDL Test.d" -MT"src/SDL\ Test.d" -o "src/SDL Test.o" "../src/SDL Test.cpp"
Finished building: ../src/SDL Test.cpp
 
Building file: ../src/Screen.cpp
Invoking: Cross G++ Compiler
g++ -O0 -g3 -Wall -c -fmessage-length=0 -MMD -MP -MF"src/Screen.d" -MT"src/Screen.d" -o "src/Screen.o" "../src/Screen.cpp"
Finished building: ../src/Screen.cpp
 
Building target: SDL Test
Invoking: Cross G++ Linker
g++  -o "SDL Test"  ./src/SDL\ Test.o ./src/Screen.o   -lSDL2
Finished building target: SDL Test
 
21:30:30 **** Incremental Build of configuration Debug for project SDL Test ****
make all 
Building file: ../src/SDL Test.cpp
Invoking: Cross G++ Compiler
g++ -O0 -g3 -Wall -c -fmessage-length=0 -MMD -MP -MF"src/SDL Test.d" -MT"src/SDL\ Test.d" -o "src/SDL Test.o" "../src/SDL Test.cpp"
Finished building: ../src/SDL Test.cpp
 
Building file: ../src/Screen.cpp
Invoking: Cross G++ Compiler
g++ -O0 -g3 -Wall -c -fmessage-length=0 -MMD -MP -MF"src/Screen.d" -MT"src/Screen.d" -o "src/Screen.o" "../src/Screen.cpp"
Finished building: ../src/Screen.cpp
 
Building target: SDL Test
Invoking: Cross G++ Linker
g++  -o "SDL Test"  ./src/SDL\ Test.o ./src/Screen.o   -lSDL2
Finished building target: SDL Test
 
21:54:54 **** Incremental Build of configuration Debug for project SDL Test ****
make all 
make: Nothing to be done for 'all'.
22:02:27 **** Build of configuration Debug for project Bit Shifting ****
make all 
Building file: ../src/Bit Shifting.cpp
Invoking: Cross G++ Compiler
g++ -O0 -g3 -Wall -c -fmessage-length=0 -MMD -MP -MF"src/Bit Shifting.d" -MT"src/Bit\ Shifting.d" -o "src/Bit Shifting.o" "../src/Bit Shifting.cpp"
../src/Bit Shifting.cpp: In function ‘int main()’:
../src/Bit Shifting.cpp:15:16: warning: unused variable ‘red’ [-Wunused-variable]
  unsigned char red = 0x12;
                ^
../src/Bit Shifting.cpp:16:16: warning: unused variable ‘blue’ [-Wunused-variable]
  unsigned char blue = 0x34;
                ^
../src/Bit Shifting.cpp:17:16: warning: unused variable ‘green’ [-Wunused-variable]
  unsigned char green = 0x56;
                ^
Finished building: ../src/Bit Shifting.cpp
 
Building target: Bit Shifting
Invoking: Cross G++ Linker
g++  -o "Bit Shifting"  ./src/Bit\ Shifting.o   
Finished building target: Bit Shifting
 
22:02:33 **** Incremental Build of configuration Debug for project Bit Shifting ****
make all 
make: Nothing to be done for 'all'.
22:03:10 **** Incremental Build of configuration Debug for project Bit Shifting ****
make all 
Building file: ../src/Bit Shifting.cpp
Invoking: Cross G++ Compiler
g++ -O0 -g3 -Wall -c -fmessage-length=0 -MMD -MP -MF"src/Bit Shifting.d" -MT"src/Bit\ Shifting.d" -o "src/Bit Shifting.o" "../src/Bit Shifting.cpp"
../src/Bit Shifting.cpp: In function ‘int main()’:
../src/Bit Shifting.cpp:21:19: error: ‘setFill’ was not declared in this scope
  cout << setFill(0) << setWidth(8) << hex << color << endl;
                   ^
../src/Bit Shifting.cpp:21:34: error: ‘setWidth’ was not declared in this scope
  cout << setFill(0) << setWidth(8) << hex << color << endl;
                                  ^
../src/Bit Shifting.cpp:15:16: warning: unused variable ‘red’ [-Wunused-variable]
  unsigned char red = 0x12;
                ^
../src/Bit Shifting.cpp:16:16: warning: unused variable ‘blue’ [-Wunused-variable]
  unsigned char blue = 0x34;
                ^
../src/Bit Shifting.cpp:17:16: warning: unused variable ‘green’ [-Wunused-variable]
  unsigned char green = 0x56;
                ^
make: *** [src/Bit Shifting.o] Error 1
src/subdir.mk:18: recipe for target 'src/Bit Shifting.o' failed
22:03:27 **** Incremental Build of configuration Debug for project Bit Shifting ****
make all 
Building file: ../src/Bit Shifting.cpp
Invoking: Cross G++ Compiler
g++ -O0 -g3 -Wall -c -fmessage-length=0 -MMD -MP -MF"src/Bit Shifting.d" -MT"src/Bit\ Shifting.d" -o "src/Bit Shifting.o" "../src/Bit Shifting.cpp"
../src/Bit Shifting.cpp: In function ‘int main()’:
../src/Bit Shifting.cpp:21:21: error: ‘setFill’ was not declared in this scope
  cout << setFill("0") << setWidth(8) << hex << color << endl;
                     ^
../src/Bit Shifting.cpp:21:36: error: ‘setWidth’ was not declared in this scope
  cout << setFill("0") << setWidth(8) << hex << color << endl;
                                    ^
../src/Bit Shifting.cpp:15:16: warning: unused variable ‘red’ [-Wunused-variable]
  unsigned char red = 0x12;
                ^
../src/Bit Shifting.cpp:16:16: warning: unused variable ‘blue’ [-Wunused-variable]
  unsigned char blue = 0x34;
                ^
../src/Bit Shifting.cpp:17:16: warning: unused variable ‘green’ [-Wunused-variable]
  unsigned char green = 0x56;
                ^
make: *** [src/Bit Shifting.o] Error 1
src/subdir.mk:18: recipe for target 'src/Bit Shifting.o' failed
22:03:45 **** Incremental Build of configuration Debug for project Bit Shifting ****
make all 
Building file: ../src/Bit Shifting.cpp
Invoking: Cross G++ Compiler
g++ -O0 -g3 -Wall -c -fmessage-length=0 -MMD -MP -MF"src/Bit Shifting.d" -MT"src/Bit\ Shifting.d" -o "src/Bit Shifting.o" "../src/Bit Shifting.cpp"
../src/Bit Shifting.cpp: In function ‘int main()’:
../src/Bit Shifting.cpp:21:7: error: no match for ‘operator<<’ (operand types are ‘std::ostream {aka std::basic_ostream<char>}’ and ‘std::_Setfill<const char*>’)
  cout << setfill("0") << setWidth(8) << hex << color << endl;
       ^
In file included from /usr/include/c++/5/iostream:39:0,
                 from ../src/Bit Shifting.cpp:9:
/usr/include/c++/5/ostream:108:7: note: candidate: std::basic_ostream<_CharT, _Traits>::__ostream_type& std::basic_ostream<_CharT, _Traits>::operator<<(std::basic_ostream<_CharT, _Traits>::__ostream_type& (*)(std::basic_ostream<_CharT, _Traits>::__ostream_type&)) [with _CharT = char; _Traits = std::char_traits<char>; std::basic_ostream<_CharT, _Traits>::__ostream_type = std::basic_ostream<char>]
       operator<<(__ostream_type& (*__pf)(__ostream_type&))
       ^
/usr/include/c++/5/ostream:108:7: note:   no known conversion for argument 1 from ‘std::_Setfill<const char*>’ to ‘std::basic_ostream<char>::__ostream_type& (*)(std::basic_ostream<char>::__ostream_type&) {aka std::basic_ostream<char>& (*)(std::basic_ostream<char>&)}’
src/subdir.mk:18: recipe for target 'src/Bit Shifting.o' failed
/usr/include/c++/5/ostream:117:7: note: candidate: std::basic_ostream<_CharT, _Traits>::__ostream_type& std::basic_ostream<_CharT, _Traits>::operator<<(std::basic_ostream<_CharT, _Traits>::__ios_type& (*)(std::basic_ostream<_CharT, _Traits>::__ios_type&)) [with _CharT = char; _Traits = std::char_traits<char>; std::basic_ostream<_CharT, _Traits>::__ostream_type = std::basic_ostream<char>; std::basic_ostream<_CharT, _Traits>::__ios_type = std::basic_ios<char>]
       operator<<(__ios_type& (*__pf)(__ios_type&))
       ^
/usr/include/c++/5/ostream:117:7: note:   no known conversion for argument 1 from ‘std::_Setfill<const char*>’ to ‘std::basic_ostream<char>::__ios_type& (*)(std::basic_ostream<char>::__ios_type&) {aka std::basic_ios<char>& (*)(std::basic_ios<char>&)}’
/usr/include/c++/5/ostream:127:7: note: candidate: std::basic_ostream<_CharT, _Traits>::__ostream_type& std::basic_ostream<_CharT, _Traits>::operator<<(std::ios_base& (*)(std::ios_base&)) [with _CharT = char; _Traits = std::char_traits<char>; std::basic_ostream<_CharT, _Traits>::__ostream_type = std::basic_ostream<char>]
       operator<<(ios_base& (*__pf) (ios_base&))
       ^
/usr/include/c++/5/ostream:127:7: note:   no known conversion for argument 1 from ‘std::_Setfill<const char*>’ to ‘std::ios_base& (*)(std::ios_base&)’
/usr/include/c++/5/ostream:166:7: note: candidate: std::basic_ostream<_CharT, _Traits>::__ostream_type& std::basic_ostream<_CharT, _Traits>::operator<<(long int) [with _CharT = char; _Traits = std::char_traits<char>; std::basic_ostream<_CharT, _Traits>::__ostream_type = std::basic_ostream<char>]
       operator<<(long __n)
       ^
/usr/include/c++/5/ostream:166:7: note:   no known conversion for argument 1 from ‘std::_Setfill<const char*>’ to ‘long int’
/usr/include/c++/5/ostream:170:7: note: candidate: std::basic_ostream<_CharT, _Traits>::__ostream_type& std::basic_ostream<_CharT, _Traits>::operator<<(long unsigned int) [with _CharT = char; _Traits = std::char_traits<char>; std::basic_ostream<_CharT, _Traits>::__ostream_type = std::basic_ostream<char>]
       operator<<(unsigned long __n)
       ^
/usr/include/c++/5/ostream:170:7: note:   no known conversion for argument 1 from ‘std::_Setfill<const char*>’ to ‘long unsigned int’
/usr/include/c++/5/ostream:174:7: note: candidate: std::basic_ostream<_CharT, _Traits>::__ostream_type& std::basic_ostream<_CharT, _Traits>::operator<<(bool) [with _CharT = char; _Traits = std::char_traits<char>; std::basic_ostream<_CharT, _Traits>::__ostream_type = std::basic_ostream<char>]
       operator<<(bool __n)
       ^
/usr/include/c++/5/ostream:174:7: note:   no known conversion for argument 1 from ‘std::_Setfill<const char*>’ to ‘bool’
In file included from /usr/include/c++/5/ostream:638:0,
                 from /usr/include/c++/5/iostream:39,
                 from ../src/Bit Shifting.cpp:9:
/usr/include/c++/5/bits/ostream.tcc:91:5: note: candidate: std::basic_ostream<_CharT, _Traits>& std::basic_ostream<_CharT, _Traits>::operator<<(short int) [with _CharT = char; _Traits = std::char_traits<char>]
     basic_ostream<_CharT, _Traits>::
     ^
/usr/include/c++/5/bits/ostream.tcc:91:5: note:   no known conversion for argument 1 from ‘std::_Setfill<const char*>’ to ‘short int’
In file included from /usr/include/c++/5/iostream:39:0,
                 from ../src/Bit Shifting.cpp:9:
/usr/include/c++/5/ostream:181:7: note: candidate: std::basic_ostream<_CharT, _Traits>::__ostream_type& std::basic_ostream<_CharT, _Traits>::operator<<(short unsigned int) [with _CharT = char; _Traits = std::char_traits<char>; std::basic_ostream<_CharT, _Traits>::__ostream_type = std::basic_ostream<char>]
       operator<<(unsigned short __n)
       ^
/usr/include/c++/5/ostream:181:7: note:   no known conversion for argument 1 from ‘std::_Setfill<const char*>’ to ‘short unsigned int’
In file included from /usr/include/c++/5/ostream:638:0,
                 from /usr/include/c++/5/iostream:39,
                 from ../src/Bit Shifting.cpp:9:
/usr/include/c++/5/bits/ostream.tcc:105:5: note: candidate: std::basic_ostream<_CharT, _Traits>& std::basic_ostream<_CharT, _Traits>::operator<<(int) [with _CharT = char; _Traits = std::char_traits<char>]
     basic_ostream<_CharT, _Traits>::
     ^
/usr/include/c++/5/bits/ostream.tcc:105:5: note:   no known conversion for argument 1 from ‘std::_Setfill<const char*>’ to ‘int’
In file included from /usr/include/c++/5/iostream:39:0,
                 from ../src/Bit Shifting.cpp:9:
/usr/include/c++/5/ostream:192:7: note: candidate: std::basic_ostream<_CharT, _Traits>::__ostream_type& std::basic_ostream<_CharT, _Traits>::operator<<(unsigned int) [with _CharT = char; _Traits = std::char_traits<char>; std::basic_ostream<_CharT, _Traits>::__ostream_type = std::basic_ostream<char>]
       operator<<(unsigned int __n)
       ^
/usr/include/c++/5/ostream:192:7: note:   no known conversion for argument 1 from ‘std::_Setfill<const char*>’ to ‘unsigned int’
/usr/include/c++/5/ostream:201:7: note: candidate: std::basic_ostream<_CharT, _Traits>::__ostream_type& std::basic_ostream<_CharT, _Traits>::operator<<(long long int) [with _CharT = char; _Traits = std::char_traits<char>; std::basic_ostream<_CharT, _Traits>::__ostream_type = std::basic_ostream<char>]
       operator<<(long long __n)
       ^
/usr/include/c++/5/ostream:201:7: note:   no known conversion for argument 1 from ‘std::_Setfill<const char*>’ to ‘long long int’
/usr/include/c++/5/ostream:205:7: note: candidate: std::basic_ostream<_CharT, _Traits>::__ostream_type& std::basic_ostream<_CharT, _Traits>::operator<<(long long unsigned int) [with _CharT = char; _Traits = std::char_traits<char>; std::basic_ostream<_CharT, _Traits>::__ostream_type = std::basic_ostream<char>]
       operator<<(unsigned long long __n)
       ^
/usr/include/c++/5/ostream:205:7: note:   no known conversion for argument 1 from ‘std::_Setfill<const char*>’ to ‘long long unsigned int’
/usr/include/c++/5/ostream:220:7: note: candidate: std::basic_ostream<_CharT, _Traits>::__ostream_type& std::basic_ostream<_CharT, _Traits>::operator<<(double) [with _CharT = char; _Traits = std::char_traits<char>; std::basic_ostream<_CharT, _Traits>::__ostream_type = std::basic_ostream<char>]
       operator<<(double __f)
       ^
/usr/include/c++/5/ostream:220:7: note:   no known conversion for argument 1 from ‘std::_Setfill<const char*>’ to ‘double’
/usr/include/c++/5/ostream:224:7: note: candidate: std::basic_ostream<_CharT, _Traits>::__ostream_type& std::basic_ostream<_CharT, _Traits>::operator<<(float) [with _CharT = char; _Traits = std::char_traits<char>; std::basic_ostream<_CharT, _Traits>::__ostream_type = std::basic_ostream<char>]
       operator<<(float __f)
       ^
/usr/include/c++/5/ostream:224:7: note:   no known conversion for argument 1 from ‘std::_Setfill<const char*>’ to ‘float’
/usr/include/c++/5/ostream:232:7: note: candidate: std::basic_ostream<_CharT, _Traits>::__ostream_type& std::basic_ostream<_CharT, _Traits>::operator<<(long double) [with _CharT = char; _Traits = std::char_traits<char>; std::basic_ostream<_CharT, _Traits>::__ostream_type = std::basic_ostream<char>]
       operator<<(long double __f)
       ^
/usr/include/c++/5/ostream:232:7: note:   no known conversion for argument 1 from ‘std::_Setfill<const char*>’ to ‘long double’
/usr/include/c++/5/ostream:245:7: note: candidate: std::basic_ostream<_CharT, _Traits>::__ostream_type& std::basic_ostream<_CharT, _Traits>::operator<<(const void*) [with _CharT = char; _Traits = std::char_traits<char>; std::basic_ostream<_CharT, _Traits>::__ostream_type = std::basic_ostream<char>]
       operator<<(const void* __p)
       ^
/usr/include/c++/5/ostream:245:7: note:   no known conversion for argument 1 from ‘std::_Setfill<const char*>’ to ‘const void*’
In file included from /usr/include/c++/5/ostream:638:0,
                 from /usr/include/c++/5/iostream:39,
                 from ../src/Bit Shifting.cpp:9:
/usr/include/c++/5/bits/ostream.tcc:119:5: note: candidate: std::basic_ostream<_CharT, _Traits>& std::basic_ostream<_CharT, _Traits>::operator<<(std::basic_ostream<_CharT, _Traits>::__streambuf_type*) [with _CharT = char; _Traits = std::char_traits<char>; std::basic_ostream<_CharT, _Traits>::__streambuf_type = std::basic_streambuf<char>]
     basic_ostream<_CharT, _Traits>::
     ^
/usr/include/c++/5/bits/ostream.tcc:119:5: note:   no known conversion for argument 1 from ‘std::_Setfill<const char*>’ to ‘std::basic_ostream<char>::__streambuf_type* {aka std::basic_streambuf<char>*}’
In file included from /usr/include/c++/5/string:52:0,
                 from /usr/include/c++/5/bits/locale_classes.h:40,
                 from /usr/include/c++/5/bits/ios_base.h:41,
                 from /usr/include/c++/5/ios:42,
                 from /usr/include/c++/5/ostream:38,
                 from /usr/include/c++/5/iostream:39,
                 from ../src/Bit Shifting.cpp:9:
/usr/include/c++/5/bits/basic_string.h:5172:5: note: candidate: template<class _CharT, class _Traits, class _Alloc> std::basic_ostream<_CharT, _Traits>& std::operator<<(std::basic_ostream<_CharT, _Traits>&, const std::__cxx11::basic_string<_CharT, _Traits, _Alloc>&)
     operator<<(basic_ostream<_CharT, _Traits>& __os,
     ^
/usr/include/c++/5/bits/basic_string.h:5172:5: note:   template argument deduction/substitution failed:
../src/Bit Shifting.cpp:21:21: note:   ‘std::_Setfill<const char*>’ is not derived from ‘const std::__cxx11::basic_string<_CharT, _Traits, _Alloc>’
  cout << setfill("0") << setWidth(8) << hex << color << endl;
                     ^
In file included from /usr/include/c++/5/iostream:39:0,
                 from ../src/Bit Shifting.cpp:9:
/usr/include/c++/5/ostream:497:5: note: candidate: template<class _CharT, class _Traits> std::basic_ostream<_CharT, _Traits>& std::operator<<(std::basic_ostream<_CharT, _Traits>&, _CharT)
     operator<<(basic_ostream<_CharT, _Traits>& __out, _CharT __c)
     ^
/usr/include/c++/5/ostream:497:5: note:   template argument deduction/substitution failed:
../src/Bit Shifting.cpp:21:21: note:   deduced conflicting types for parameter ‘_CharT’ (‘char’ and ‘std::_Setfill<const char*>’)
  cout << setfill("0") << setWidth(8) << hex << color << endl;
                     ^
In file included from /usr/include/c++/5/iostream:39:0,
                 from ../src/Bit Shifting.cpp:9:
/usr/include/c++/5/ostream:502:5: note: candidate: template<class _CharT, class _Traits> std::basic_ostream<_CharT, _Traits>& std::operator<<(std::basic_ostream<_CharT, _Traits>&, char)
     operator<<(basic_ostream<_CharT, _Traits>& __out, char __c)
     ^
/usr/include/c++/5/ostream:502:5: note:   template argument deduction/substitution failed:
../src/Bit Shifting.cpp:21:17: note:   cannot convert ‘std::setfill<const char*>(((const char*)"0"))’ (type ‘std::_Setfill<const char*>’) to type ‘char’
  cout << setfill("0") << setWidth(8) << hex << color << endl;
                 ^
In file included from /usr/include/c++/5/iostream:39:0,
                 from ../src/Bit Shifting.cpp:9:
/usr/include/c++/5/ostream:508:5: note: candidate: template<class _Traits> std::basic_ostream<char, _Traits>& std::operator<<(std::basic_ostream<char, _Traits>&, char)
     operator<<(basic_ostream<char, _Traits>& __out, char __c)
     ^
/usr/include/c++/5/ostream:508:5: note:   template argument deduction/substitution failed:
../src/Bit Shifting.cpp:21:17: note:   cannot convert ‘std::setfill<const char*>(((const char*)"0"))’ (type ‘std::_Setfill<const char*>’) to type ‘char’
  cout << setfill("0") << setWidth(8) << hex << color << endl;
                 ^
In file included from /usr/include/c++/5/iostream:39:0,
                 from ../src/Bit Shifting.cpp:9:
/usr/include/c++/5/ostream:514:5: note: candidate: template<class _Traits> std::basic_ostream<char, _Traits>& std::operator<<(std::basic_ostream<char, _Traits>&, signed char)
     operator<<(basic_ostream<char, _Traits>& __out, signed char __c)
     ^
/usr/include/c++/5/ostream:514:5: note:   template argument deduction/substitution failed:
../src/Bit Shifting.cpp:21:17: note:   cannot convert ‘std::setfill<const char*>(((const char*)"0"))’ (type ‘std::_Setfill<const char*>’) to type ‘signed char’
  cout << setfill("0") << setWidth(8) << hex << color << endl;
                 ^
In file included from /usr/include/c++/5/iostream:39:0,
                 from ../src/Bit Shifting.cpp:9:
/usr/include/c++/5/ostream:519:5: note: candidate: template<class _Traits> std::basic_ostream<char, _Traits>& std::operator<<(std::basic_ostream<char, _Traits>&, unsigned char)
     operator<<(basic_ostream<char, _Traits>& __out, unsigned char __c)
     ^
/usr/include/c++/5/ostream:519:5: note:   template argument deduction/substitution failed:
../src/Bit Shifting.cpp:21:17: note:   cannot convert ‘std::setfill<const char*>(((const char*)"0"))’ (type ‘std::_Setfill<const char*>’) to type ‘unsigned char’
  cout << setfill("0") << setWidth(8) << hex << color << endl;
                 ^
In file included from /usr/include/c++/5/iostream:39:0,
                 from ../src/Bit Shifting.cpp:9:
/usr/include/c++/5/ostream:539:5: note: candidate: template<class _CharT, class _Traits> std::basic_ostream<_CharT, _Traits>& std::operator<<(std::basic_ostream<_CharT, _Traits>&, const _CharT*)
     operator<<(basic_ostream<_CharT, _Traits>& __out, const _CharT* __s)
     ^
/usr/include/c++/5/ostream:539:5: note:   template argument deduction/substitution failed:
../src/Bit Shifting.cpp:21:21: note:   mismatched types ‘const _CharT*’ and ‘std::_Setfill<const char*>’
  cout << setfill("0") << setWidth(8) << hex << color << endl;
                     ^
In file included from /usr/include/c++/5/ostream:638:0,
                 from /usr/include/c++/5/iostream:39,
                 from ../src/Bit Shifting.cpp:9:
/usr/include/c++/5/bits/ostream.tcc:321:5: note: candidate: template<class _CharT, class _Traits> std::basic_ostream<_CharT, _Traits>& std::operator<<(std::basic_ostream<_CharT, _Traits>&, const char*)
     operator<<(basic_ostream<_CharT, _Traits>& __out, const char* __s)
     ^
/usr/include/c++/5/bits/ostream.tcc:321:5: note:   template argument deduction/substitution failed:
../src/Bit Shifting.cpp:21:17: note:   cannot convert ‘std::setfill<const char*>(((const char*)"0"))’ (type ‘std::_Setfill<const char*>’) to type ‘const char*’
  cout << setfill("0") << setWidth(8) << hex << color << endl;
                 ^
In file included from /usr/include/c++/5/iostream:39:0,
                 from ../src/Bit Shifting.cpp:9:
/usr/include/c++/5/ostream:556:5: note: candidate: template<class _Traits> std::basic_ostream<char, _Traits>& std::operator<<(std::basic_ostream<char, _Traits>&, const char*)
     operator<<(basic_ostream<char, _Traits>& __out, const char* __s)
     ^
/usr/include/c++/5/ostream:556:5: note:   template argument deduction/substitution failed:
../src/Bit Shifting.cpp:21:17: note:   cannot convert ‘std::setfill<const char*>(((const char*)"0"))’ (type ‘std::_Setfill<const char*>’) to type ‘const char*’
  cout << setfill("0") << setWidth(8) << hex << color << endl;
                 ^
In file included from /usr/include/c++/5/iostream:39:0,
                 from ../src/Bit Shifting.cpp:9:
/usr/include/c++/5/ostream:569:5: note: candidate: template<class _Traits> std::basic_ostream<char, _Traits>& std::operator<<(std::basic_ostream<char, _Traits>&, const signed char*)
     operator<<(basic_ostream<char, _Traits>& __out, const signed char* __s)
     ^
/usr/include/c++/5/ostream:569:5: note:   template argument deduction/substitution failed:
../src/Bit Shifting.cpp:21:17: note:   cannot convert ‘std::setfill<const char*>(((const char*)"0"))’ (type ‘std::_Setfill<const char*>’) to type ‘const signed char*’
  cout << setfill("0") << setWidth(8) << hex << color << endl;
                 ^
In file included from /usr/include/c++/5/iostream:39:0,
                 from ../src/Bit Shifting.cpp:9:
/usr/include/c++/5/ostream:574:5: note: candidate: template<class _Traits> std::basic_ostream<char, _Traits>& std::operator<<(std::basic_ostream<char, _Traits>&, const unsigned char*)
     operator<<(basic_ostream<char, _Traits>& __out, const unsigned char* __s)
     ^
/usr/include/c++/5/ostream:574:5: note:   template argument deduction/substitution failed:
../src/Bit Shifting.cpp:21:17: note:   cannot convert ‘std::setfill<const char*>(((const char*)"0"))’ (type ‘std::_Setfill<const char*>’) to type ‘const unsigned char*’
  cout << setfill("0") << setWidth(8) << hex << color << endl;
                 ^
In file included from ../src/Bit Shifting.cpp:10:0:
/usr/include/c++/5/iomanip:79:5: note: candidate: template<class _CharT, class _Traits> std::basic_ostream<_CharT, _Traits>& std::operator<<(std::basic_ostream<_CharT, _Traits>&, std::_Resetiosflags)
     operator<<(basic_ostream<_CharT, _Traits>& __os, _Resetiosflags __f)
     ^
/usr/include/c++/5/iomanip:79:5: note:   template argument deduction/substitution failed:
../src/Bit Shifting.cpp:21:17: note:   cannot convert ‘std::setfill<const char*>(((const char*)"0"))’ (type ‘std::_Setfill<const char*>’) to type ‘std::_Resetiosflags’
  cout << setfill("0") << setWidth(8) << hex << color << endl;
                 ^
In file included from ../src/Bit Shifting.cpp:10:0:
/usr/include/c++/5/iomanip:109:5: note: candidate: template<class _CharT, class _Traits> std::basic_ostream<_CharT, _Traits>& std::operator<<(std::basic_ostream<_CharT, _Traits>&, std::_Setiosflags)
     operator<<(basic_ostream<_CharT, _Traits>& __os, _Setiosflags __f)
     ^
/usr/include/c++/5/iomanip:109:5: note:   template argument deduction/substitution failed:
../src/Bit Shifting.cpp:21:17: note:   cannot convert ‘std::setfill<const char*>(((const char*)"0"))’ (type ‘std::_Setfill<const char*>’) to type ‘std::_Setiosflags’
  cout << setfill("0") << setWidth(8) << hex << color << endl;
                 ^
In file included from ../src/Bit Shifting.cpp:10:0:
/usr/include/c++/5/iomanip:143:5: note: candidate: template<class _CharT, class _Traits> std::basic_ostream<_CharT, _Traits>& std::operator<<(std::basic_ostream<_CharT, _Traits>&, std::_Setbase)
     operator<<(basic_ostream<_CharT, _Traits>& __os, _Setbase __f)
     ^
/usr/include/c++/5/iomanip:143:5: note:   template argument deduction/substitution failed:
../src/Bit Shifting.cpp:21:17: note:   cannot convert ‘std::setfill<const char*>(((const char*)"0"))’ (type ‘std::_Setfill<const char*>’) to type ‘std::_Setbase’
  cout << setfill("0") << setWidth(8) << hex << color << endl;
                 ^
In file included from ../src/Bit Shifting.cpp:10:0:
/usr/include/c++/5/iomanip:178:5: note: candidate: template<class _CharT, class _Traits> std::basic_ostream<_CharT, _Traits>& std::operator<<(std::basic_ostream<_CharT, _Traits>&, std::_Setfill<_CharT>)
     operator<<(basic_ostream<_CharT, _Traits>& __os, _Setfill<_CharT> __f)
     ^
/usr/include/c++/5/iomanip:178:5: note:   template argument deduction/substitution failed:
../src/Bit Shifting.cpp:21:21: note:   deduced conflicting types for parameter ‘_CharT’ (‘char’ and ‘const char*’)
  cout << setfill("0") << setWidth(8) << hex << color << endl;
                     ^
In file included from ../src/Bit Shifting.cpp:10:0:
/usr/include/c++/5/iomanip:208:5: note: candidate: template<class _CharT, class _Traits> std::basic_ostream<_CharT, _Traits>& std::operator<<(std::basic_ostream<_CharT, _Traits>&, std::_Setprecision)
     operator<<(basic_ostream<_CharT, _Traits>& __os, _Setprecision __f)
     ^
/usr/include/c++/5/iomanip:208:5: note:   template argument deduction/substitution failed:
../src/Bit Shifting.cpp:21:17: note:   cannot convert ‘std::setfill<const char*>(((const char*)"0"))’ (type ‘std::_Setfill<const char*>’) to type ‘std::_Setprecision’
  cout << setfill("0") << setWidth(8) << hex << color << endl;
                 ^
In file included from ../src/Bit Shifting.cpp:10:0:
/usr/include/c++/5/iomanip:238:5: note: candidate: template<class _CharT, class _Traits> std::basic_ostream<_CharT, _Traits>& std::operator<<(std::basic_ostream<_CharT, _Traits>&, std::_Setw)
     operator<<(basic_ostream<_CharT, _Traits>& __os, _Setw __f)
     ^
/usr/include/c++/5/iomanip:238:5: note:   template argument deduction/substitution failed:
../src/Bit Shifting.cpp:21:17: note:   cannot convert ‘std::setfill<const char*>(((const char*)"0"))’ (type ‘std::_Setfill<const char*>’) to type ‘std::_Setw’
  cout << setfill("0") << setWidth(8) << hex << color << endl;
                 ^
../src/Bit Shifting.cpp:21:36: error: ‘setWidth’ was not declared in this scope
  cout << setfill("0") << setWidth(8) << hex << color << endl;
                                    ^
../src/Bit Shifting.cpp:15:16: warning: unused variable ‘red’ [-Wunused-variable]
  unsigned char red = 0x12;
                ^
../src/Bit Shifting.cpp:16:16: warning: unused variable ‘blue’ [-Wunused-variable]
  unsigned char blue = 0x34;
                ^
../src/Bit Shifting.cpp:17:16: warning: unused variable ‘green’ [-Wunused-variable]
  unsigned char green = 0x56;
                ^
make: *** [src/Bit Shifting.o] Error 1
22:03:58 **** Incremental Build of configuration Debug for project Bit Shifting ****
make all 
Building file: ../src/Bit Shifting.cpp
Invoking: Cross G++ Compiler
g++ -O0 -g3 -Wall -c -fmessage-length=0 -MMD -MP -MF"src/Bit Shifting.d" -MT"src/Bit\ Shifting.d" -o "src/Bit Shifting.o" "../src/Bit Shifting.cpp"
../src/Bit Shifting.cpp: In function ‘int main()’:
../src/Bit Shifting.cpp:21:7: error: no match for ‘operator<<’ (operand types are ‘std::ostream {aka std::basic_ostream<char>}’ and ‘std::_Setfill<const char*>’)
  cout << setfill("0") << setw(8) << hex << color << endl;
       ^
In file included from /usr/include/c++/5/iostream:39:0,
                 from ../src/Bit Shifting.cpp:9:
/usr/include/c++/5/ostream:108:7: note: candidate: std::basic_ostream<_CharT, _Traits>::__ostream_type& std::basic_ostream<_CharT, _Traits>::operator<<(std::basic_ostream<_CharT, _Traits>::__ostream_type& (*)(std::basic_ostream<_CharT, _Traits>::__ostream_type&)) [with _CharT = char; _Traits = std::char_traits<char>; std::basic_ostream<_CharT, _Traits>::__ostream_type = std::basic_ostream<char>]
       operator<<(__ostream_type& (*__pf)(__ostream_type&))
       ^
/usr/include/c++/5/ostream:108:7: note:   no known conversion for argument 1 from ‘std::_Setfill<const char*>’ to ‘std::basic_ostream<char>::__ostream_type& (*)(std::basic_ostream<char>::__ostream_type&) {aka std::basic_ostream<char>& (*)(std::basic_ostream<char>&)}’
/usr/include/c++/5/ostream:117:7: note: candidate: std::basic_ostream<_CharT, _Traits>::__ostream_type& std::basic_ostream<_CharT, _Traits>::operator<<(std::basic_ostream<_CharT, _Traits>::__ios_type& (*)(std::basic_ostream<_CharT, _Traits>::__ios_type&)) [with _CharT = char; _Traits = std::char_traits<char>; std::basic_ostream<_CharT, _Traits>::__ostream_type = std::basic_ostream<char>; std::basic_ostream<_CharT, _Traits>::__ios_type = std::basic_ios<char>]
src/subdir.mk:18: recipe for target 'src/Bit Shifting.o' failed
       operator<<(__ios_type& (*__pf)(__ios_type&))
       ^
/usr/include/c++/5/ostream:117:7: note:   no known conversion for argument 1 from ‘std::_Setfill<const char*>’ to ‘std::basic_ostream<char>::__ios_type& (*)(std::basic_ostream<char>::__ios_type&) {aka std::basic_ios<char>& (*)(std::basic_ios<char>&)}’
/usr/include/c++/5/ostream:127:7: note: candidate: std::basic_ostream<_CharT, _Traits>::__ostream_type& std::basic_ostream<_CharT, _Traits>::operator<<(std::ios_base& (*)(std::ios_base&)) [with _CharT = char; _Traits = std::char_traits<char>; std::basic_ostream<_CharT, _Traits>::__ostream_type = std::basic_ostream<char>]
       operator<<(ios_base& (*__pf) (ios_base&))
       ^
/usr/include/c++/5/ostream:127:7: note:   no known conversion for argument 1 from ‘std::_Setfill<const char*>’ to ‘std::ios_base& (*)(std::ios_base&)’
/usr/include/c++/5/ostream:166:7: note: candidate: std::basic_ostream<_CharT, _Traits>::__ostream_type& std::basic_ostream<_CharT, _Traits>::operator<<(long int) [with _CharT = char; _Traits = std::char_traits<char>; std::basic_ostream<_CharT, _Traits>::__ostream_type = std::basic_ostream<char>]
       operator<<(long __n)
       ^
/usr/include/c++/5/ostream:166:7: note:   no known conversion for argument 1 from ‘std::_Setfill<const char*>’ to ‘long int’
/usr/include/c++/5/ostream:170:7: note: candidate: std::basic_ostream<_CharT, _Traits>::__ostream_type& std::basic_ostream<_CharT, _Traits>::operator<<(long unsigned int) [with _CharT = char; _Traits = std::char_traits<char>; std::basic_ostream<_CharT, _Traits>::__ostream_type = std::basic_ostream<char>]
       operator<<(unsigned long __n)
       ^
/usr/include/c++/5/ostream:170:7: note:   no known conversion for argument 1 from ‘std::_Setfill<const char*>’ to ‘long unsigned int’
/usr/include/c++/5/ostream:174:7: note: candidate: std::basic_ostream<_CharT, _Traits>::__ostream_type& std::basic_ostream<_CharT, _Traits>::operator<<(bool) [with _CharT = char; _Traits = std::char_traits<char>; std::basic_ostream<_CharT, _Traits>::__ostream_type = std::basic_ostream<char>]
       operator<<(bool __n)
       ^
/usr/include/c++/5/ostream:174:7: note:   no known conversion for argument 1 from ‘std::_Setfill<const char*>’ to ‘bool’
In file included from /usr/include/c++/5/ostream:638:0,
                 from /usr/include/c++/5/iostream:39,
                 from ../src/Bit Shifting.cpp:9:
/usr/include/c++/5/bits/ostream.tcc:91:5: note: candidate: std::basic_ostream<_CharT, _Traits>& std::basic_ostream<_CharT, _Traits>::operator<<(short int) [with _CharT = char; _Traits = std::char_traits<char>]
     basic_ostream<_CharT, _Traits>::
     ^
/usr/include/c++/5/bits/ostream.tcc:91:5: note:   no known conversion for argument 1 from ‘std::_Setfill<const char*>’ to ‘short int’
In file included from /usr/include/c++/5/iostream:39:0,
                 from ../src/Bit Shifting.cpp:9:
/usr/include/c++/5/ostream:181:7: note: candidate: std::basic_ostream<_CharT, _Traits>::__ostream_type& std::basic_ostream<_CharT, _Traits>::operator<<(short unsigned int) [with _CharT = char; _Traits = std::char_traits<char>; std::basic_ostream<_CharT, _Traits>::__ostream_type = std::basic_ostream<char>]
       operator<<(unsigned short __n)
       ^
/usr/include/c++/5/ostream:181:7: note:   no known conversion for argument 1 from ‘std::_Setfill<const char*>’ to ‘short unsigned int’
In file included from /usr/include/c++/5/ostream:638:0,
                 from /usr/include/c++/5/iostream:39,
                 from ../src/Bit Shifting.cpp:9:
/usr/include/c++/5/bits/ostream.tcc:105:5: note: candidate: std::basic_ostream<_CharT, _Traits>& std::basic_ostream<_CharT, _Traits>::operator<<(int) [with _CharT = char; _Traits = std::char_traits<char>]
     basic_ostream<_CharT, _Traits>::
     ^
/usr/include/c++/5/bits/ostream.tcc:105:5: note:   no known conversion for argument 1 from ‘std::_Setfill<const char*>’ to ‘int’
In file included from /usr/include/c++/5/iostream:39:0,
                 from ../src/Bit Shifting.cpp:9:
/usr/include/c++/5/ostream:192:7: note: candidate: std::basic_ostream<_CharT, _Traits>::__ostream_type& std::basic_ostream<_CharT, _Traits>::operator<<(unsigned int) [with _CharT = char; _Traits = std::char_traits<char>; std::basic_ostream<_CharT, _Traits>::__ostream_type = std::basic_ostream<char>]
       operator<<(unsigned int __n)
       ^
/usr/include/c++/5/ostream:192:7: note:   no known conversion for argument 1 from ‘std::_Setfill<const char*>’ to ‘unsigned int’
/usr/include/c++/5/ostream:201:7: note: candidate: std::basic_ostream<_CharT, _Traits>::__ostream_type& std::basic_ostream<_CharT, _Traits>::operator<<(long long int) [with _CharT = char; _Traits = std::char_traits<char>; std::basic_ostream<_CharT, _Traits>::__ostream_type = std::basic_ostream<char>]
       operator<<(long long __n)
       ^
/usr/include/c++/5/ostream:201:7: note:   no known conversion for argument 1 from ‘std::_Setfill<const char*>’ to ‘long long int’
/usr/include/c++/5/ostream:205:7: note: candidate: std::basic_ostream<_CharT, _Traits>::__ostream_type& std::basic_ostream<_CharT, _Traits>::operator<<(long long unsigned int) [with _CharT = char; _Traits = std::char_traits<char>; std::basic_ostream<_CharT, _Traits>::__ostream_type = std::basic_ostream<char>]
       operator<<(unsigned long long __n)
       ^
/usr/include/c++/5/ostream:205:7: note:   no known conversion for argument 1 from ‘std::_Setfill<const char*>’ to ‘long long unsigned int’
/usr/include/c++/5/ostream:220:7: note: candidate: std::basic_ostream<_CharT, _Traits>::__ostream_type& std::basic_ostream<_CharT, _Traits>::operator<<(double) [with _CharT = char; _Traits = std::char_traits<char>; std::basic_ostream<_CharT, _Traits>::__ostream_type = std::basic_ostream<char>]
       operator<<(double __f)
       ^
/usr/include/c++/5/ostream:220:7: note:   no known conversion for argument 1 from ‘std::_Setfill<const char*>’ to ‘double’
/usr/include/c++/5/ostream:224:7: note: candidate: std::basic_ostream<_CharT, _Traits>::__ostream_type& std::basic_ostream<_CharT, _Traits>::operator<<(float) [with _CharT = char; _Traits = std::char_traits<char>; std::basic_ostream<_CharT, _Traits>::__ostream_type = std::basic_ostream<char>]
       operator<<(float __f)
       ^
/usr/include/c++/5/ostream:224:7: note:   no known conversion for argument 1 from ‘std::_Setfill<const char*>’ to ‘float’
/usr/include/c++/5/ostream:232:7: note: candidate: std::basic_ostream<_CharT, _Traits>::__ostream_type& std::basic_ostream<_CharT, _Traits>::operator<<(long double) [with _CharT = char; _Traits = std::char_traits<char>; std::basic_ostream<_CharT, _Traits>::__ostream_type = std::basic_ostream<char>]
       operator<<(long double __f)
       ^
/usr/include/c++/5/ostream:232:7: note:   no known conversion for argument 1 from ‘std::_Setfill<const char*>’ to ‘long double’
/usr/include/c++/5/ostream:245:7: note: candidate: std::basic_ostream<_CharT, _Traits>::__ostream_type& std::basic_ostream<_CharT, _Traits>::operator<<(const void*) [with _CharT = char; _Traits = std::char_traits<char>; std::basic_ostream<_CharT, _Traits>::__ostream_type = std::basic_ostream<char>]
       operator<<(const void* __p)
       ^
/usr/include/c++/5/ostream:245:7: note:   no known conversion for argument 1 from ‘std::_Setfill<const char*>’ to ‘const void*’
In file included from /usr/include/c++/5/ostream:638:0,
                 from /usr/include/c++/5/iostream:39,
                 from ../src/Bit Shifting.cpp:9:
/usr/include/c++/5/bits/ostream.tcc:119:5: note: candidate: std::basic_ostream<_CharT, _Traits>& std::basic_ostream<_CharT, _Traits>::operator<<(std::basic_ostream<_CharT, _Traits>::__streambuf_type*) [with _CharT = char; _Traits = std::char_traits<char>; std::basic_ostream<_CharT, _Traits>::__streambuf_type = std::basic_streambuf<char>]
     basic_ostream<_CharT, _Traits>::
     ^
/usr/include/c++/5/bits/ostream.tcc:119:5: note:   no known conversion for argument 1 from ‘std::_Setfill<const char*>’ to ‘std::basic_ostream<char>::__streambuf_type* {aka std::basic_streambuf<char>*}’
In file included from /usr/include/c++/5/string:52:0,
                 from /usr/include/c++/5/bits/locale_classes.h:40,
                 from /usr/include/c++/5/bits/ios_base.h:41,
                 from /usr/include/c++/5/ios:42,
                 from /usr/include/c++/5/ostream:38,
                 from /usr/include/c++/5/iostream:39,
                 from ../src/Bit Shifting.cpp:9:
/usr/include/c++/5/bits/basic_string.h:5172:5: note: candidate: template<class _CharT, class _Traits, class _Alloc> std::basic_ostream<_CharT, _Traits>& std::operator<<(std::basic_ostream<_CharT, _Traits>&, const std::__cxx11::basic_string<_CharT, _Traits, _Alloc>&)
     operator<<(basic_ostream<_CharT, _Traits>& __os,
     ^
/usr/include/c++/5/bits/basic_string.h:5172:5: note:   template argument deduction/substitution failed:
../src/Bit Shifting.cpp:21:21: note:   ‘std::_Setfill<const char*>’ is not derived from ‘const std::__cxx11::basic_string<_CharT, _Traits, _Alloc>’
  cout << setfill("0") << setw(8) << hex << color << endl;
                     ^
In file included from /usr/include/c++/5/iostream:39:0,
                 from ../src/Bit Shifting.cpp:9:
/usr/include/c++/5/ostream:497:5: note: candidate: template<class _CharT, class _Traits> std::basic_ostream<_CharT, _Traits>& std::operator<<(std::basic_ostream<_CharT, _Traits>&, _CharT)
     operator<<(basic_ostream<_CharT, _Traits>& __out, _CharT __c)
     ^
/usr/include/c++/5/ostream:497:5: note:   template argument deduction/substitution failed:
../src/Bit Shifting.cpp:21:21: note:   deduced conflicting types for parameter ‘_CharT’ (‘char’ and ‘std::_Setfill<const char*>’)
  cout << setfill("0") << setw(8) << hex << color << endl;
                     ^
In file included from /usr/include/c++/5/iostream:39:0,
                 from ../src/Bit Shifting.cpp:9:
/usr/include/c++/5/ostream:502:5: note: candidate: template<class _CharT, class _Traits> std::basic_ostream<_CharT, _Traits>& std::operator<<(std::basic_ostream<_CharT, _Traits>&, char)
     operator<<(basic_ostream<_CharT, _Traits>& __out, char __c)
     ^
/usr/include/c++/5/ostream:502:5: note:   template argument deduction/substitution failed:
../src/Bit Shifting.cpp:21:17: note:   cannot convert ‘std::setfill<const char*>(((const char*)"0"))’ (type ‘std::_Setfill<const char*>’) to type ‘char’
  cout << setfill("0") << setw(8) << hex << color << endl;
                 ^
In file included from /usr/include/c++/5/iostream:39:0,
                 from ../src/Bit Shifting.cpp:9:
/usr/include/c++/5/ostream:508:5: note: candidate: template<class _Traits> std::basic_ostream<char, _Traits>& std::operator<<(std::basic_ostream<char, _Traits>&, char)
     operator<<(basic_ostream<char, _Traits>& __out, char __c)
     ^
/usr/include/c++/5/ostream:508:5: note:   template argument deduction/substitution failed:
../src/Bit Shifting.cpp:21:17: note:   cannot convert ‘std::setfill<const char*>(((const char*)"0"))’ (type ‘std::_Setfill<const char*>’) to type ‘char’
  cout << setfill("0") << setw(8) << hex << color << endl;
                 ^
In file included from /usr/include/c++/5/iostream:39:0,
                 from ../src/Bit Shifting.cpp:9:
/usr/include/c++/5/ostream:514:5: note: candidate: template<class _Traits> std::basic_ostream<char, _Traits>& std::operator<<(std::basic_ostream<char, _Traits>&, signed char)
     operator<<(basic_ostream<char, _Traits>& __out, signed char __c)
     ^
/usr/include/c++/5/ostream:514:5: note:   template argument deduction/substitution failed:
../src/Bit Shifting.cpp:21:17: note:   cannot convert ‘std::setfill<const char*>(((const char*)"0"))’ (type ‘std::_Setfill<const char*>’) to type ‘signed char’
  cout << setfill("0") << setw(8) << hex << color << endl;
                 ^
In file included from /usr/include/c++/5/iostream:39:0,
                 from ../src/Bit Shifting.cpp:9:
/usr/include/c++/5/ostream:519:5: note: candidate: template<class _Traits> std::basic_ostream<char, _Traits>& std::operator<<(std::basic_ostream<char, _Traits>&, unsigned char)
     operator<<(basic_ostream<char, _Traits>& __out, unsigned char __c)
     ^
/usr/include/c++/5/ostream:519:5: note:   template argument deduction/substitution failed:
../src/Bit Shifting.cpp:21:17: note:   cannot convert ‘std::setfill<const char*>(((const char*)"0"))’ (type ‘std::_Setfill<const char*>’) to type ‘unsigned char’
  cout << setfill("0") << setw(8) << hex << color << endl;
                 ^
In file included from /usr/include/c++/5/iostream:39:0,
                 from ../src/Bit Shifting.cpp:9:
/usr/include/c++/5/ostream:539:5: note: candidate: template<class _CharT, class _Traits> std::basic_ostream<_CharT, _Traits>& std::operator<<(std::basic_ostream<_CharT, _Traits>&, const _CharT*)
     operator<<(basic_ostream<_CharT, _Traits>& __out, const _CharT* __s)
     ^
/usr/include/c++/5/ostream:539:5: note:   template argument deduction/substitution failed:
../src/Bit Shifting.cpp:21:21: note:   mismatched types ‘const _CharT*’ and ‘std::_Setfill<const char*>’
  cout << setfill("0") << setw(8) << hex << color << endl;
                     ^
In file included from /usr/include/c++/5/ostream:638:0,
                 from /usr/include/c++/5/iostream:39,
                 from ../src/Bit Shifting.cpp:9:
/usr/include/c++/5/bits/ostream.tcc:321:5: note: candidate: template<class _CharT, class _Traits> std::basic_ostream<_CharT, _Traits>& std::operator<<(std::basic_ostream<_CharT, _Traits>&, const char*)
     operator<<(basic_ostream<_CharT, _Traits>& __out, const char* __s)
     ^
/usr/include/c++/5/bits/ostream.tcc:321:5: note:   template argument deduction/substitution failed:
../src/Bit Shifting.cpp:21:17: note:   cannot convert ‘std::setfill<const char*>(((const char*)"0"))’ (type ‘std::_Setfill<const char*>’) to type ‘const char*’
  cout << setfill("0") << setw(8) << hex << color << endl;
                 ^
In file included from /usr/include/c++/5/iostream:39:0,
                 from ../src/Bit Shifting.cpp:9:
/usr/include/c++/5/ostream:556:5: note: candidate: template<class _Traits> std::basic_ostream<char, _Traits>& std::operator<<(std::basic_ostream<char, _Traits>&, const char*)
     operator<<(basic_ostream<char, _Traits>& __out, const char* __s)
     ^
/usr/include/c++/5/ostream:556:5: note:   template argument deduction/substitution failed:
../src/Bit Shifting.cpp:21:17: note:   cannot convert ‘std::setfill<const char*>(((const char*)"0"))’ (type ‘std::_Setfill<const char*>’) to type ‘const char*’
  cout << setfill("0") << setw(8) << hex << color << endl;
                 ^
In file included from /usr/include/c++/5/iostream:39:0,
                 from ../src/Bit Shifting.cpp:9:
/usr/include/c++/5/ostream:569:5: note: candidate: template<class _Traits> std::basic_ostream<char, _Traits>& std::operator<<(std::basic_ostream<char, _Traits>&, const signed char*)
     operator<<(basic_ostream<char, _Traits>& __out, const signed char* __s)
     ^
/usr/include/c++/5/ostream:569:5: note:   template argument deduction/substitution failed:
../src/Bit Shifting.cpp:21:17: note:   cannot convert ‘std::setfill<const char*>(((const char*)"0"))’ (type ‘std::_Setfill<const char*>’) to type ‘const signed char*’
  cout << setfill("0") << setw(8) << hex << color << endl;
                 ^
In file included from /usr/include/c++/5/iostream:39:0,
                 from ../src/Bit Shifting.cpp:9:
/usr/include/c++/5/ostream:574:5: note: candidate: template<class _Traits> std::basic_ostream<char, _Traits>& std::operator<<(std::basic_ostream<char, _Traits>&, const unsigned char*)
     operator<<(basic_ostream<char, _Traits>& __out, const unsigned char* __s)
     ^
/usr/include/c++/5/ostream:574:5: note:   template argument deduction/substitution failed:
../src/Bit Shifting.cpp:21:17: note:   cannot convert ‘std::setfill<const char*>(((const char*)"0"))’ (type ‘std::_Setfill<const char*>’) to type ‘const unsigned char*’
  cout << setfill("0") << setw(8) << hex << color << endl;
                 ^
In file included from ../src/Bit Shifting.cpp:10:0:
/usr/include/c++/5/iomanip:79:5: note: candidate: template<class _CharT, class _Traits> std::basic_ostream<_CharT, _Traits>& std::operator<<(std::basic_ostream<_CharT, _Traits>&, std::_Resetiosflags)
     operator<<(basic_ostream<_CharT, _Traits>& __os, _Resetiosflags __f)
     ^
/usr/include/c++/5/iomanip:79:5: note:   template argument deduction/substitution failed:
../src/Bit Shifting.cpp:21:17: note:   cannot convert ‘std::setfill<const char*>(((const char*)"0"))’ (type ‘std::_Setfill<const char*>’) to type ‘std::_Resetiosflags’
  cout << setfill("0") << setw(8) << hex << color << endl;
                 ^
In file included from ../src/Bit Shifting.cpp:10:0:
/usr/include/c++/5/iomanip:109:5: note: candidate: template<class _CharT, class _Traits> std::basic_ostream<_CharT, _Traits>& std::operator<<(std::basic_ostream<_CharT, _Traits>&, std::_Setiosflags)
     operator<<(basic_ostream<_CharT, _Traits>& __os, _Setiosflags __f)
     ^
/usr/include/c++/5/iomanip:109:5: note:   template argument deduction/substitution failed:
../src/Bit Shifting.cpp:21:17: note:   cannot convert ‘std::setfill<const char*>(((const char*)"0"))’ (type ‘std::_Setfill<const char*>’) to type ‘std::_Setiosflags’
  cout << setfill("0") << setw(8) << hex << color << endl;
                 ^
In file included from ../src/Bit Shifting.cpp:10:0:
/usr/include/c++/5/iomanip:143:5: note: candidate: template<class _CharT, class _Traits> std::basic_ostream<_CharT, _Traits>& std::operator<<(std::basic_ostream<_CharT, _Traits>&, std::_Setbase)
     operator<<(basic_ostream<_CharT, _Traits>& __os, _Setbase __f)
     ^
/usr/include/c++/5/iomanip:143:5: note:   template argument deduction/substitution failed:
../src/Bit Shifting.cpp:21:17: note:   cannot convert ‘std::setfill<const char*>(((const char*)"0"))’ (type ‘std::_Setfill<const char*>’) to type ‘std::_Setbase’
  cout << setfill("0") << setw(8) << hex << color << endl;
                 ^
In file included from ../src/Bit Shifting.cpp:10:0:
/usr/include/c++/5/iomanip:178:5: note: candidate: template<class _CharT, class _Traits> std::basic_ostream<_CharT, _Traits>& std::operator<<(std::basic_ostream<_CharT, _Traits>&, std::_Setfill<_CharT>)
     operator<<(basic_ostream<_CharT, _Traits>& __os, _Setfill<_CharT> __f)
     ^
/usr/include/c++/5/iomanip:178:5: note:   template argument deduction/substitution failed:
../src/Bit Shifting.cpp:21:21: note:   deduced conflicting types for parameter ‘_CharT’ (‘char’ and ‘const char*’)
  cout << setfill("0") << setw(8) << hex << color << endl;
                     ^
In file included from ../src/Bit Shifting.cpp:10:0:
/usr/include/c++/5/iomanip:208:5: note: candidate: template<class _CharT, class _Traits> std::basic_ostream<_CharT, _Traits>& std::operator<<(std::basic_ostream<_CharT, _Traits>&, std::_Setprecision)
     operator<<(basic_ostream<_CharT, _Traits>& __os, _Setprecision __f)
     ^
/usr/include/c++/5/iomanip:208:5: note:   template argument deduction/substitution failed:
../src/Bit Shifting.cpp:21:17: note:   cannot convert ‘std::setfill<const char*>(((const char*)"0"))’ (type ‘std::_Setfill<const char*>’) to type ‘std::_Setprecision’
  cout << setfill("0") << setw(8) << hex << color << endl;
                 ^
In file included from ../src/Bit Shifting.cpp:10:0:
/usr/include/c++/5/iomanip:238:5: note: candidate: template<class _CharT, class _Traits> std::basic_ostream<_CharT, _Traits>& std::operator<<(std::basic_ostream<_CharT, _Traits>&, std::_Setw)
     operator<<(basic_ostream<_CharT, _Traits>& __os, _Setw __f)
     ^
/usr/include/c++/5/iomanip:238:5: note:   template argument deduction/substitution failed:
../src/Bit Shifting.cpp:21:17: note:   cannot convert ‘std::setfill<const char*>(((const char*)"0"))’ (type ‘std::_Setfill<const char*>’) to type ‘std::_Setw’
  cout << setfill("0") << setw(8) << hex << color << endl;
                 ^
../src/Bit Shifting.cpp:15:16: warning: unused variable ‘red’ [-Wunused-variable]
  unsigned char red = 0x12;
                ^
../src/Bit Shifting.cpp:16:16: warning: unused variable ‘blue’ [-Wunused-variable]
  unsigned char blue = 0x34;
                ^
../src/Bit Shifting.cpp:17:16: warning: unused variable ‘green’ [-Wunused-variable]
  unsigned char green = 0x56;
                ^
make: *** [src/Bit Shifting.o] Error 1
22:04:47 **** Incremental Build of configuration Debug for project Bit Shifting ****
make all 
Building file: ../src/Bit Shifting.cpp
Invoking: Cross G++ Compiler
g++ -O0 -g3 -Wall -c -fmessage-length=0 -MMD -MP -MF"src/Bit Shifting.d" -MT"src/Bit\ Shifting.d" -o "src/Bit Shifting.o" "../src/Bit Shifting.cpp"
../src/Bit Shifting.cpp: In function ‘int main()’:
../src/Bit Shifting.cpp:23:7: error: no match for ‘operator<<’ (operand types are ‘std::ostream {aka std::basic_ostream<char>}’ and ‘std::_Setfill<const char*>’)
  cout << setfill("0") << setw(8) << hex << color << endl;
       ^
In file included from /usr/include/c++/5/iostream:39:0,
                 from ../src/Bit Shifting.cpp:9:
/usr/include/c++/5/ostream:108:7: note: candidate: std::basic_ostream<_CharT, _Traits>::__ostream_type& std::basic_ostream<_CharT, _Traits>::operator<<(std::basic_ostream<_CharT, _Traits>::__ostream_type& (*)(std::basic_ostream<_CharT, _Traits>::__ostream_type&)) [with _CharT = char; _Traits = std::char_traits<char>; std::basic_ostream<_CharT, _Traits>::__ostream_type = std::basic_ostream<char>]
       operator<<(__ostream_type& (*__pf)(__ostream_type&))
       ^
/usr/include/c++/5/ostream:108:7: note:   no known conversion for argument 1 from ‘std::_Setfill<const char*>’ to ‘std::basic_ostream<char>::__ostream_type& (*)(std::basic_ostream<char>::__ostream_type&) {aka std::basic_ostream<char>& (*)(std::basic_ostream<char>&)}’
/usr/include/c++/5/ostream:117:7: note: candidate: std::basic_ostream<_CharT, _Traits>::__ostream_type& std::basic_ostream<_CharT, _Traits>::operator<<(std::basic_ostream<_CharT, _Traits>::__ios_type& (*)(std::basic_ostream<_CharT, _Traits>::__ios_type&)) [with _CharT = char; _Traits = std::char_traits<char>; std::basic_ostream<_CharT, _Traits>::__ostream_type = std::basic_ostream<char>; std::basic_ostream<_CharT, _Traits>::__ios_type = std::basic_ios<char>]
       operator<<(__ios_type& (*__pf)(__ios_type&))
       ^
/usr/include/c++/5/ostream:117:7: note:   no known conversion for argument 1 from ‘std::_Setfill<const char*>’ to ‘std::basic_ostream<char>::__ios_type& (*)(std::basic_ostream<char>::__ios_type&) {aka std::basic_ios<char>& (*)(std::basic_ios<char>&)}’
/usr/include/c++/5/ostream:127:7: note: candidate: std::basic_ostream<_CharT, _Traits>::__ostream_type& std::basic_ostream<_CharT, _Traits>::operator<<(std::ios_base& (*)(std::ios_base&)) [with _CharT = char; _Traits = std::char_traits<char>; std::basic_ostream<_CharT, _Traits>::__ostream_type = std::basic_ostream<char>]
       operator<<(ios_base& (*__pf) (ios_base&))
src/subdir.mk:18: recipe for target 'src/Bit Shifting.o' failed
       ^
/usr/include/c++/5/ostream:127:7: note:   no known conversion for argument 1 from ‘std::_Setfill<const char*>’ to ‘std::ios_base& (*)(std::ios_base&)’
/usr/include/c++/5/ostream:166:7: note: candidate: std::basic_ostream<_CharT, _Traits>::__ostream_type& std::basic_ostream<_CharT, _Traits>::operator<<(long int) [with _CharT = char; _Traits = std::char_traits<char>; std::basic_ostream<_CharT, _Traits>::__ostream_type = std::basic_ostream<char>]
       operator<<(long __n)
       ^
/usr/include/c++/5/ostream:166:7: note:   no known conversion for argument 1 from ‘std::_Setfill<const char*>’ to ‘long int’
/usr/include/c++/5/ostream:170:7: note: candidate: std::basic_ostream<_CharT, _Traits>::__ostream_type& std::basic_ostream<_CharT, _Traits>::operator<<(long unsigned int) [with _CharT = char; _Traits = std::char_traits<char>; std::basic_ostream<_CharT, _Traits>::__ostream_type = std::basic_ostream<char>]
       operator<<(unsigned long __n)
       ^
/usr/include/c++/5/ostream:170:7: note:   no known conversion for argument 1 from ‘std::_Setfill<const char*>’ to ‘long unsigned int’
/usr/include/c++/5/ostream:174:7: note: candidate: std::basic_ostream<_CharT, _Traits>::__ostream_type& std::basic_ostream<_CharT, _Traits>::operator<<(bool) [with _CharT = char; _Traits = std::char_traits<char>; std::basic_ostream<_CharT, _Traits>::__ostream_type = std::basic_ostream<char>]
       operator<<(bool __n)
       ^
/usr/include/c++/5/ostream:174:7: note:   no known conversion for argument 1 from ‘std::_Setfill<const char*>’ to ‘bool’
In file included from /usr/include/c++/5/ostream:638:0,
                 from /usr/include/c++/5/iostream:39,
                 from ../src/Bit Shifting.cpp:9:
/usr/include/c++/5/bits/ostream.tcc:91:5: note: candidate: std::basic_ostream<_CharT, _Traits>& std::basic_ostream<_CharT, _Traits>::operator<<(short int) [with _CharT = char; _Traits = std::char_traits<char>]
     basic_ostream<_CharT, _Traits>::
     ^
/usr/include/c++/5/bits/ostream.tcc:91:5: note:   no known conversion for argument 1 from ‘std::_Setfill<const char*>’ to ‘short int’
In file included from /usr/include/c++/5/iostream:39:0,
                 from ../src/Bit Shifting.cpp:9:
/usr/include/c++/5/ostream:181:7: note: candidate: std::basic_ostream<_CharT, _Traits>::__ostream_type& std::basic_ostream<_CharT, _Traits>::operator<<(short unsigned int) [with _CharT = char; _Traits = std::char_traits<char>; std::basic_ostream<_CharT, _Traits>::__ostream_type = std::basic_ostream<char>]
       operator<<(unsigned short __n)
       ^
/usr/include/c++/5/ostream:181:7: note:   no known conversion for argument 1 from ‘std::_Setfill<const char*>’ to ‘short unsigned int’
In file included from /usr/include/c++/5/ostream:638:0,
                 from /usr/include/c++/5/iostream:39,
                 from ../src/Bit Shifting.cpp:9:
/usr/include/c++/5/bits/ostream.tcc:105:5: note: candidate: std::basic_ostream<_CharT, _Traits>& std::basic_ostream<_CharT, _Traits>::operator<<(int) [with _CharT = char; _Traits = std::char_traits<char>]
     basic_ostream<_CharT, _Traits>::
     ^
/usr/include/c++/5/bits/ostream.tcc:105:5: note:   no known conversion for argument 1 from ‘std::_Setfill<const char*>’ to ‘int’
In file included from /usr/include/c++/5/iostream:39:0,
                 from ../src/Bit Shifting.cpp:9:
/usr/include/c++/5/ostream:192:7: note: candidate: std::basic_ostream<_CharT, _Traits>::__ostream_type& std::basic_ostream<_CharT, _Traits>::operator<<(unsigned int) [with _CharT = char; _Traits = std::char_traits<char>; std::basic_ostream<_CharT, _Traits>::__ostream_type = std::basic_ostream<char>]
       operator<<(unsigned int __n)
       ^
/usr/include/c++/5/ostream:192:7: note:   no known conversion for argument 1 from ‘std::_Setfill<const char*>’ to ‘unsigned int’
/usr/include/c++/5/ostream:201:7: note: candidate: std::basic_ostream<_CharT, _Traits>::__ostream_type& std::basic_ostream<_CharT, _Traits>::operator<<(long long int) [with _CharT = char; _Traits = std::char_traits<char>; std::basic_ostream<_CharT, _Traits>::__ostream_type = std::basic_ostream<char>]
       operator<<(long long __n)
       ^
/usr/include/c++/5/ostream:201:7: note:   no known conversion for argument 1 from ‘std::_Setfill<const char*>’ to ‘long long int’
/usr/include/c++/5/ostream:205:7: note: candidate: std::basic_ostream<_CharT, _Traits>::__ostream_type& std::basic_ostream<_CharT, _Traits>::operator<<(long long unsigned int) [with _CharT = char; _Traits = std::char_traits<char>; std::basic_ostream<_CharT, _Traits>::__ostream_type = std::basic_ostream<char>]
       operator<<(unsigned long long __n)
       ^
/usr/include/c++/5/ostream:205:7: note:   no known conversion for argument 1 from ‘std::_Setfill<const char*>’ to ‘long long unsigned int’
/usr/include/c++/5/ostream:220:7: note: candidate: std::basic_ostream<_CharT, _Traits>::__ostream_type& std::basic_ostream<_CharT, _Traits>::operator<<(double) [with _CharT = char; _Traits = std::char_traits<char>; std::basic_ostream<_CharT, _Traits>::__ostream_type = std::basic_ostream<char>]
       operator<<(double __f)
       ^
/usr/include/c++/5/ostream:220:7: note:   no known conversion for argument 1 from ‘std::_Setfill<const char*>’ to ‘double’
/usr/include/c++/5/ostream:224:7: note: candidate: std::basic_ostream<_CharT, _Traits>::__ostream_type& std::basic_ostream<_CharT, _Traits>::operator<<(float) [with _CharT = char; _Traits = std::char_traits<char>; std::basic_ostream<_CharT, _Traits>::__ostream_type = std::basic_ostream<char>]
       operator<<(float __f)
       ^
/usr/include/c++/5/ostream:224:7: note:   no known conversion for argument 1 from ‘std::_Setfill<const char*>’ to ‘float’
/usr/include/c++/5/ostream:232:7: note: candidate: std::basic_ostream<_CharT, _Traits>::__ostream_type& std::basic_ostream<_CharT, _Traits>::operator<<(long double) [with _CharT = char; _Traits = std::char_traits<char>; std::basic_ostream<_CharT, _Traits>::__ostream_type = std::basic_ostream<char>]
       operator<<(long double __f)
       ^
/usr/include/c++/5/ostream:232:7: note:   no known conversion for argument 1 from ‘std::_Setfill<const char*>’ to ‘long double’
/usr/include/c++/5/ostream:245:7: note: candidate: std::basic_ostream<_CharT, _Traits>::__ostream_type& std::basic_ostream<_CharT, _Traits>::operator<<(const void*) [with _CharT = char; _Traits = std::char_traits<char>; std::basic_ostream<_CharT, _Traits>::__ostream_type = std::basic_ostream<char>]
       operator<<(const void* __p)
       ^
/usr/include/c++/5/ostream:245:7: note:   no known conversion for argument 1 from ‘std::_Setfill<const char*>’ to ‘const void*’
In file included from /usr/include/c++/5/ostream:638:0,
                 from /usr/include/c++/5/iostream:39,
                 from ../src/Bit Shifting.cpp:9:
/usr/include/c++/5/bits/ostream.tcc:119:5: note: candidate: std::basic_ostream<_CharT, _Traits>& std::basic_ostream<_CharT, _Traits>::operator<<(std::basic_ostream<_CharT, _Traits>::__streambuf_type*) [with _CharT = char; _Traits = std::char_traits<char>; std::basic_ostream<_CharT, _Traits>::__streambuf_type = std::basic_streambuf<char>]
     basic_ostream<_CharT, _Traits>::
     ^
/usr/include/c++/5/bits/ostream.tcc:119:5: note:   no known conversion for argument 1 from ‘std::_Setfill<const char*>’ to ‘std::basic_ostream<char>::__streambuf_type* {aka std::basic_streambuf<char>*}’
In file included from /usr/include/c++/5/string:52:0,
                 from /usr/include/c++/5/bits/locale_classes.h:40,
                 from /usr/include/c++/5/bits/ios_base.h:41,
                 from /usr/include/c++/5/ios:42,
                 from /usr/include/c++/5/ostream:38,
                 from /usr/include/c++/5/iostream:39,
                 from ../src/Bit Shifting.cpp:9:
/usr/include/c++/5/bits/basic_string.h:5172:5: note: candidate: template<class _CharT, class _Traits, class _Alloc> std::basic_ostream<_CharT, _Traits>& std::operator<<(std::basic_ostream<_CharT, _Traits>&, const std::__cxx11::basic_string<_CharT, _Traits, _Alloc>&)
     operator<<(basic_ostream<_CharT, _Traits>& __os,
     ^
/usr/include/c++/5/bits/basic_string.h:5172:5: note:   template argument deduction/substitution failed:
../src/Bit Shifting.cpp:23:21: note:   ‘std::_Setfill<const char*>’ is not derived from ‘const std::__cxx11::basic_string<_CharT, _Traits, _Alloc>’
  cout << setfill("0") << setw(8) << hex << color << endl;
                     ^
In file included from /usr/include/c++/5/iostream:39:0,
                 from ../src/Bit Shifting.cpp:9:
/usr/include/c++/5/ostream:497:5: note: candidate: template<class _CharT, class _Traits> std::basic_ostream<_CharT, _Traits>& std::operator<<(std::basic_ostream<_CharT, _Traits>&, _CharT)
     operator<<(basic_ostream<_CharT, _Traits>& __out, _CharT __c)
     ^
/usr/include/c++/5/ostream:497:5: note:   template argument deduction/substitution failed:
../src/Bit Shifting.cpp:23:21: note:   deduced conflicting types for parameter ‘_CharT’ (‘char’ and ‘std::_Setfill<const char*>’)
  cout << setfill("0") << setw(8) << hex << color << endl;
                     ^
In file included from /usr/include/c++/5/iostream:39:0,
                 from ../src/Bit Shifting.cpp:9:
/usr/include/c++/5/ostream:502:5: note: candidate: template<class _CharT, class _Traits> std::basic_ostream<_CharT, _Traits>& std::operator<<(std::basic_ostream<_CharT, _Traits>&, char)
     operator<<(basic_ostream<_CharT, _Traits>& __out, char __c)
     ^
/usr/include/c++/5/ostream:502:5: note:   template argument deduction/substitution failed:
../src/Bit Shifting.cpp:23:17: note:   cannot convert ‘std::setfill<const char*>(((const char*)"0"))’ (type ‘std::_Setfill<const char*>’) to type ‘char’
  cout << setfill("0") << setw(8) << hex << color << endl;
                 ^
In file included from /usr/include/c++/5/iostream:39:0,
                 from ../src/Bit Shifting.cpp:9:
/usr/include/c++/5/ostream:508:5: note: candidate: template<class _Traits> std::basic_ostream<char, _Traits>& std::operator<<(std::basic_ostream<char, _Traits>&, char)
     operator<<(basic_ostream<char, _Traits>& __out, char __c)
     ^
/usr/include/c++/5/ostream:508:5: note:   template argument deduction/substitution failed:
../src/Bit Shifting.cpp:23:17: note:   cannot convert ‘std::setfill<const char*>(((const char*)"0"))’ (type ‘std::_Setfill<const char*>’) to type ‘char’
  cout << setfill("0") << setw(8) << hex << color << endl;
                 ^
In file included from /usr/include/c++/5/iostream:39:0,
                 from ../src/Bit Shifting.cpp:9:
/usr/include/c++/5/ostream:514:5: note: candidate: template<class _Traits> std::basic_ostream<char, _Traits>& std::operator<<(std::basic_ostream<char, _Traits>&, signed char)
     operator<<(basic_ostream<char, _Traits>& __out, signed char __c)
     ^
/usr/include/c++/5/ostream:514:5: note:   template argument deduction/substitution failed:
../src/Bit Shifting.cpp:23:17: note:   cannot convert ‘std::setfill<const char*>(((const char*)"0"))’ (type ‘std::_Setfill<const char*>’) to type ‘signed char’
  cout << setfill("0") << setw(8) << hex << color << endl;
                 ^
In file included from /usr/include/c++/5/iostream:39:0,
                 from ../src/Bit Shifting.cpp:9:
/usr/include/c++/5/ostream:519:5: note: candidate: template<class _Traits> std::basic_ostream<char, _Traits>& std::operator<<(std::basic_ostream<char, _Traits>&, unsigned char)
     operator<<(basic_ostream<char, _Traits>& __out, unsigned char __c)
     ^
/usr/include/c++/5/ostream:519:5: note:   template argument deduction/substitution failed:
../src/Bit Shifting.cpp:23:17: note:   cannot convert ‘std::setfill<const char*>(((const char*)"0"))’ (type ‘std::_Setfill<const char*>’) to type ‘unsigned char’
  cout << setfill("0") << setw(8) << hex << color << endl;
                 ^
In file included from /usr/include/c++/5/iostream:39:0,
                 from ../src/Bit Shifting.cpp:9:
/usr/include/c++/5/ostream:539:5: note: candidate: template<class _CharT, class _Traits> std::basic_ostream<_CharT, _Traits>& std::operator<<(std::basic_ostream<_CharT, _Traits>&, const _CharT*)
     operator<<(basic_ostream<_CharT, _Traits>& __out, const _CharT* __s)
     ^
/usr/include/c++/5/ostream:539:5: note:   template argument deduction/substitution failed:
../src/Bit Shifting.cpp:23:21: note:   mismatched types ‘const _CharT*’ and ‘std::_Setfill<const char*>’
  cout << setfill("0") << setw(8) << hex << color << endl;
                     ^
In file included from /usr/include/c++/5/ostream:638:0,
                 from /usr/include/c++/5/iostream:39,
                 from ../src/Bit Shifting.cpp:9:
/usr/include/c++/5/bits/ostream.tcc:321:5: note: candidate: template<class _CharT, class _Traits> std::basic_ostream<_CharT, _Traits>& std::operator<<(std::basic_ostream<_CharT, _Traits>&, const char*)
     operator<<(basic_ostream<_CharT, _Traits>& __out, const char* __s)
     ^
/usr/include/c++/5/bits/ostream.tcc:321:5: note:   template argument deduction/substitution failed:
../src/Bit Shifting.cpp:23:17: note:   cannot convert ‘std::setfill<const char*>(((const char*)"0"))’ (type ‘std::_Setfill<const char*>’) to type ‘const char*’
  cout << setfill("0") << setw(8) << hex << color << endl;
                 ^
In file included from /usr/include/c++/5/iostream:39:0,
                 from ../src/Bit Shifting.cpp:9:
/usr/include/c++/5/ostream:556:5: note: candidate: template<class _Traits> std::basic_ostream<char, _Traits>& std::operator<<(std::basic_ostream<char, _Traits>&, const char*)
     operator<<(basic_ostream<char, _Traits>& __out, const char* __s)
     ^
/usr/include/c++/5/ostream:556:5: note:   template argument deduction/substitution failed:
../src/Bit Shifting.cpp:23:17: note:   cannot convert ‘std::setfill<const char*>(((const char*)"0"))’ (type ‘std::_Setfill<const char*>’) to type ‘const char*’
  cout << setfill("0") << setw(8) << hex << color << endl;
                 ^
In file included from /usr/include/c++/5/iostream:39:0,
                 from ../src/Bit Shifting.cpp:9:
/usr/include/c++/5/ostream:569:5: note: candidate: template<class _Traits> std::basic_ostream<char, _Traits>& std::operator<<(std::basic_ostream<char, _Traits>&, const signed char*)
     operator<<(basic_ostream<char, _Traits>& __out, const signed char* __s)
     ^
/usr/include/c++/5/ostream:569:5: note:   template argument deduction/substitution failed:
../src/Bit Shifting.cpp:23:17: note:   cannot convert ‘std::setfill<const char*>(((const char*)"0"))’ (type ‘std::_Setfill<const char*>’) to type ‘const signed char*’
  cout << setfill("0") << setw(8) << hex << color << endl;
                 ^
In file included from /usr/include/c++/5/iostream:39:0,
                 from ../src/Bit Shifting.cpp:9:
/usr/include/c++/5/ostream:574:5: note: candidate: template<class _Traits> std::basic_ostream<char, _Traits>& std::operator<<(std::basic_ostream<char, _Traits>&, const unsigned char*)
     operator<<(basic_ostream<char, _Traits>& __out, const unsigned char* __s)
     ^
/usr/include/c++/5/ostream:574:5: note:   template argument deduction/substitution failed:
../src/Bit Shifting.cpp:23:17: note:   cannot convert ‘std::setfill<const char*>(((const char*)"0"))’ (type ‘std::_Setfill<const char*>’) to type ‘const unsigned char*’
  cout << setfill("0") << setw(8) << hex << color << endl;
                 ^
In file included from ../src/Bit Shifting.cpp:10:0:
/usr/include/c++/5/iomanip:79:5: note: candidate: template<class _CharT, class _Traits> std::basic_ostream<_CharT, _Traits>& std::operator<<(std::basic_ostream<_CharT, _Traits>&, std::_Resetiosflags)
     operator<<(basic_ostream<_CharT, _Traits>& __os, _Resetiosflags __f)
     ^
/usr/include/c++/5/iomanip:79:5: note:   template argument deduction/substitution failed:
../src/Bit Shifting.cpp:23:17: note:   cannot convert ‘std::setfill<const char*>(((const char*)"0"))’ (type ‘std::_Setfill<const char*>’) to type ‘std::_Resetiosflags’
  cout << setfill("0") << setw(8) << hex << color << endl;
                 ^
In file included from ../src/Bit Shifting.cpp:10:0:
/usr/include/c++/5/iomanip:109:5: note: candidate: template<class _CharT, class _Traits> std::basic_ostream<_CharT, _Traits>& std::operator<<(std::basic_ostream<_CharT, _Traits>&, std::_Setiosflags)
     operator<<(basic_ostream<_CharT, _Traits>& __os, _Setiosflags __f)
     ^
/usr/include/c++/5/iomanip:109:5: note:   template argument deduction/substitution failed:
../src/Bit Shifting.cpp:23:17: note:   cannot convert ‘std::setfill<const char*>(((const char*)"0"))’ (type ‘std::_Setfill<const char*>’) to type ‘std::_Setiosflags’
  cout << setfill("0") << setw(8) << hex << color << endl;
                 ^
In file included from ../src/Bit Shifting.cpp:10:0:
/usr/include/c++/5/iomanip:143:5: note: candidate: template<class _CharT, class _Traits> std::basic_ostream<_CharT, _Traits>& std::operator<<(std::basic_ostream<_CharT, _Traits>&, std::_Setbase)
     operator<<(basic_ostream<_CharT, _Traits>& __os, _Setbase __f)
     ^
/usr/include/c++/5/iomanip:143:5: note:   template argument deduction/substitution failed:
../src/Bit Shifting.cpp:23:17: note:   cannot convert ‘std::setfill<const char*>(((const char*)"0"))’ (type ‘std::_Setfill<const char*>’) to type ‘std::_Setbase’
  cout << setfill("0") << setw(8) << hex << color << endl;
                 ^
In file included from ../src/Bit Shifting.cpp:10:0:
/usr/include/c++/5/iomanip:178:5: note: candidate: template<class _CharT, class _Traits> std::basic_ostream<_CharT, _Traits>& std::operator<<(std::basic_ostream<_CharT, _Traits>&, std::_Setfill<_CharT>)
     operator<<(basic_ostream<_CharT, _Traits>& __os, _Setfill<_CharT> __f)
     ^
/usr/include/c++/5/iomanip:178:5: note:   template argument deduction/substitution failed:
../src/Bit Shifting.cpp:23:21: note:   deduced conflicting types for parameter ‘_CharT’ (‘char’ and ‘const char*’)
  cout << setfill("0") << setw(8) << hex << color << endl;
                     ^
In file included from ../src/Bit Shifting.cpp:10:0:
/usr/include/c++/5/iomanip:208:5: note: candidate: template<class _CharT, class _Traits> std::basic_ostream<_CharT, _Traits>& std::operator<<(std::basic_ostream<_CharT, _Traits>&, std::_Setprecision)
     operator<<(basic_ostream<_CharT, _Traits>& __os, _Setprecision __f)
     ^
/usr/include/c++/5/iomanip:208:5: note:   template argument deduction/substitution failed:
../src/Bit Shifting.cpp:23:17: note:   cannot convert ‘std::setfill<const char*>(((const char*)"0"))’ (type ‘std::_Setfill<const char*>’) to type ‘std::_Setprecision’
  cout << setfill("0") << setw(8) << hex << color << endl;
                 ^
In file included from ../src/Bit Shifting.cpp:10:0:
/usr/include/c++/5/iomanip:238:5: note: candidate: template<class _CharT, class _Traits> std::basic_ostream<_CharT, _Traits>& std::operator<<(std::basic_ostream<_CharT, _Traits>&, std::_Setw)
     operator<<(basic_ostream<_CharT, _Traits>& __os, _Setw __f)
     ^
/usr/include/c++/5/iomanip:238:5: note:   template argument deduction/substitution failed:
../src/Bit Shifting.cpp:23:17: note:   cannot convert ‘std::setfill<const char*>(((const char*)"0"))’ (type ‘std::_Setfill<const char*>’) to type ‘std::_Setw’
  cout << setfill("0") << setw(8) << hex << color << endl;
                 ^
../src/Bit Shifting.cpp:15:16: warning: unused variable ‘red’ [-Wunused-variable]
  unsigned char red = 0x12;
                ^
../src/Bit Shifting.cpp:16:16: warning: unused variable ‘blue’ [-Wunused-variable]
  unsigned char blue = 0x34;
                ^
../src/Bit Shifting.cpp:17:16: warning: unused variable ‘green’ [-Wunused-variable]
  unsigned char green = 0x56;
                ^
make: *** [src/Bit Shifting.o] Error 1
22:05:27 **** Incremental Build of configuration Debug for project Bit Shifting ****
make all 
Building file: ../src/Bit Shifting.cpp
Invoking: Cross G++ Compiler
g++ -O0 -g3 -Wall -c -fmessage-length=0 -MMD -MP -MF"src/Bit Shifting.d" -MT"src/Bit\ Shifting.d" -o "src/Bit Shifting.o" "../src/Bit Shifting.cpp"
../src/Bit Shifting.cpp: In function ‘int main()’:
../src/Bit Shifting.cpp:23:7: error: no match for ‘operator<<’ (operand types are ‘std::ostream {aka std::basic_ostream<char>}’ and ‘std::_Setfill<const char*>’)
  cout << setfill("0") << setw(8) << hex << color << endl;
       ^
In file included from /usr/include/c++/5/iostream:39:0,
                 from ../src/Bit Shifting.cpp:9:
/usr/include/c++/5/ostream:108:7: note: candidate: std::basic_ostream<_CharT, _Traits>::__ostream_type& std::basic_ostream<_CharT, _Traits>::operator<<(std::basic_ostream<_CharT, _Traits>::__ostream_type& (*)(std::basic_ostream<_CharT, _Traits>::__ostream_type&)) [with _CharT = char; _Traits = std::char_traits<char>; std::basic_ostream<_CharT, _Traits>::__ostream_type = std::basic_ostream<char>]
       operator<<(__ostream_type& (*__pf)(__ostream_type&))
       ^
/usr/include/c++/5/ostream:108:7: note:   no known conversion for argument 1 from ‘std::_Setfill<const char*>’ to ‘std::basic_ostream<char>::__ostream_type& (*)(std::basic_ostream<char>::__ostream_type&) {aka std::basic_ostream<char>& (*)(std::basic_ostream<char>&)}’
/usr/include/c++/5/ostream:117:7: note: candidate: std::basic_ostream<_CharT, _Traits>::__ostream_type& std::basic_ostream<_CharT, _Traits>::operator<<(std::basic_ostream<_CharT, _Traits>::__ios_type& (*)(std::basic_ostream<_CharT, _Traits>::__ios_type&)) [with _CharT = char; _Traits = std::char_traits<char>; std::basic_ostream<_CharT, _Traits>::__ostream_type = std::basic_ostream<char>; std::basic_ostream<_CharT, _Traits>::__ios_type = std::basic_ios<char>]
       operator<<(__ios_type& (*__pf)(__ios_type&))
       ^
src/subdir.mk:18: recipe for target 'src/Bit Shifting.o' failed
/usr/include/c++/5/ostream:117:7: note:   no known conversion for argument 1 from ‘std::_Setfill<const char*>’ to ‘std::basic_ostream<char>::__ios_type& (*)(std::basic_ostream<char>::__ios_type&) {aka std::basic_ios<char>& (*)(std::basic_ios<char>&)}’
/usr/include/c++/5/ostream:127:7: note: candidate: std::basic_ostream<_CharT, _Traits>::__ostream_type& std::basic_ostream<_CharT, _Traits>::operator<<(std::ios_base& (*)(std::ios_base&)) [with _CharT = char; _Traits = std::char_traits<char>; std::basic_ostream<_CharT, _Traits>::__ostream_type = std::basic_ostream<char>]
       operator<<(ios_base& (*__pf) (ios_base&))
       ^
/usr/include/c++/5/ostream:127:7: note:   no known conversion for argument 1 from ‘std::_Setfill<const char*>’ to ‘std::ios_base& (*)(std::ios_base&)’
/usr/include/c++/5/ostream:166:7: note: candidate: std::basic_ostream<_CharT, _Traits>::__ostream_type& std::basic_ostream<_CharT, _Traits>::operator<<(long int) [with _CharT = char; _Traits = std::char_traits<char>; std::basic_ostream<_CharT, _Traits>::__ostream_type = std::basic_ostream<char>]
       operator<<(long __n)
       ^
/usr/include/c++/5/ostream:166:7: note:   no known conversion for argument 1 from ‘std::_Setfill<const char*>’ to ‘long int’
/usr/include/c++/5/ostream:170:7: note: candidate: std::basic_ostream<_CharT, _Traits>::__ostream_type& std::basic_ostream<_CharT, _Traits>::operator<<(long unsigned int) [with _CharT = char; _Traits = std::char_traits<char>; std::basic_ostream<_CharT, _Traits>::__ostream_type = std::basic_ostream<char>]
       operator<<(unsigned long __n)
       ^
/usr/include/c++/5/ostream:170:7: note:   no known conversion for argument 1 from ‘std::_Setfill<const char*>’ to ‘long unsigned int’
/usr/include/c++/5/ostream:174:7: note: candidate: std::basic_ostream<_CharT, _Traits>::__ostream_type& std::basic_ostream<_CharT, _Traits>::operator<<(bool) [with _CharT = char; _Traits = std::char_traits<char>; std::basic_ostream<_CharT, _Traits>::__ostream_type = std::basic_ostream<char>]
       operator<<(bool __n)
       ^
/usr/include/c++/5/ostream:174:7: note:   no known conversion for argument 1 from ‘std::_Setfill<const char*>’ to ‘bool’
In file included from /usr/include/c++/5/ostream:638:0,
                 from /usr/include/c++/5/iostream:39,
                 from ../src/Bit Shifting.cpp:9:
/usr/include/c++/5/bits/ostream.tcc:91:5: note: candidate: std::basic_ostream<_CharT, _Traits>& std::basic_ostream<_CharT, _Traits>::operator<<(short int) [with _CharT = char; _Traits = std::char_traits<char>]
     basic_ostream<_CharT, _Traits>::
     ^
/usr/include/c++/5/bits/ostream.tcc:91:5: note:   no known conversion for argument 1 from ‘std::_Setfill<const char*>’ to ‘short int’
In file included from /usr/include/c++/5/iostream:39:0,
                 from ../src/Bit Shifting.cpp:9:
/usr/include/c++/5/ostream:181:7: note: candidate: std::basic_ostream<_CharT, _Traits>::__ostream_type& std::basic_ostream<_CharT, _Traits>::operator<<(short unsigned int) [with _CharT = char; _Traits = std::char_traits<char>; std::basic_ostream<_CharT, _Traits>::__ostream_type = std::basic_ostream<char>]
       operator<<(unsigned short __n)
       ^
/usr/include/c++/5/ostream:181:7: note:   no known conversion for argument 1 from ‘std::_Setfill<const char*>’ to ‘short unsigned int’
In file included from /usr/include/c++/5/ostream:638:0,
                 from /usr/include/c++/5/iostream:39,
                 from ../src/Bit Shifting.cpp:9:
/usr/include/c++/5/bits/ostream.tcc:105:5: note: candidate: std::basic_ostream<_CharT, _Traits>& std::basic_ostream<_CharT, _Traits>::operator<<(int) [with _CharT = char; _Traits = std::char_traits<char>]
     basic_ostream<_CharT, _Traits>::
     ^
/usr/include/c++/5/bits/ostream.tcc:105:5: note:   no known conversion for argument 1 from ‘std::_Setfill<const char*>’ to ‘int’
In file included from /usr/include/c++/5/iostream:39:0,
                 from ../src/Bit Shifting.cpp:9:
/usr/include/c++/5/ostream:192:7: note: candidate: std::basic_ostream<_CharT, _Traits>::__ostream_type& std::basic_ostream<_CharT, _Traits>::operator<<(unsigned int) [with _CharT = char; _Traits = std::char_traits<char>; std::basic_ostream<_CharT, _Traits>::__ostream_type = std::basic_ostream<char>]
       operator<<(unsigned int __n)
       ^
/usr/include/c++/5/ostream:192:7: note:   no known conversion for argument 1 from ‘std::_Setfill<const char*>’ to ‘unsigned int’
/usr/include/c++/5/ostream:201:7: note: candidate: std::basic_ostream<_CharT, _Traits>::__ostream_type& std::basic_ostream<_CharT, _Traits>::operator<<(long long int) [with _CharT = char; _Traits = std::char_traits<char>; std::basic_ostream<_CharT, _Traits>::__ostream_type = std::basic_ostream<char>]
       operator<<(long long __n)
       ^
/usr/include/c++/5/ostream:201:7: note:   no known conversion for argument 1 from ‘std::_Setfill<const char*>’ to ‘long long int’
/usr/include/c++/5/ostream:205:7: note: candidate: std::basic_ostream<_CharT, _Traits>::__ostream_type& std::basic_ostream<_CharT, _Traits>::operator<<(long long unsigned int) [with _CharT = char; _Traits = std::char_traits<char>; std::basic_ostream<_CharT, _Traits>::__ostream_type = std::basic_ostream<char>]
       operator<<(unsigned long long __n)
       ^
/usr/include/c++/5/ostream:205:7: note:   no known conversion for argument 1 from ‘std::_Setfill<const char*>’ to ‘long long unsigned int’
/usr/include/c++/5/ostream:220:7: note: candidate: std::basic_ostream<_CharT, _Traits>::__ostream_type& std::basic_ostream<_CharT, _Traits>::operator<<(double) [with _CharT = char; _Traits = std::char_traits<char>; std::basic_ostream<_CharT, _Traits>::__ostream_type = std::basic_ostream<char>]
       operator<<(double __f)
       ^
/usr/include/c++/5/ostream:220:7: note:   no known conversion for argument 1 from ‘std::_Setfill<const char*>’ to ‘double’
/usr/include/c++/5/ostream:224:7: note: candidate: std::basic_ostream<_CharT, _Traits>::__ostream_type& std::basic_ostream<_CharT, _Traits>::operator<<(float) [with _CharT = char; _Traits = std::char_traits<char>; std::basic_ostream<_CharT, _Traits>::__ostream_type = std::basic_ostream<char>]
       operator<<(float __f)
       ^
/usr/include/c++/5/ostream:224:7: note:   no known conversion for argument 1 from ‘std::_Setfill<const char*>’ to ‘float’
/usr/include/c++/5/ostream:232:7: note: candidate: std::basic_ostream<_CharT, _Traits>::__ostream_type& std::basic_ostream<_CharT, _Traits>::operator<<(long double) [with _CharT = char; _Traits = std::char_traits<char>; std::basic_ostream<_CharT, _Traits>::__ostream_type = std::basic_ostream<char>]
       operator<<(long double __f)
       ^
/usr/include/c++/5/ostream:232:7: note:   no known conversion for argument 1 from ‘std::_Setfill<const char*>’ to ‘long double’
/usr/include/c++/5/ostream:245:7: note: candidate: std::basic_ostream<_CharT, _Traits>::__ostream_type& std::basic_ostream<_CharT, _Traits>::operator<<(const void*) [with _CharT = char; _Traits = std::char_traits<char>; std::basic_ostream<_CharT, _Traits>::__ostream_type = std::basic_ostream<char>]
       operator<<(const void* __p)
       ^
/usr/include/c++/5/ostream:245:7: note:   no known conversion for argument 1 from ‘std::_Setfill<const char*>’ to ‘const void*’
In file included from /usr/include/c++/5/ostream:638:0,
                 from /usr/include/c++/5/iostream:39,
                 from ../src/Bit Shifting.cpp:9:
/usr/include/c++/5/bits/ostream.tcc:119:5: note: candidate: std::basic_ostream<_CharT, _Traits>& std::basic_ostream<_CharT, _Traits>::operator<<(std::basic_ostream<_CharT, _Traits>::__streambuf_type*) [with _CharT = char; _Traits = std::char_traits<char>; std::basic_ostream<_CharT, _Traits>::__streambuf_type = std::basic_streambuf<char>]
     basic_ostream<_CharT, _Traits>::
     ^
/usr/include/c++/5/bits/ostream.tcc:119:5: note:   no known conversion for argument 1 from ‘std::_Setfill<const char*>’ to ‘std::basic_ostream<char>::__streambuf_type* {aka std::basic_streambuf<char>*}’
In file included from /usr/include/c++/5/string:52:0,
                 from /usr/include/c++/5/bits/locale_classes.h:40,
                 from /usr/include/c++/5/bits/ios_base.h:41,
                 from /usr/include/c++/5/ios:42,
                 from /usr/include/c++/5/ostream:38,
                 from /usr/include/c++/5/iostream:39,
                 from ../src/Bit Shifting.cpp:9:
/usr/include/c++/5/bits/basic_string.h:5172:5: note: candidate: template<class _CharT, class _Traits, class _Alloc> std::basic_ostream<_CharT, _Traits>& std::operator<<(std::basic_ostream<_CharT, _Traits>&, const std::__cxx11::basic_string<_CharT, _Traits, _Alloc>&)
     operator<<(basic_ostream<_CharT, _Traits>& __os,
     ^
/usr/include/c++/5/bits/basic_string.h:5172:5: note:   template argument deduction/substitution failed:
../src/Bit Shifting.cpp:23:21: note:   ‘std::_Setfill<const char*>’ is not derived from ‘const std::__cxx11::basic_string<_CharT, _Traits, _Alloc>’
  cout << setfill("0") << setw(8) << hex << color << endl;
                     ^
In file included from /usr/include/c++/5/iostream:39:0,
                 from ../src/Bit Shifting.cpp:9:
/usr/include/c++/5/ostream:497:5: note: candidate: template<class _CharT, class _Traits> std::basic_ostream<_CharT, _Traits>& std::operator<<(std::basic_ostream<_CharT, _Traits>&, _CharT)
     operator<<(basic_ostream<_CharT, _Traits>& __out, _CharT __c)
     ^
/usr/include/c++/5/ostream:497:5: note:   template argument deduction/substitution failed:
../src/Bit Shifting.cpp:23:21: note:   deduced conflicting types for parameter ‘_CharT’ (‘char’ and ‘std::_Setfill<const char*>’)
  cout << setfill("0") << setw(8) << hex << color << endl;
                     ^
In file included from /usr/include/c++/5/iostream:39:0,
                 from ../src/Bit Shifting.cpp:9:
/usr/include/c++/5/ostream:502:5: note: candidate: template<class _CharT, class _Traits> std::basic_ostream<_CharT, _Traits>& std::operator<<(std::basic_ostream<_CharT, _Traits>&, char)
     operator<<(basic_ostream<_CharT, _Traits>& __out, char __c)
     ^
/usr/include/c++/5/ostream:502:5: note:   template argument deduction/substitution failed:
../src/Bit Shifting.cpp:23:17: note:   cannot convert ‘std::setfill<const char*>(((const char*)"0"))’ (type ‘std::_Setfill<const char*>’) to type ‘char’
  cout << setfill("0") << setw(8) << hex << color << endl;
                 ^
In file included from /usr/include/c++/5/iostream:39:0,
                 from ../src/Bit Shifting.cpp:9:
/usr/include/c++/5/ostream:508:5: note: candidate: template<class _Traits> std::basic_ostream<char, _Traits>& std::operator<<(std::basic_ostream<char, _Traits>&, char)
     operator<<(basic_ostream<char, _Traits>& __out, char __c)
     ^
/usr/include/c++/5/ostream:508:5: note:   template argument deduction/substitution failed:
../src/Bit Shifting.cpp:23:17: note:   cannot convert ‘std::setfill<const char*>(((const char*)"0"))’ (type ‘std::_Setfill<const char*>’) to type ‘char’
  cout << setfill("0") << setw(8) << hex << color << endl;
                 ^
In file included from /usr/include/c++/5/iostream:39:0,
                 from ../src/Bit Shifting.cpp:9:
/usr/include/c++/5/ostream:514:5: note: candidate: template<class _Traits> std::basic_ostream<char, _Traits>& std::operator<<(std::basic_ostream<char, _Traits>&, signed char)
     operator<<(basic_ostream<char, _Traits>& __out, signed char __c)
     ^
/usr/include/c++/5/ostream:514:5: note:   template argument deduction/substitution failed:
../src/Bit Shifting.cpp:23:17: note:   cannot convert ‘std::setfill<const char*>(((const char*)"0"))’ (type ‘std::_Setfill<const char*>’) to type ‘signed char’
  cout << setfill("0") << setw(8) << hex << color << endl;
                 ^
In file included from /usr/include/c++/5/iostream:39:0,
                 from ../src/Bit Shifting.cpp:9:
/usr/include/c++/5/ostream:519:5: note: candidate: template<class _Traits> std::basic_ostream<char, _Traits>& std::operator<<(std::basic_ostream<char, _Traits>&, unsigned char)
     operator<<(basic_ostream<char, _Traits>& __out, unsigned char __c)
     ^
/usr/include/c++/5/ostream:519:5: note:   template argument deduction/substitution failed:
../src/Bit Shifting.cpp:23:17: note:   cannot convert ‘std::setfill<const char*>(((const char*)"0"))’ (type ‘std::_Setfill<const char*>’) to type ‘unsigned char’
  cout << setfill("0") << setw(8) << hex << color << endl;
                 ^
In file included from /usr/include/c++/5/iostream:39:0,
                 from ../src/Bit Shifting.cpp:9:
/usr/include/c++/5/ostream:539:5: note: candidate: template<class _CharT, class _Traits> std::basic_ostream<_CharT, _Traits>& std::operator<<(std::basic_ostream<_CharT, _Traits>&, const _CharT*)
     operator<<(basic_ostream<_CharT, _Traits>& __out, const _CharT* __s)
     ^
/usr/include/c++/5/ostream:539:5: note:   template argument deduction/substitution failed:
../src/Bit Shifting.cpp:23:21: note:   mismatched types ‘const _CharT*’ and ‘std::_Setfill<const char*>’
  cout << setfill("0") << setw(8) << hex << color << endl;
                     ^
In file included from /usr/include/c++/5/ostream:638:0,
                 from /usr/include/c++/5/iostream:39,
                 from ../src/Bit Shifting.cpp:9:
/usr/include/c++/5/bits/ostream.tcc:321:5: note: candidate: template<class _CharT, class _Traits> std::basic_ostream<_CharT, _Traits>& std::operator<<(std::basic_ostream<_CharT, _Traits>&, const char*)
     operator<<(basic_ostream<_CharT, _Traits>& __out, const char* __s)
     ^
/usr/include/c++/5/bits/ostream.tcc:321:5: note:   template argument deduction/substitution failed:
../src/Bit Shifting.cpp:23:17: note:   cannot convert ‘std::setfill<const char*>(((const char*)"0"))’ (type ‘std::_Setfill<const char*>’) to type ‘const char*’
  cout << setfill("0") << setw(8) << hex << color << endl;
                 ^
In file included from /usr/include/c++/5/iostream:39:0,
                 from ../src/Bit Shifting.cpp:9:
/usr/include/c++/5/ostream:556:5: note: candidate: template<class _Traits> std::basic_ostream<char, _Traits>& std::operator<<(std::basic_ostream<char, _Traits>&, const char*)
     operator<<(basic_ostream<char, _Traits>& __out, const char* __s)
     ^
/usr/include/c++/5/ostream:556:5: note:   template argument deduction/substitution failed:
../src/Bit Shifting.cpp:23:17: note:   cannot convert ‘std::setfill<const char*>(((const char*)"0"))’ (type ‘std::_Setfill<const char*>’) to type ‘const char*’
  cout << setfill("0") << setw(8) << hex << color << endl;
                 ^
In file included from /usr/include/c++/5/iostream:39:0,
                 from ../src/Bit Shifting.cpp:9:
/usr/include/c++/5/ostream:569:5: note: candidate: template<class _Traits> std::basic_ostream<char, _Traits>& std::operator<<(std::basic_ostream<char, _Traits>&, const signed char*)
     operator<<(basic_ostream<char, _Traits>& __out, const signed char* __s)
     ^
/usr/include/c++/5/ostream:569:5: note:   template argument deduction/substitution failed:
../src/Bit Shifting.cpp:23:17: note:   cannot convert ‘std::setfill<const char*>(((const char*)"0"))’ (type ‘std::_Setfill<const char*>’) to type ‘const signed char*’
  cout << setfill("0") << setw(8) << hex << color << endl;
                 ^
In file included from /usr/include/c++/5/iostream:39:0,
                 from ../src/Bit Shifting.cpp:9:
/usr/include/c++/5/ostream:574:5: note: candidate: template<class _Traits> std::basic_ostream<char, _Traits>& std::operator<<(std::basic_ostream<char, _Traits>&, const unsigned char*)
     operator<<(basic_ostream<char, _Traits>& __out, const unsigned char* __s)
     ^
/usr/include/c++/5/ostream:574:5: note:   template argument deduction/substitution failed:
../src/Bit Shifting.cpp:23:17: note:   cannot convert ‘std::setfill<const char*>(((const char*)"0"))’ (type ‘std::_Setfill<const char*>’) to type ‘const unsigned char*’
  cout << setfill("0") << setw(8) << hex << color << endl;
                 ^
In file included from ../src/Bit Shifting.cpp:10:0:
/usr/include/c++/5/iomanip:79:5: note: candidate: template<class _CharT, class _Traits> std::basic_ostream<_CharT, _Traits>& std::operator<<(std::basic_ostream<_CharT, _Traits>&, std::_Resetiosflags)
     operator<<(basic_ostream<_CharT, _Traits>& __os, _Resetiosflags __f)
     ^
/usr/include/c++/5/iomanip:79:5: note:   template argument deduction/substitution failed:
../src/Bit Shifting.cpp:23:17: note:   cannot convert ‘std::setfill<const char*>(((const char*)"0"))’ (type ‘std::_Setfill<const char*>’) to type ‘std::_Resetiosflags’
  cout << setfill("0") << setw(8) << hex << color << endl;
                 ^
In file included from ../src/Bit Shifting.cpp:10:0:
/usr/include/c++/5/iomanip:109:5: note: candidate: template<class _CharT, class _Traits> std::basic_ostream<_CharT, _Traits>& std::operator<<(std::basic_ostream<_CharT, _Traits>&, std::_Setiosflags)
     operator<<(basic_ostream<_CharT, _Traits>& __os, _Setiosflags __f)
     ^
/usr/include/c++/5/iomanip:109:5: note:   template argument deduction/substitution failed:
../src/Bit Shifting.cpp:23:17: note:   cannot convert ‘std::setfill<const char*>(((const char*)"0"))’ (type ‘std::_Setfill<const char*>’) to type ‘std::_Setiosflags’
  cout << setfill("0") << setw(8) << hex << color << endl;
                 ^
In file included from ../src/Bit Shifting.cpp:10:0:
/usr/include/c++/5/iomanip:143:5: note: candidate: template<class _CharT, class _Traits> std::basic_ostream<_CharT, _Traits>& std::operator<<(std::basic_ostream<_CharT, _Traits>&, std::_Setbase)
     operator<<(basic_ostream<_CharT, _Traits>& __os, _Setbase __f)
     ^
/usr/include/c++/5/iomanip:143:5: note:   template argument deduction/substitution failed:
../src/Bit Shifting.cpp:23:17: note:   cannot convert ‘std::setfill<const char*>(((const char*)"0"))’ (type ‘std::_Setfill<const char*>’) to type ‘std::_Setbase’
  cout << setfill("0") << setw(8) << hex << color << endl;
                 ^
In file included from ../src/Bit Shifting.cpp:10:0:
/usr/include/c++/5/iomanip:178:5: note: candidate: template<class _CharT, class _Traits> std::basic_ostream<_CharT, _Traits>& std::operator<<(std::basic_ostream<_CharT, _Traits>&, std::_Setfill<_CharT>)
     operator<<(basic_ostream<_CharT, _Traits>& __os, _Setfill<_CharT> __f)
     ^
/usr/include/c++/5/iomanip:178:5: note:   template argument deduction/substitution failed:
../src/Bit Shifting.cpp:23:21: note:   deduced conflicting types for parameter ‘_CharT’ (‘char’ and ‘const char*’)
  cout << setfill("0") << setw(8) << hex << color << endl;
                     ^
In file included from ../src/Bit Shifting.cpp:10:0:
/usr/include/c++/5/iomanip:208:5: note: candidate: template<class _CharT, class _Traits> std::basic_ostream<_CharT, _Traits>& std::operator<<(std::basic_ostream<_CharT, _Traits>&, std::_Setprecision)
     operator<<(basic_ostream<_CharT, _Traits>& __os, _Setprecision __f)
     ^
/usr/include/c++/5/iomanip:208:5: note:   template argument deduction/substitution failed:
../src/Bit Shifting.cpp:23:17: note:   cannot convert ‘std::setfill<const char*>(((const char*)"0"))’ (type ‘std::_Setfill<const char*>’) to type ‘std::_Setprecision’
  cout << setfill("0") << setw(8) << hex << color << endl;
                 ^
In file included from ../src/Bit Shifting.cpp:10:0:
/usr/include/c++/5/iomanip:238:5: note: candidate: template<class _CharT, class _Traits> std::basic_ostream<_CharT, _Traits>& std::operator<<(std::basic_ostream<_CharT, _Traits>&, std::_Setw)
     operator<<(basic_ostream<_CharT, _Traits>& __os, _Setw __f)
     ^
/usr/include/c++/5/iomanip:238:5: note:   template argument deduction/substitution failed:
../src/Bit Shifting.cpp:23:17: note:   cannot convert ‘std::setfill<const char*>(((const char*)"0"))’ (type ‘std::_Setfill<const char*>’) to type ‘std::_Setw’
  cout << setfill("0") << setw(8) << hex << color << endl;
                 ^
make: *** [src/Bit Shifting.o] Error 1
22:05:47 **** Incremental Build of configuration Debug for project Bit Shifting ****
make all 
Building file: ../src/Bit Shifting.cpp
Invoking: Cross G++ Compiler
g++ -O0 -g3 -Wall -c -fmessage-length=0 -MMD -MP -MF"src/Bit Shifting.d" -MT"src/Bit\ Shifting.d" -o "src/Bit Shifting.o" "../src/Bit Shifting.cpp"
Finished building: ../src/Bit Shifting.cpp
 
Building target: Bit Shifting
Invoking: Cross G++ Linker
g++  -o "Bit Shifting"  ./src/Bit\ Shifting.o   
Finished building target: Bit Shifting
 
22:06:43 **** Incremental Build of configuration Debug for project Bit Shifting ****
make all 
Building file: ../src/Bit Shifting.cpp
Invoking: Cross G++ Compiler
g++ -O0 -g3 -Wall -c -fmessage-length=0 -MMD -MP -MF"src/Bit Shifting.d" -MT"src/Bit\ Shifting.d" -o "src/Bit Shifting.o" "../src/Bit Shifting.cpp"
Finished building: ../src/Bit Shifting.cpp
 
Building target: Bit Shifting
Invoking: Cross G++ Linker
g++  -o "Bit Shifting"  ./src/Bit\ Shifting.o   
Finished building target: Bit Shifting
 
22:07:06 **** Incremental Build of configuration Debug for project Bit Shifting ****
make all 
Building file: ../src/Bit Shifting.cpp
Invoking: Cross G++ Compiler
g++ -O0 -g3 -Wall -c -fmessage-length=0 -MMD -MP -MF"src/Bit Shifting.d" -MT"src/Bit\ Shifting.d" -o "src/Bit Shifting.o" "../src/Bit Shifting.cpp"
Finished building: ../src/Bit Shifting.cpp
 
Building target: Bit Shifting
Invoking: Cross G++ Linker
g++  -o "Bit Shifting"  ./src/Bit\ Shifting.o   
Finished building target: Bit Shifting
 
22:08:05 **** Incremental Build of configuration Debug for project Bit Shifting ****
make all 
Building file: ../src/Bit Shifting.cpp
Invoking: Cross G++ Compiler
g++ -O0 -g3 -Wall -c -fmessage-length=0 -MMD -MP -MF"src/Bit Shifting.d" -MT"src/Bit\ Shifting.d" -o "src/Bit Shifting.o" "../src/Bit Shifting.cpp"
../src/Bit Shifting.cpp: In function ‘int main()’:
../src/Bit Shifting.cpp:23:11: error: ‘red’ was not declared in this scope
  color += red;
           ^
src/subdir.mk:18: recipe for target 'src/Bit Shifting.o' failed
make: *** [src/Bit Shifting.o] Error 1
22:09:06 **** Incremental Build of configuration Debug for project Bit Shifting ****
make all 
Building file: ../src/Bit Shifting.cpp
Invoking: Cross G++ Compiler
g++ -O0 -g3 -Wall -c -fmessage-length=0 -MMD -MP -MF"src/Bit Shifting.d" -MT"src/Bit\ Shifting.d" -o "src/Bit Shifting.o" "../src/Bit Shifting.cpp"
Finished building: ../src/Bit Shifting.cpp
 
Building target: Bit Shifting
Invoking: Cross G++ Linker
g++  -o "Bit Shifting"  ./src/Bit\ Shifting.o   
Finished building target: Bit Shifting
 
22:25:47 **** Incremental Build of configuration Debug for project SDL Test ****
make all 
Building file: ../src/SDL Test.cpp
Invoking: Cross G++ Compiler
g++ -O0 -g3 -Wall -c -fmessage-length=0 -MMD -MP -MF"src/SDL Test.d" -MT"src/SDL\ Test.d" -o "src/SDL Test.o" "../src/SDL Test.cpp"
Finished building: ../src/SDL Test.cpp
 
Building file: ../src/Screen.cpp
Invoking: Cross G++ Compiler
g++ -O0 -g3 -Wall -c -fmessage-length=0 -MMD -MP -MF"src/Screen.d" -MT"src/Screen.d" -o "src/Screen.o" "../src/Screen.cpp"
../src/Screen.cpp: In member function ‘void ht::Screen::setPixel(int, int, Uint8, Uint8, Uint8)’:
../src/Screen.cpp:67:11: warning: left shift count >= width of type [-Wshift-count-overflow]
  color << 0xFF;
           ^
../src/Screen.cpp:67:8: warning: statement has no effect [-Wunused-value]
  color << 0xFF;
        ^
Finished building: ../src/Screen.cpp
 
Building target: SDL Test
Invoking: Cross G++ Linker
g++  -o "SDL Test"  ./src/SDL\ Test.o ./src/Screen.o   -lSDL2
Finished building target: SDL Test
 
22:26:46 **** Incremental Build of configuration Debug for project SDL Test ****
make all 
Building file: ../src/SDL Test.cpp
Invoking: Cross G++ Compiler
g++ -O0 -g3 -Wall -c -fmessage-length=0 -MMD -MP -MF"src/SDL Test.d" -MT"src/SDL\ Test.d" -o "src/SDL Test.o" "../src/SDL Test.cpp"
Finished building: ../src/SDL Test.cpp
 
Building file: ../src/Screen.cpp
Invoking: Cross G++ Compiler
g++ -O0 -g3 -Wall -c -fmessage-length=0 -MMD -MP -MF"src/Screen.d" -MT"src/Screen.d" -o "src/Screen.o" "../src/Screen.cpp"
Finished building: ../src/Screen.cpp
 
Building target: SDL Test
Invoking: Cross G++ Linker
g++  -o "SDL Test"  ./src/SDL\ Test.o ./src/Screen.o   -lSDL2
Finished building target: SDL Test
 
22:30:22 **** Incremental Build of configuration Debug for project SDL Test ****
make all 
Building file: ../src/SDL Test.cpp
Invoking: Cross G++ Compiler
g++ -O0 -g3 -Wall -c -fmessage-length=0 -MMD -MP -MF"src/SDL Test.d" -MT"src/SDL\ Test.d" -o "src/SDL Test.o" "../src/SDL Test.cpp"
Finished building: ../src/SDL Test.cpp
 
Building target: SDL Test
Invoking: Cross G++ Linker
g++  -o "SDL Test"  ./src/SDL\ Test.o ./src/Screen.o   -lSDL2
Finished building target: SDL Test
 
22:30:26 **** Incremental Build of configuration Debug for project SDL Test ****
make all 
make: Nothing to be done for 'all'.
22:35:26 **** Incremental Build of configuration Debug for project SDL Test ****
make all 
Building file: ../src/SDL Test.cpp
Invoking: Cross G++ Compiler
g++ -O0 -g3 -Wall -c -fmessage-length=0 -MMD -MP -MF"src/SDL Test.d" -MT"src/SDL\ Test.d" -o "src/SDL Test.o" "../src/SDL Test.cpp"
Finished building: ../src/SDL Test.cpp
 
Building target: SDL Test
Invoking: Cross G++ Linker
g++  -o "SDL Test"  ./src/SDL\ Test.o ./src/Screen.o   -lSDL2
Finished building target: SDL Test
 
22:38:11 **** Incremental Build of configuration Debug for project SDL Test ****
make all 
Building file: ../src/SDL Test.cpp
Invoking: Cross G++ Compiler
g++ -O0 -g3 -Wall -c -fmessage-length=0 -MMD -MP -MF"src/SDL Test.d" -MT"src/SDL\ Test.d" -o "src/SDL Test.o" "../src/SDL Test.cpp"
Finished building: ../src/SDL Test.cpp
 
Building target: SDL Test
Invoking: Cross G++ Linker
g++  -o "SDL Test"  ./src/SDL\ Test.o ./src/Screen.o   -lSDL2
Finished building target: SDL Test
 
22:38:19 **** Incremental Build of configuration Debug for project SDL Test ****
make all 
make: Nothing to be done for 'all'.
22:40:31 **** Incremental Build of configuration Debug for project SDL Test ****
make all 
Building file: ../src/SDL Test.cpp
Invoking: Cross G++ Compiler
g++ -O0 -g3 -Wall -c -fmessage-length=0 -MMD -MP -MF"src/SDL Test.d" -MT"src/SDL\ Test.d" -o "src/SDL Test.o" "../src/SDL Test.cpp"
Finished building: ../src/SDL Test.cpp
 
Building target: SDL Test
Invoking: Cross G++ Linker
g++  -o "SDL Test"  ./src/SDL\ Test.o ./src/Screen.o   -lSDL2
Finished building target: SDL Test
 
22:41:42 **** Incremental Build of configuration Debug for project SDL Test ****
make all 
Building file: ../src/SDL Test.cpp
Invoking: Cross G++ Compiler
g++ -O0 -g3 -Wall -c -fmessage-length=0 -MMD -MP -MF"src/SDL Test.d" -MT"src/SDL\ Test.d" -o "src/SDL Test.o" "../src/SDL Test.cpp"
Finished building: ../src/SDL Test.cpp
 
Building target: SDL Test
Invoking: Cross G++ Linker
g++  -o "SDL Test"  ./src/SDL\ Test.o ./src/Screen.o   -lSDL2
Finished building target: SDL Test
 
22:42:27 **** Incremental Build of configuration Debug for project SDL Test ****
make all 
Building file: ../src/SDL Test.cpp
Invoking: Cross G++ Compiler
g++ -O0 -g3 -Wall -c -fmessage-length=0 -MMD -MP -MF"src/SDL Test.d" -MT"src/SDL\ Test.d" -o "src/SDL Test.o" "../src/SDL Test.cpp"
Finished building: ../src/SDL Test.cpp
 
Building target: SDL Test
Invoking: Cross G++ Linker
g++  -o "SDL Test"  ./src/SDL\ Test.o ./src/Screen.o   -lSDL2
Finished building target: SDL Test
 
22:43:17 **** Incremental Build of configuration Debug for project SDL Test ****
make all 
Building file: ../src/SDL Test.cpp
Invoking: Cross G++ Compiler
g++ -O0 -g3 -Wall -c -fmessage-length=0 -MMD -MP -MF"src/SDL Test.d" -MT"src/SDL\ Test.d" -o "src/SDL Test.o" "../src/SDL Test.cpp"
Finished building: ../src/SDL Test.cpp
 
Building target: SDL Test
Invoking: Cross G++ Linker
g++  -o "SDL Test"  ./src/SDL\ Test.o ./src/Screen.o   -lSDL2
Finished building target: SDL Test
 
22:43:24 **** Incremental Build of configuration Debug for project SDL Test ****
make all 
make: Nothing to be done for 'all'.
22:44:00 **** Incremental Build of configuration Debug for project SDL Test ****
make all 
Building file: ../src/SDL Test.cpp
Invoking: Cross G++ Compiler
g++ -O0 -g3 -Wall -c -fmessage-length=0 -MMD -MP -MF"src/SDL Test.d" -MT"src/SDL\ Test.d" -o "src/SDL Test.o" "../src/SDL Test.cpp"
Finished building: ../src/SDL Test.cpp
 
Building target: SDL Test
Invoking: Cross G++ Linker
g++  -o "SDL Test"  ./src/SDL\ Test.o ./src/Screen.o   -lSDL2
Finished building target: SDL Test
 
22:44:28 **** Incremental Build of configuration Debug for project SDL Test ****
make all 
Building file: ../src/SDL Test.cpp
Invoking: Cross G++ Compiler
g++ -O0 -g3 -Wall -c -fmessage-length=0 -MMD -MP -MF"src/SDL Test.d" -MT"src/SDL\ Test.d" -o "src/SDL Test.o" "../src/SDL Test.cpp"
Finished building: ../src/SDL Test.cpp
 
Building target: SDL Test
Invoking: Cross G++ Linker
g++  -o "SDL Test"  ./src/SDL\ Test.o ./src/Screen.o   -lSDL2
Finished building target: SDL Test
 
22:44:37 **** Incremental Build of configuration Debug for project SDL Test ****
make all 
Building file: ../src/SDL Test.cpp
Invoking: Cross G++ Compiler
g++ -O0 -g3 -Wall -c -fmessage-length=0 -MMD -MP -MF"src/SDL Test.d" -MT"src/SDL\ Test.d" -o "src/SDL Test.o" "../src/SDL Test.cpp"
Finished building: ../src/SDL Test.cpp
 
Building target: SDL Test
Invoking: Cross G++ Linker
g++  -o "SDL Test"  ./src/SDL\ Test.o ./src/Screen.o   -lSDL2
Finished building target: SDL Test
 
22:44:55 **** Incremental Build of configuration Debug for project SDL Test ****
make all 
Building file: ../src/SDL Test.cpp
Invoking: Cross G++ Compiler
g++ -O0 -g3 -Wall -c -fmessage-length=0 -MMD -MP -MF"src/SDL Test.d" -MT"src/SDL\ Test.d" -o "src/SDL Test.o" "../src/SDL Test.cpp"
Finished building: ../src/SDL Test.cpp
 
Building target: SDL Test
Invoking: Cross G++ Linker
g++  -o "SDL Test"  ./src/SDL\ Test.o ./src/Screen.o   -lSDL2
Finished building target: SDL Test
 
22:45:10 **** Incremental Build of configuration Debug for project SDL Test ****
make all 
Building file: ../src/SDL Test.cpp
Invoking: Cross G++ Compiler
g++ -O0 -g3 -Wall -c -fmessage-length=0 -MMD -MP -MF"src/SDL Test.d" -MT"src/SDL\ Test.d" -o "src/SDL Test.o" "../src/SDL Test.cpp"
Finished building: ../src/SDL Test.cpp
 
Building target: SDL Test
Invoking: Cross G++ Linker
g++  -o "SDL Test"  ./src/SDL\ Test.o ./src/Screen.o   -lSDL2
Finished building target: SDL Test
 
22:45:27 **** Incremental Build of configuration Debug for project SDL Test ****
make all 
Building file: ../src/SDL Test.cpp
Invoking: Cross G++ Compiler
g++ -O0 -g3 -Wall -c -fmessage-length=0 -MMD -MP -MF"src/SDL Test.d" -MT"src/SDL\ Test.d" -o "src/SDL Test.o" "../src/SDL Test.cpp"
Finished building: ../src/SDL Test.cpp
 
Building target: SDL Test
Invoking: Cross G++ Linker
g++  -o "SDL Test"  ./src/SDL\ Test.o ./src/Screen.o   -lSDL2
Finished building target: SDL Test
 
22:45:42 **** Incremental Build of configuration Debug for project SDL Test ****
make all 
Building file: ../src/SDL Test.cpp
Invoking: Cross G++ Compiler
g++ -O0 -g3 -Wall -c -fmessage-length=0 -MMD -MP -MF"src/SDL Test.d" -MT"src/SDL\ Test.d" -o "src/SDL Test.o" "../src/SDL Test.cpp"
Finished building: ../src/SDL Test.cpp
 
Building target: SDL Test
Invoking: Cross G++ Linker
g++  -o "SDL Test"  ./src/SDL\ Test.o ./src/Screen.o   -lSDL2
Finished building target: SDL Test
 
22:46:23 **** Incremental Build of configuration Debug for project SDL Test ****
make all 
Building file: ../src/SDL Test.cpp
Invoking: Cross G++ Compiler
g++ -O0 -g3 -Wall -c -fmessage-length=0 -MMD -MP -MF"src/SDL Test.d" -MT"src/SDL\ Test.d" -o "src/SDL Test.o" "../src/SDL Test.cpp"
Finished building: ../src/SDL Test.cpp
 
Building target: SDL Test
Invoking: Cross G++ Linker
g++  -o "SDL Test"  ./src/SDL\ Test.o ./src/Screen.o   -lSDL2
Finished building target: SDL Test
 
22:47:55 **** Incremental Build of configuration Debug for project SDL Test ****
make all 
Building file: ../src/SDL Test.cpp
Invoking: Cross G++ Compiler
g++ -O0 -g3 -Wall -c -fmessage-length=0 -MMD -MP -MF"src/SDL Test.d" -MT"src/SDL\ Test.d" -o "src/SDL Test.o" "../src/SDL Test.cpp"
Finished building: ../src/SDL Test.cpp
 
Building target: SDL Test
Invoking: Cross G++ Linker
g++  -o "SDL Test"  ./src/SDL\ Test.o ./src/Screen.o   -lSDL2
Finished building target: SDL Test
 
22:49:04 **** Incremental Build of configuration Debug for project SDL Test ****
make all 
Building file: ../src/SDL Test.cpp
Invoking: Cross G++ Compiler
g++ -O0 -g3 -Wall -c -fmessage-length=0 -MMD -MP -MF"src/SDL Test.d" -MT"src/SDL\ Test.d" -o "src/SDL Test.o" "../src/SDL Test.cpp"
Finished building: ../src/SDL Test.cpp
 
Building target: SDL Test
Invoking: Cross G++ Linker
g++  -o "SDL Test"  ./src/SDL\ Test.o ./src/Screen.o   -lSDL2
Finished building target: SDL Test
 
23:10:35 **** Incremental Build of configuration Debug for project SDL Test ****
make all 
Building file: ../src/Particle.cpp
Invoking: Cross G++ Compiler
g++ -O0 -g3 -Wall -c -fmessage-length=0 -MMD -MP -MF"src/Particle.d" -MT"src/Particle.d" -o "src/Particle.o" "../src/Particle.cpp"
Finished building: ../src/Particle.cpp
 
Building file: ../src/SDL Test.cpp
Invoking: Cross G++ Compiler
g++ -O0 -g3 -Wall -c -fmessage-length=0 -MMD -MP -MF"src/SDL Test.d" -MT"src/SDL\ Test.d" -o "src/SDL Test.o" "../src/SDL Test.cpp"
Finished building: ../src/SDL Test.cpp
 
Building file: ../src/Swarm.cpp
Invoking: Cross G++ Compiler
g++ -O0 -g3 -Wall -c -fmessage-length=0 -MMD -MP -MF"src/Swarm.d" -MT"src/Swarm.d" -o "src/Swarm.o" "../src/Swarm.cpp"
../src/Swarm.cpp: In constructor ‘ht::Swarm::Swarm()’:
../src/Swarm.cpp:13:2: error: ‘m_pParticle’ was not declared in this scope
  m_pParticle = new Particle[NPARTICLES];
  ^
../src/Swarm.cpp: In destructor ‘virtual ht::Swarm::~Swarm()’:
../src/Swarm.cpp:17:12: error: ‘m_pParticle’ was not declared in this scope
  delete [] m_pParticle;
            ^
src/subdir.mk:27: recipe for target 'src/Swarm.o' failed
make: *** [src/Swarm.o] Error 1
23:11:18 **** Incremental Build of configuration Debug for project SDL Test ****
make all 
Building file: ../src/Swarm.cpp
Invoking: Cross G++ Compiler
g++ -O0 -g3 -Wall -c -fmessage-length=0 -MMD -MP -MF"src/Swarm.d" -MT"src/Swarm.d" -o "src/Swarm.o" "../src/Swarm.cpp"
Finished building: ../src/Swarm.cpp
 
Building target: SDL Test
Invoking: Cross G++ Linker
g++  -o "SDL Test"  ./src/Particle.o ./src/SDL\ Test.o ./src/Screen.o ./src/Swarm.o   -lSDL2
Finished building target: SDL Test
 
23:21:15 **** Incremental Build of configuration Debug for project SDL Test ****
make all 
Building file: ../src/SDL Test.cpp
Invoking: Cross G++ Compiler
g++ -O0 -g3 -Wall -c -fmessage-length=0 -MMD -MP -MF"src/SDL Test.d" -MT"src/SDL\ Test.d" -o "src/SDL Test.o" "../src/SDL Test.cpp"
Finished building: ../src/SDL Test.cpp
 
Building file: ../src/Screen.cpp
Invoking: Cross G++ Compiler
g++ -O0 -g3 -Wall -c -fmessage-length=0 -MMD -MP -MF"src/Screen.d" -MT"src/Screen.d" -o "src/Screen.o" "../src/Screen.cpp"
Finished building: ../src/Screen.cpp
 
Building target: SDL Test
Invoking: Cross G++ Linker
g++  -o "SDL Test"  ./src/Particle.o ./src/SDL\ Test.o ./src/Screen.o ./src/Swarm.o   -lSDL2
Finished building target: SDL Test
 
23:22:35 **** Incremental Build of configuration Debug for project SDL Test ****
make all 
make: Nothing to be done for 'all'.
23:23:10 **** Incremental Build of configuration Debug for project SDL Test ****
make all 
Building file: ../src/Screen.cpp
Invoking: Cross G++ Compiler
g++ -O0 -g3 -Wall -c -fmessage-length=0 -MMD -MP -MF"src/Screen.d" -MT"src/Screen.d" -o "src/Screen.o" "../src/Screen.cpp"
Finished building: ../src/Screen.cpp
 
Building target: SDL Test
Invoking: Cross G++ Linker
g++  -o "SDL Test"  ./src/Particle.o ./src/SDL\ Test.o ./src/Screen.o ./src/Swarm.o   -lSDL2
Finished building target: SDL Test
 
23:23:28 **** Incremental Build of configuration Debug for project SDL Test ****
make all 
Building file: ../src/SDL Test.cpp
Invoking: Cross G++ Compiler
g++ -O0 -g3 -Wall -c -fmessage-length=0 -MMD -MP -MF"src/SDL Test.d" -MT"src/SDL\ Test.d" -o "src/SDL Test.o" "../src/SDL Test.cpp"
Finished building: ../src/SDL Test.cpp
 
Building target: SDL Test
Invoking: Cross G++ Linker
g++  -o "SDL Test"  ./src/Particle.o ./src/SDL\ Test.o ./src/Screen.o ./src/Swarm.o   -lSDL2
Finished building target: SDL Test
 
23:23:57 **** Incremental Build of configuration Debug for project SDL Test ****
make all 
Building file: ../src/SDL Test.cpp
Invoking: Cross G++ Compiler
g++ -O0 -g3 -Wall -c -fmessage-length=0 -MMD -MP -MF"src/SDL Test.d" -MT"src/SDL\ Test.d" -o "src/SDL Test.o" "../src/SDL Test.cpp"
Finished building: ../src/SDL Test.cpp
 
Building target: SDL Test
Invoking: Cross G++ Linker
g++  -o "SDL Test"  ./src/Particle.o ./src/SDL\ Test.o ./src/Screen.o ./src/Swarm.o   -lSDL2
Finished building target: SDL Test
 
23:24:17 **** Incremental Build of configuration Debug for project SDL Test ****
make all 
Building file: ../src/SDL Test.cpp
Invoking: Cross G++ Compiler
g++ -O0 -g3 -Wall -c -fmessage-length=0 -MMD -MP -MF"src/SDL Test.d" -MT"src/SDL\ Test.d" -o "src/SDL Test.o" "../src/SDL Test.cpp"
Finished building: ../src/SDL Test.cpp
 
Building target: SDL Test
Invoking: Cross G++ Linker
g++  -o "SDL Test"  ./src/Particle.o ./src/SDL\ Test.o ./src/Screen.o ./src/Swarm.o   -lSDL2
Finished building target: SDL Test
 
23:24:33 **** Incremental Build of configuration Debug for project SDL Test ****
make all 
Building file: ../src/SDL Test.cpp
Invoking: Cross G++ Compiler
g++ -O0 -g3 -Wall -c -fmessage-length=0 -MMD -MP -MF"src/SDL Test.d" -MT"src/SDL\ Test.d" -o "src/SDL Test.o" "../src/SDL Test.cpp"
Finished building: ../src/SDL Test.cpp
 
Building target: SDL Test
Invoking: Cross G++ Linker
g++  -o "SDL Test"  ./src/Particle.o ./src/SDL\ Test.o ./src/Screen.o ./src/Swarm.o   -lSDL2
Finished building target: SDL Test
 
23:24:54 **** Incremental Build of configuration Debug for project SDL Test ****
make all 
Building file: ../src/SDL Test.cpp
Invoking: Cross G++ Compiler
g++ -O0 -g3 -Wall -c -fmessage-length=0 -MMD -MP -MF"src/SDL Test.d" -MT"src/SDL\ Test.d" -o "src/SDL Test.o" "../src/SDL Test.cpp"
Finished building: ../src/SDL Test.cpp
 
Building target: SDL Test
Invoking: Cross G++ Linker
g++  -o "SDL Test"  ./src/Particle.o ./src/SDL\ Test.o ./src/Screen.o ./src/Swarm.o   -lSDL2
Finished building target: SDL Test
 
23:24:58 **** Incremental Build of configuration Debug for project SDL Test ****
make all 
make: Nothing to be done for 'all'.
23:25:10 **** Incremental Build of configuration Debug for project SDL Test ****
make all 
Building file: ../src/SDL Test.cpp
Invoking: Cross G++ Compiler
g++ -O0 -g3 -Wall -c -fmessage-length=0 -MMD -MP -MF"src/SDL Test.d" -MT"src/SDL\ Test.d" -o "src/SDL Test.o" "../src/SDL Test.cpp"
Finished building: ../src/SDL Test.cpp
 
Building target: SDL Test
Invoking: Cross G++ Linker
g++  -o "SDL Test"  ./src/Particle.o ./src/SDL\ Test.o ./src/Screen.o ./src/Swarm.o   -lSDL2
Finished building target: SDL Test
 
